[ 2018-03-18T09:36:42+08:00 ] 127.0.0.1 /favicon.ico
INFO: [ app_init ] --START--
INFO: Run Behavior\BuildLiteBehavior [ RunTime:0.000024s ]
INFO: [ app_init ] --END-- [ RunTime:0.000484s ]
ERR: æ— æ³•åŠ è½½æ¨¡å—:Favicon

[ 2018-03-18T09:37:54+08:00 ] 127.0.0.1 /Public/umeditor1_2_2-utf8-php/themes/default/css/umeditor.css
INFO: [ app_init ] --START--
INFO: Run Behavior\BuildLiteBehavior [ RunTime:0.000048s ]
INFO: [ app_init ] --END-- [ RunTime:0.000833s ]
ERR: æ— æ³•åŠ è½½æ¨¡å—:Public

[ 2018-03-18T09:37:54+08:00 ] 127.0.0.1 /Public/umeditor1_2_2-utf8-php/umeditor.min.js
INFO: [ app_init ] --START--
INFO: Run Behavior\BuildLiteBehavior [ RunTime:0.000036s ]
INFO: [ app_init ] --END-- [ RunTime:0.000791s ]
ERR: æ— æ³•åŠ è½½æ¨¡å—:Public

Public

[ 2018-03-18T09:37:54+08:00 ] 127.0.0.1 /Public/umeditor1_2_2-utf8-php/umeditor.config.js
INFO: [ app_init ] --START--
INFO: Run Behavior\BuildLiteBehavior [ RunTime:0.000053s ]
INFO: [ app_init ] --END-- [ RunTime:0.000864s ]
ERR: æ— æ³•åŠ è½½æ¨¡å—:Public

[ 2018-03-18T09:37:54+08:00 ] 127.0.0.1 /Public/datetimepicker/jquery-ui-1.9.2.custom.min.css
INFO: [ app_init ] --START--
INFO: Run Behavior\BuildLiteBehavior [ RunTime:0.000043s ]
INFO: [ app_init ] --END-- [ RunTime:0.000867s ]
ERR: æ— æ³•åŠ è½½æ¨¡å—:Public

[ 2018-03-18T09:37:54+08:00 ] 127.0.0.1 /Public/umeditor1_2_2-utf8-php/lang/zh-cn/zh-cn.js
INFO: [ app_init ] --START--
INFO: Run Behavior\BuildLiteBehavior [ RunTime:0.000054s ]
INFO: [ app_init ] --END-- [ RunTime:0.000914s ]
ERR: æ— æ³•åŠ è½½æ¨¡å—:Public

[ 2018-03-18T09:37:55+08:00 ] 127.0.0.1 /Public/datetimepicker/time/jquery-ui-timepicker-addon.min.css
INFO: [ app_init ] --START--
INFO: Run Behavior\BuildLiteBehavior [ RunTime:0.000039s ]
INFO: [ app_init ] --END-- [ RunTime:0.000779s ]
ERR: æ— æ³•åŠ è½½æ¨¡å—:Public

[ 2018-03-18T09:37:55+08:00 ] 127.0.0.1 /Public/datetimepicker/jquery-ui-1.9.2.custom.min.js
INFO: [ app_init ] --START--
INFO: Run Behavior\BuildLiteBehavior [ RunTime:0.000048s ]
INFO: [ app_init ] --END-- [ RunTime:0.000907s ]
ERR: æ— æ³•åŠ è½½æ¨¡å—:Public

[ 2018-03-18T09:37:55+08:00 ] 127.0.0.1 /Public/datetimepicker/datepicker-zh_cn.js
INFO: [ app_init ] --START--
INFO: Run Behavior\BuildLiteBehavior [ RunTime:0.000037s ]
INFO: [ app_init ] --END-- [ RunTime:0.000807s ]
ERR: æ— æ³•åŠ è½½æ¨¡å—:Public

[ 2018-03-18T09:37:55+08:00 ] 127.0.0.1 /Public/datetimepicker/time/i18n/jquery-ui-timepicker-addon-i18n.min.js
INFO: [ app_init ] --START--
INFO: Run Behavior\BuildLiteBehavior [ RunTime:0.000041s ]
INFO: [ app_init ] --END-- [ RunTime:0.000705s ]
ERR: æ— æ³•åŠ è½½æ¨¡å—:Public

[ 2018-03-18T09:37:55+08:00 ] 127.0.0.1 /Public/datetimepicker/time/jquery-ui-timepicker-addon.min.js
INFO: [ app_init ] --START--
INFO: Run Behavior\BuildLiteBehavior [ RunTime:0.000042s ]
INFO: [ app_init ] --END-- [ RunTime:0.000885s ]
ERR: æ— æ³•åŠ è½½æ¨¡å—:Public

[ 2018-03-18T09:37:55+08:00 ] 127.0.0.1 /Public/umeditor1_2_2-utf8-php/umeditor.min.js
INFO: [ app_init ] --START--
INFO: Run Behavior\BuildLiteBehavior [ RunTime:0.000043s ]
INFO: [ app_init ] --END-- [ RunTime:0.000858s ]
ERR: æ— æ³•åŠ è½½æ¨¡å—:Public

[ 2018-03-18T09:37:55+08:00 ] 127.0.0.1 /Public/umeditor1_2_2-utf8-php/lang/zh-cn/zh-cn.js
INFO: [ app_init ] --START--
INFO: Run Behavior\BuildLiteBehavior [ RunTime:0.000024s ]
INFO: [ app_init ] --END-- [ RunTime:0.000514s ]
ERR: æ— æ³•åŠ è½½æ¨¡å—:Public

[ 2018-03-18T09:37:55+08:00 ] 127.0.0.1 /Public/datetimepicker/jquery-ui-1.9.2.custom.min.js
INFO: [ app_init ] --START--
INFO: Run Behavior\BuildLiteBehavior [ RunTime:0.000035s ]
INFO: [ app_init ] --END-- [ RunTime:0.000546s ]
ERR: æ— æ³•åŠ è½½æ¨¡å—:Public

[ 2018-03-18T09:37:55+08:00 ] 127.0.0.1 /Public/datetimepicker/jquery-ui-1.9.2.custom.min.css
INFO: [ app_init ] --START--
INFO: Run Behavior\BuildLiteBehavior [ RunTime:0.000054s ]
INFO: [ app_init ] --END-- [ RunTime:0.001207s ]
ERR: æ— æ³•åŠ è½½æ¨¡å—:Public

[ 2018-03-18T09:37:55+08:00 ] 127.0.0.1 /Public/datetimepicker/datepicker-zh_cn.js
INFO: [ app_init ] --START--
INFO: Run Behavior\BuildLiteBehavior [ RunTime:0.000026s ]
INFO: [ app_init ] --END-- [ RunTime:0.000856s ]
ERR: æ— æ³•åŠ è½½æ¨¡å—:Public

[ 2018-03-18T09:37:55+08:00 ] 127.0.0.1 /Public/datetimepicker/time/jquery-ui-timepicker-addon.min.js
INFO: [ app_init ] --START--
INFO: Run Behavior\BuildLiteBehavior [ RunTime:0.000023s ]
INFO: [ app_init ] --END-- [ RunTime:0.000516s ]
ERR: æ— æ³•åŠ è½½æ¨¡å—:Public

[ 2018-03-18T09:37:55+08:00 ] 127.0.0.1 /Public/datetimepicker/time/jquery-ui-timepicker-addon.min.css
INFO: [ app_init ] --START--
INFO: Run Behavior\BuildLiteBehavior [ RunTime:0.000023s ]
INFO: [ app_init ] --END-- [ RunTime:0.000559s ]
ERR: æ— æ³•åŠ è½½æ¨¡å—:Public

[ 2018-03-18T09:37:55+08:00 ] 127.0.0.1 /Public/datetimepicker/time/i18n/jquery-ui-timepicker-addon-i18n.min.js
INFO: [ app_init ] --START--
INFO: Run Behavior\BuildLiteBehavior [ RunTime:0.000022s ]
INFO: [ app_init ] --END-- [ RunTime:0.000485s ]
ERR: æ— æ³•åŠ è½½æ¨¡å—:Public

[ 2018-03-18T09:39:22+08:00 ] 127.0.0.1 /Public/umeditor1_2_2-utf8-php/third-party/jquery.min.js
INFO: [ app_init ] --START--
INFO: Run Behavior\BuildLiteBehavior [ RunTime:0.000041s ]
INFO: [ app_init ] --END-- [ RunTime:0.000693s ]
ERR: æ— æ³•åŠ è½½æ¨¡å—:Public

[ 2018-03-18T09:39:22+08:00 ] 127.0.0.1 /Public/umeditor1_2_2-utf8-php/themes/default/css/umeditor.css
INFO: [ app_init ] --START--
INFO: Run Behavior\BuildLiteBehavior [ RunTime:0.000046s ]
INFO: [ app_init ] --END-- [ RunTime:0.000759s ]
ERR: æ— æ³•åŠ è½½æ¨¡å—:Public

[ 2018-03-18T09:39:22+08:00 ] 127.0.0.1 /Public/umeditor1_2_2-utf8-php/umeditor.config.js
INFO: [ app_init ] --START--
INFO: Run Behavior\BuildLiteBehavior [ RunTime:0.000031s ]
INFO: [ app_init ] --END-- [ RunTime:0.000707s ]
ERR: æ— æ³•åŠ è½½æ¨¡å—:Public

[ 2018-03-18T09:39:22+08:00 ] 127.0.0.1 /Public/umeditor1_2_2-utf8-php/umeditor.min.js
INFO: [ app_init ] --START--
INFO: Run Behavior\BuildLiteBehavior [ RunTime:0.000035s ]
INFO: [ app_init ] --END-- [ RunTime:0.000755s ]
ERR: æ— æ³•åŠ è½½æ¨¡å—:Public

[ 2018-03-18T09:39:22+08:00 ] 127.0.0.1 /Public/datetimepicker/datepicker-zh_cn.js
INFO: [ app_init ] --START--
INFO: Run Behavior\BuildLiteBehavior [ RunTime:0.000036s ]
INFO: [ app_init ] --END-- [ RunTime:0.000836s ]
ERR: æ— æ³•åŠ è½½æ¨¡å—:Public

[ 2018-03-18T09:39:22+08:00 ] 127.0.0.1 /Public/umeditor1_2_2-utf8-php/lang/zh-cn/zh-cn.js
INFO: [ app_init ] --START--
INFO: Run Behavior\BuildLiteBehavior [ RunTime:0.000048s ]
INFO: [ app_init ] --END-- [ RunTime:0.001046s ]
ERR: æ— æ³•åŠ è½½æ¨¡å—:Public

[ 2018-03-18T09:39:22+08:00 ] 127.0.0.1 /Public/datetimepicker/time/jquery-ui-timepicker-addon.min.css
INFO: [ app_init ] --START--
INFO: Run Behavior\BuildLiteBehavior [ RunTime:0.000029s ]
INFO: [ app_init ] --END-- [ RunTime:0.000560s ]
ERR: æ— æ³•åŠ è½½æ¨¡å—:Public

[ 2018-03-18T09:39:22+08:00 ] 127.0.0.1 /Public/datetimepicker/jquery-ui-1.9.2.custom.min.css
INFO: [ app_init ] --START--
INFO: Run Behavior\BuildLiteBehavior [ RunTime:0.000042s ]
INFO: [ app_init ] --END-- [ RunTime:0.000786s ]
ERR: æ— æ³•åŠ è½½æ¨¡å—:Public

[ 2018-03-18T09:39:22+08:00 ] 127.0.0.1 /Public/datetimepicker/jquery-ui-1.9.2.custom.min.js
INFO: [ app_init ] --START--
INFO: Run Behavior\BuildLiteBehavior [ RunTime:0.000032s ]
INFO: [ app_init ] --END-- [ RunTime:0.000737s ]
ERR: æ— æ³•åŠ è½½æ¨¡å—:Public

[ 2018-03-18T09:39:22+08:00 ] 127.0.0.1 /Public/datetimepicker/time/jquery-ui-timepicker-addon.min.js
INFO: [ app_init ] --START--
INFO: Run Behavior\BuildLiteBehavior [ RunTime:0.000042s ]
INFO: [ app_init ] --END-- [ RunTime:0.000764s ]
ERR: æ— æ³•åŠ è½½æ¨¡å—:Public

[ 2018-03-18T09:39:22+08:00 ] 127.0.0.1 /Public/datetimepicker/time/i18n/jquery-ui-timepicker-addon-i18n.min.js
INFO: [ app_init ] --START--
INFO: Run Behavior\BuildLiteBehavior [ RunTime:0.000043s ]
INFO: [ app_init ] --END-- [ RunTime:0.000793s ]
ERR: æ— æ³•åŠ è½½æ¨¡å—:Public

[ 2018-03-18T09:39:22+08:00 ] 127.0.0.1 /Public/datetimepicker/datepicker-zh_cn.js
INFO: [ app_init ] --START--
INFO: Run Behavior\BuildLiteBehavior [ RunTime:0.000023s ]
INFO: [ app_init ] --END-- [ RunTime:0.000492s ]
ERR: æ— æ³•åŠ è½½æ¨¡å—:Public

[ 2018-03-18T09:39:22+08:00 ] 127.0.0.1 /Public/datetimepicker/time/jquery-ui-timepicker-addon.min.js
INFO: [ app_init ] --START--
INFO: Run Behavior\BuildLiteBehavior [ RunTime:0.000024s ]
INFO: [ app_init ] --END-- [ RunTime:0.000549s ]
ERR: æ— æ³•åŠ è½½æ¨¡å—:Public


[ 2018-03-18T09:39:22+08:00 ] 127.0.0.1 /Public/datetimepicker/time/i18n/jquery-ui-timepicker-addon-i18n.min.js
INFO: [ app_init ] --START--
INFO: Run Behavior\BuildLiteBehavior [ RunTime:0.000030s ]
INFO: [ app_init ] --END-- [ RunTime:0.000626s ]
ERR: æ— æ³•åŠ è½½æ¨¡å—:Public

[ 2018-03-18T09:41:12+08:00 ] 127.0.0.1 /Public/umeditor1_2_2-utf8-php/themes/default/css/umeditor.css
INFO: [ app_init ] --START--
INFO: Run Behavior\BuildLiteBehavior [ RunTime:0.000044s ]
INFO: [ app_init ] --END-- [ RunTime:0.000967s ]
ERR: æ— æ³•åŠ è½½æ¨¡å—:Public

[ 2018-03-18T09:41:12+08:00 ] 127.0.0.1 /Public/umeditor1_2_2-utf8-php/third-party/jquery.min.js
INFO: [ app_init ] --START--
INFO: Run Behavior\BuildLiteBehavior [ RunTime:0.000041s ]
INFO: [ app_init ] --END-- [ RunTime:0.000915s ]
ERR: æ— æ³•åŠ è½½æ¨¡å—:Public

[ 2018-03-18T09:41:12+08:00 ] 127.0.0.1 /Public/datetimepicker/jquery-ui-1.9.2.custom.min.css
INFO: [ app_init ] --START--
INFO: Run Behavior\BuildLiteBehavior [ RunTime:0.000050s ]
INFO: [ app_init ] --END-- [ RunTime:0.000756s ]
ERR: æ— æ³•åŠ è½½æ¨¡å—:Public

[ 2018-03-18T09:41:12+08:00 ] 127.0.0.1 /Public/datetimepicker/jquery-ui-1.9.2.custom.min.js
INFO: [ app_init ] --START--
INFO: Run Behavior\BuildLiteBehavior [ RunTime:0.000035s ]
INFO: [ app_init ] --END-- [ RunTime:0.000706s ]
ERR: æ— æ³•åŠ è½½æ¨¡å—:Public

[ 2018-03-18T09:41:12+08:00 ] 127.0.0.1 /Public/umeditor1_2_2-utf8-php/umeditor.min.js
INFO: [ app_init ] --START--
INFO: Run Behavior\BuildLiteBehavior [ RunTime:0.000053s ]
INFO: [ app_init ] --END-- [ RunTime:0.000918s ]
ERR: æ— æ³•åŠ è½½æ¨¡å—:Public

[ 2018-03-18T09:41:12+08:00 ] 127.0.0.1 /Public/umeditor1_2_2-utf8-php/umeditor.config.js
INFO: [ app_init ] --START--
INFO: Run Behavior\BuildLiteBehavior [ RunTime:0.000040s ]
INFO: [ app_init ] --END-- [ RunTime:0.000945s ]
ERR: æ— æ³•åŠ è½½æ¨¡å—:Public

[ 2018-03-18T09:41:12+08:00 ] 127.0.0.1 /Public/datetimepicker/time/jquery-ui-timepicker-addon.min.css
INFO: [ app_init ] --START--
INFO: Run Behavior\BuildLiteBehavior [ RunTime:0.000044s ]
INFO: [ app_init ] --END-- [ RunTime:0.000955s ]
ERR: æ— æ³•åŠ è½½æ¨¡å—:Public

[ 2018-03-18T09:41:12+08:00 ] 127.0.0.1 /Public/datetimepicker/datepicker-zh_cn.js
INFO: [ app_init ] --START--
INFO: Run Behavior\BuildLiteBehavior [ RunTime:0.000038s ]
INFO: [ app_init ] --END-- [ RunTime:0.000758s ]
ERR: æ— æ³•åŠ è½½æ¨¡å—:Public

[ 2018-03-18T09:41:12+08:00 ] 127.0.0.1 /Public/umeditor1_2_2-utf8-php/lang/zh-cn/zh-cn.js
INFO: [ app_init ] --START--
INFO: Run Behavior\BuildLiteBehavior [ RunTime:0.000057s ]
INFO: [ app_init ] --END-- [ RunTime:0.000813s ]
ERR: æ— æ³•åŠ è½½æ¨¡å—:Public

:Public

[ 2018-03-18T09:41:12+08:00 ] 127.0.0.1 /Public/umeditor1_2_2-utf8-php/umeditor.min.js
INFO: [ app_init ] --START--
INFO: Run Behavior\BuildLiteBehavior [ RunTime:0.000044s ]
INFO: [ app_init ] --END-- [ RunTime:0.000848s ]
ERR: æ— æ³•åŠ è½½æ¨¡å—:Public

[ 2018-03-18T09:41:12+08:00 ] 127.0.0.1 /Public/datetimepicker/time/i18n/jquery-ui-timepicker-addon-i18n.min.js
INFO: [ app_init ] --START--
INFO: Run Behavior\BuildLiteBehavior [ RunTime:0.000039s ]
INFO: [ app_init ] --END-- [ RunTime:0.000784s ]
ERR: æ— æ³•åŠ è½½æ¨¡å—:Public

[ 2018-03-18T09:41:12+08:00 ] 127.0.0.1 /Public/umeditor1_2_2-utf8-php/lang/zh-cn/zh-cn.js
INFO: [ app_init ] --START--
INFO: Run Behavior\BuildLiteBehavior [ RunTime:0.000024s ]
INFO: [ app_init ] --END-- [ RunTime:0.000518s ]
ERR: æ— æ³•åŠ è½½æ¨¡å—:Public

[ 2018-03-18T09:41:12+08:00 ] 127.0.0.1 /Public/datetimepicker/jquery-ui-1.9.2.custom.min.js
INFO: [ app_init ] --START--
INFO: Run Behavior\BuildLiteBehavior [ RunTime:0.000024s ]
INFO: [ app_init ] --END-- [ RunTime:0.000517s ]
ERR: æ— æ³•åŠ è½½æ¨¡å—:Public

[ 2018-03-18T09:41:12+08:00 ] 127.0.0.1 /Public/datetimepicker/jquery-ui-1.9.2.custom.min.css
INFO: [ app_init ] --START--
INFO: Run Behavior\BuildLiteBehavior [ RunTime:0.000026s ]
INFO: [ app_init ] --END-- [ RunTime:0.000553s ]
ERR: æ— æ³•åŠ è½½æ¨¡å—:Public

[ 2018-03-18T09:41:12+08:00 ] 127.0.0.1 /Public/datetimepicker/datepicker-zh_cn.js
INFO: [ app_init ] --START--
INFO: Run Behavior\BuildLiteBehavior [ RunTime:0.000025s ]
INFO: [ app_init ] --END-- [ RunTime:0.000531s ]
ERR: æ— æ³•åŠ è½½æ¨¡å—:Public

[ 2018-03-18T09:41:12+08:00 ] 127.0.0.1 /Public/datetimepicker/time/jquery-ui-timepicker-addon.min.css
INFO: [ app_init ] --START--
INFO: Run Behavior\BuildLiteBehavior [ RunTime:0.000023s ]
INFO: [ app_init ] --END-- [ RunTime:0.000544s ]
ERR: æ— æ³•åŠ è½½æ¨¡å—:Public

[ 2018-03-18T09:41:12+08:00 ] 127.0.0.1 /Public/datetimepicker/time/i18n/jquery-ui-timepicker-addon-i18n.min.js
INFO: [ app_init ] --START--
INFO: Run Behavior\BuildLiteBehavior [ RunTime:0.000023s ]
INFO: [ app_init ] --END-- [ RunTime:0.000491s ]
ERR: æ— æ³•åŠ è½½æ¨¡å—:Public

[ 2018-03-18T09:41:36+08:00 ] 127.0.0.1 /Public/datetimepicker/jquery-ui-1.9.2.custom.min.css
INFO: [ app_init ] --START--
INFO: Run Behavior\BuildLiteBehavior [ RunTime:0.000059s ]
INFO: [ app_init ] --END-- [ RunTime:0.000903s ]
ERR: æ— æ³•åŠ è½½æ¨¡å—:Public

[ 2018-03-18T09:41:36+08:00 ] 127.0.0.1 /Public/umeditor1_2_2-utf8-php/themes/default/css/umeditor.css
INFO: [ app_init ] --START--
INFO: Run Behavior\BuildLiteBehavior [ RunTime:0.000042s ]
INFO: [ app_init ] --END-- [ RunTime:0.000794s ]
ERR: æ— æ³•åŠ è½½æ¨¡å—:Public

[ 2018-03-18T09:41:36+08:00 ] 127.0.0.1 /Public/umeditor1_2_2-utf8-php/third-party/jquery.min.js
INFO: [ app_init ] --START--
INFO: Run Behavior\BuildLiteBehavior [ RunTime:0.000035s ]
INFO: [ app_init ] --END-- [ RunTime:0.000780s ]
ERR: æ— æ³•åŠ è½½æ¨¡å—:Public

[ 2018-03-18T09:41:36+08:00 ] 127.0.0.1 /Public/umeditor1_2_2-utf8-php/lang/zh-cn/zh-cn.js
INFO: [ app_init ] --START--
INFO: Run Behavior\BuildLiteBehavior [ RunTime:0.000041s ]
INFO: [ app_init ] --END-- [ RunTime:0.000751s ]
ERR: æ— æ³•åŠ è½½æ¨¡å—:Public

[ 2018-03-18T09:41:36+08:00 ] 127.0.0.1 /Public/umeditor1_2_2-utf8-php/umeditor.config.js
INFO: [ app_init ] --START--
INFO: Run Behavior\BuildLiteBehavior [ RunTime:0.000053s ]
INFO: [ app_init ] --END-- [ RunTime:0.000871s ]
ERR: æ— æ³•åŠ è½½æ¨¡å—:Public

[ 2018-03-18T09:41:36+08:00 ] 127.0.0.1 /Public/umeditor1_2_2-utf8-php/umeditor.min.js
INFO: [ app_init ] --START--
INFO: Run Behavior\BuildLiteBehavior [ RunTime:0.000032s ]
INFO: [ app_init ] --END-- [ RunTime:0.000520s ]
ERR: æ— æ³•åŠ è½½æ¨¡å—:Public

[ 2018-03-18T09:41:36+08:00 ] 127.0.0.1 /Public/datetimepicker/datepicker-zh_cn.js
INFO: [ app_init ] --START--
INFO: Run Behavior\BuildLiteBehavior [ RunTime:0.000044s ]
INFO: [ app_init ] --END-- [ RunTime:0.001009s ]
ERR: æ— æ³•åŠ è½½æ¨¡å—:Public

[ 2018-03-18T09:41:36+08:00 ] 127.0.0.1 /Public/datetimepicker/time/jquery-ui-timepicker-addon.min.css
INFO: [ app_init ] --START--
INFO: Run Behavior\BuildLiteBehavior [ RunTime:0.000050s ]
INFO: [ app_init ] --END-- [ RunTime:0.001026s ]
ERR: æ— æ³•åŠ è½½æ¨¡å—:Public

[ 2018-03-18T09:41:36+08:00 ] 127.0.0.1 /Public/datetimepicker/time/i18n/jquery-ui-timepicker-addon-i18n.min.js
INFO: [ app_init ] --START--
INFO: Run Behavior\BuildLiteBehavior [ RunTime:0.000028s ]
INFO: [ app_init ] --END-- [ RunTime:0.000690s ]
ERR: æ— æ³•åŠ è½½æ¨¡å—:Public

[ 2018-03-18T09:41:36+08:00 ] 127.0.0.1 /Public/datetimepicker/jquery-ui-1.9.2.custom.min.js
INFO: [ app_init ] --START--
INFO: Run Behavior\BuildLiteBehavior [ RunTime:0.000052s ]
INFO: [ app_init ] --END-- [ RunTime:0.000821s ]
ERR: æ— æ³•åŠ è½½æ¨¡å—:Public

[ 2018-03-18T09:41:36+08:00 ] 127.0.0.1 /Public/datetimepicker/time/jquery-ui-timepicker-addon.min.js
INFO: [ app_init ] --START--
INFO: Run Behavior\BuildLiteBehavior [ RunTime:0.000041s ]
INFO: [ app_init ] --END-- [ RunTime:0.000809s ]
ERR: æ— æ³•åŠ è½½æ¨¡å—:Public

[ 2018-03-18T09:41:36+08:00 ] 127.0.0.1 /Public/umeditor1_2_2-utf8-php/lang/zh-cn/zh-cn.js
INFO: [ app_init ] --START--
INFO: Run Behavior\BuildLiteBehavior [ RunTime:0.000041s ]
INFO: [ app_init ] --END-- [ RunTime:0.000767s ]
ERR: æ— æ³•åŠ è½½æ¨¡å—:Public

[ 2018-03-18T09:41:36+08:00 ] 127.0.0.1 /Public/datetimepicker/jquery-ui-1.9.2.custom.min.css
INFO: [ app_init ] --START--
INFO: Run Behavior\BuildLiteBehavior [ RunTime:0.000025s ]
INFO: [ app_init ] --END-- [ RunTime:0.000496s ]
ERR: æ— æ³•åŠ è½½æ¨¡å—:Public

[ 2018-03-18T09:41:36+08:00 ] 127.0.0.1 /Public/datetimepicker/jquery-ui-1.9.2.custom.min.js
INFO: [ app_init ] --START--
INFO: Run Behavior\BuildLiteBehavior [ RunTime:0.000023s ]
INFO: [ app_init ] --END-- [ RunTime:0.000531s ]
ERR: æ— æ³•åŠ è½½æ¨¡å—:Public

[ 2018-03-18T09:41:36+08:00 ] 127.0.0.1 /Public/datetimepicker/datepicker-zh_cn.js
INFO: [ app_init ] --START--
INFO: Run Behavior\BuildLiteBehavior [ RunTime:0.000025s ]
INFO: [ app_init ] --END-- [ RunTime:0.000520s ]
ERR: æ— æ³•åŠ è½½æ¨¡å—:Public

[ 2018-03-18T09:41:36+08:00 ] 127.0.0.1 /Public/datetimepicker/time/jquery-ui-timepicker-addon.min.js
INFO: [ app_init ] --START--
INFO: Run Behavior\BuildLiteBehavior [ RunTime:0.000024s ]
INFO: [ app_init ] --END-- [ RunTime:0.000496s ]
ERR: æ— æ³•åŠ è½½æ¨¡å—:Public

[ 2018-03-18T09:41:36+08:00 ] 127.0.0.1 /Public/datetimepicker/time/jquery-ui-timepicker-addon.min.css
INFO: [ app_init ] --START--
INFO: Run Behavior\BuildLiteBehavior [ RunTime:0.000024s ]
INFO: [ app_init ] --END-- [ RunTime:0.000570s ]
ERR: æ— æ³•åŠ è½½æ¨¡å—:Public

[ 2018-03-18T09:41:36+08:00 ] 127.0.0.1 /Public/datetimepicker/time/i18n/jquery-ui-timepicker-addon-i18n.min.js
INFO: [ app_init ] --START--
INFO: Run Behavior\BuildLiteBehavior [ RunTime:0.000026s ]
INFO: [ app_init ] --END-- [ RunTime:0.000525s ]
ERR: æ— æ³•åŠ è½½æ¨¡å—:Public

[ 2018-03-18T12:10:03+08:00 ] 127.0.0.1 /Public/umeditor1_2_2-utf8-php/themes/default/css/umeditor.css
INFO: [ app_init ] --START--
INFO: Run Behavior\BuildLiteBehavior [ RunTime:0.000026s ]
INFO: [ app_init ] --END-- [ RunTime:0.000530s ]
ERR: æ— æ³•åŠ è½½æ¨¡å—:Public

[ 2018-03-18T12:10:03+08:00 ] 127.0.0.1 /Public/umeditor1_2_2-utf8-php/third-party/jquery.min.js
INFO: [ app_init ] --START--
INFO: Run Behavior\BuildLiteBehavior [ RunTime:0.000038s ]
INFO: [ app_init ] --END-- [ RunTime:0.000743s ]
ERR: æ— æ³•åŠ è½½æ¨¡å—:Public

[ 2018-03-18T12:10:03+08:00 ] 127.0.0.1 /Public/umeditor1_2_2-utf8-php/lang/zh-cn/zh-cn.js
INFO: [ app_init ] --START--
INFO: Run Behavior\BuildLiteBehavior [ RunTime:0.000038s ]
INFO: [ app_init ] --END-- [ RunTime:0.001169s ]
ERR: æ— æ³•åŠ è½½æ¨¡å—:Public

[ 2018-03-18T12:10:03+08:00 ] 127.0.0.1 /Public/umeditor1_2_2-utf8-php/umeditor.min.js
INFO: [ app_init ] --START--
INFO: Run Behavior\BuildLiteBehavior [ RunTime:0.000045s ]
INFO: [ app_init ] --END-- [ RunTime:0.001055s ]
ERR: æ— æ³•åŠ è½½æ¨¡å—:Public

[ 2018-03-18T12:10:03+08:00 ] 127.0.0.1 /Public/umeditor1_2_2-utf8-php/umeditor.config.js
INFO: [ app_init ] --START--
INFO: Run Behavior\BuildLiteBehavior [ RunTime:0.000044s ]
INFO: [ app_init ] --END-- [ RunTime:0.000894s ]
ERR: æ— æ³•åŠ è½½æ¨¡å—:Public

[ 2018-03-18T12:10:03+08:00 ] 127.0.0.1 /Public/datetimepicker/jquery-ui-1.9.2.custom.min.css
INFO: [ app_init ] --START--
INFO: Run Behavior\BuildLiteBehavior [ RunTime:0.000058s ]
INFO: [ app_init ] --END-- [ RunTime:0.001135s ]
ERR: æ— æ³•åŠ è½½æ¨¡å—:Public

[ 2018-03-18T12:10:03+08:00 ] 127.0.0.1 /Public/datetimepicker/time/jquery-ui-timepicker-addon.min.css
INFO: [ app_init ] --START--
INFO: Run Behavior\BuildLiteBehavior [ RunTime:0.000042s ]
INFO: [ app_init ] --END-- [ RunTime:0.000730s ]
ERR: æ— æ³•åŠ è½½æ¨¡å—:Public

[ 2018-03-18T12:10:03+08:00 ] 127.0.0.1 /Public/datetimepicker/datepicker-zh_cn.js
INFO: [ app_init ] --START--
INFO: Run Behavior\BuildLiteBehavior [ RunTime:0.000046s ]
INFO: [ app_init ] --END-- [ RunTime:0.001092s ]
ERR: æ— æ³•åŠ è½½æ¨¡å—:Public

[ 2018-03-18T12:10:03+08:00 ] 127.0.0.1 /Public/datetimepicker/jquery-ui-1.9.2.custom.min.js
INFO: [ app_init ] --START--
INFO: Run Behavior\BuildLiteBehavior [ RunTime:0.000043s ]
INFO: [ app_init ] --END-- [ RunTime:0.000775s ]
ERR: æ— æ³•åŠ è½½æ¨¡å—:Public

[ 2018-03-18T12:10:03+08:00 ] 127.0.0.1 /Public/datetimepicker/time/jquery-ui-timepicker-addon.min.js
INFO: [ app_init ] --START--
INFO: Run Behavior\BuildLiteBehavior [ RunTime:0.000042s ]
INFO: [ app_init ] --END-- [ RunTime:0.000845s ]
ERR: æ— æ³•åŠ è½½æ¨¡å—:Public

[ 2018-03-18T12:10:03+08:00 ] 127.0.0.1 /Public/datetimepicker/time/i18n/jquery-ui-timepicker-addon-i18n.min.js
INFO: [ app_init ] --START--
INFO: Run Behavior\BuildLiteBehavior [ RunTime:0.000055s ]
INFO: [ app_init ] --END-- [ RunTime:0.001034s ]
ERR: æ— æ³•åŠ è½½æ¨¡å—:Public

[ 2018-03-18T12:10:03+08:00 ] 127.0.0.1 /Public/umeditor1_2_2-utf8-php/umeditor.min.js
INFO: [ app_init ] --START--
INFO: Run Behavior\BuildLiteBehavior [ RunTime:0.000040s ]
INFO: [ app_init ] --END-- [ RunTime:0.001212s ]
ERR: æ— æ³•åŠ è½½æ¨¡å—:Public

[ 2018-03-18T12:10:03+08:00 ] 127.0.0.1 /Public/umeditor1_2_2-utf8-php/lang/zh-cn/zh-cn.js
INFO: [ app_init ] --START--
INFO: Run Behavior\BuildLiteBehavior [ RunTime:0.000027s ]
INFO: [ app_init ] --END-- [ RunTime:0.000595s ]
ERR: æ— æ³•åŠ è½½æ¨¡å—:Public

[ 2018-03-18T12:10:03+08:00 ] 127.0.0.1 /Public/datetimepicker/jquery-ui-1.9.2.custom.min.js
INFO: [ app_init ] --START--
INFO: Run Behavior\BuildLiteBehavior [ RunTime:0.000027s ]
INFO: [ app_init ] --END-- [ RunTime:0.000543s ]
ERR: æ— æ³•åŠ è½½æ¨¡å—:Public

[ 2018-03-18T12:10:03+08:00 ] 127.0.0.1 /Public/datetimepicker/jquery-ui-1.9.2.custom.min.css
INFO: [ app_init ] --START--
INFO: Run Behavior\BuildLiteBehavior [ RunTime:0.000025s ]
INFO: [ app_init ] --END-- [ RunTime:0.000572s ]
ERR: æ— æ³•åŠ è½½æ¨¡å—:Public

[ 2018-03-18T12:10:03+08:00 ] 127.0.0.1 /Public/datetimepicker/datepicker-zh_cn.js
INFO: [ app_init ] --START--
INFO: Run Behavior\BuildLiteBehavior [ RunTime:0.000025s ]
INFO: [ app_init ] --END-- [ RunTime:0.000548s ]
ERR: æ— æ³•åŠ è½½æ¨¡å—:Public

[ 2018-03-18T12:10:03+08:00 ] 127.0.0.1 /Public/datetimepicker/time/jquery-ui-timepicker-addon.min.js
INFO: [ app_init ] --START--
INFO: Run Behavior\BuildLiteBehavior [ RunTime:0.000025s ]
INFO: [ app_init ] --END-- [ RunTime:0.000512s ]
ERR: æ— æ³•åŠ è½½æ¨¡å—:Public

[ 2018-03-18T12:10:03+08:00 ] 127.0.0.1 /Public/datetimepicker/time/jquery-ui-timepicker-addon.min.css
INFO: [ app_init ] --START--
INFO: Run Behavior\BuildLiteBehavior [ RunTime:0.000023s ]
INFO: [ app_init ] --END-- [ RunTime:0.000567s ]
ERR: æ— æ³•åŠ è½½æ¨¡å—:Public

[ 2018-03-18T12:10:03+08:00 ] 127.0.0.1 /Public/datetimepicker/time/i18n/jquery-ui-timepicker-addon-i18n.min.js
INFO: [ app_init ] --START--
INFO: Run Behavior\BuildLiteBehavior [ RunTime:0.000024s ]
INFO: [ app_init ] --END-- [ RunTime:0.000543s ]
ERR: æ— æ³•åŠ è½½æ¨¡å—:Public

[ 2018-03-18T12:11:14+08:00 ] 127.0.0.1 /Public/umeditor1_2_2-utf8-php/themes/default/css/umeditor.css
INFO: [ app_init ] --START--
INFO: Run Behavior\BuildLiteBehavior [ RunTime:0.000025s ]
INFO: [ app_init ] --END-- [ RunTime:0.000807s ]
ERR: æ— æ³•åŠ è½½æ¨¡å—:Public

[ 2018-03-18T12:11:14+08:00 ] 127.0.0.1 /Public/datetimepicker/jquery-ui-1.9.2.custom.min.css
INFO: [ app_init ] --START--
INFO: Run Behavior\BuildLiteBehavior [ RunTime:0.000041s ]
INFO: [ app_init ] --END-- [ RunTime:0.000899s ]
ERR: æ— æ³•åŠ è½½æ¨¡å—:Public

[ 2018-03-18T12:11:14+08:00 ] 127.0.0.1 /Public/umeditor1_2_2-utf8-php/third-party/jquery.min.js
INFO: [ app_init ] --START--
INFO: Run Behavior\BuildLiteBehavior [ RunTime:0.000049s ]
INFO: [ app_init ] --END-- [ RunTime:0.001115s ]
ERR: æ— æ³•åŠ è½½æ¨¡å—:Public

[ 2018-03-18T12:11:14+08:00 ] 127.0.0.1 /Public/umeditor1_2_2-utf8-php/umeditor.config.js
INFO: [ app_init ] --START--
INFO: Run Behavior\BuildLiteBehavior [ RunTime:0.000039s ]
INFO: [ app_init ] --END-- [ RunTime:0.000806s ]
ERR: æ— æ³•åŠ è½½æ¨¡å—:Public


[ 2018-03-18T12:11:14+08:00 ] 127.0.0.1 /Public/umeditor1_2_2-utf8-php/umeditor.min.js
INFO: [ app_init ] --START--
INFO: Run Behavior\BuildLiteBehavior [ RunTime:0.000067s ]
INFO: [ app_init ] --END-- [ RunTime:0.001079s ]
ERR: æ— æ³•åŠ è½½æ¨¡å—:Public

[ 2018-03-18T12:11:14+08:00 ] 127.0.0.1 /Public/datetimepicker/time/jquery-ui-timepicker-addon.min.css
INFO: [ app_init ] --START--
INFO: Run Behavior\BuildLiteBehavior [ RunTime:0.000040s ]
INFO: [ app_init ] --END-- [ RunTime:0.000882s ]
ERR: æ— æ³•åŠ è½½æ¨¡å—:Public

[ 2018-03-18T12:11:14+08:00 ] 127.0.0.1 /Public/datetimepicker/datepicker-zh_cn.js
INFO: [ app_init ] --START--
INFO: Run Behavior\BuildLiteBehavior [ RunTime:0.000045s ]
INFO: [ app_init ] --END-- [ RunTime:0.000971s ]
ERR: æ— æ³•åŠ è½½æ¨¡å—:Public

[ 2018-03-18T12:11:14+08:00 ] 127.0.0.1 /Public/datetimepicker/jquery-ui-1.9.2.custom.min.js
INFO: [ app_init ] --START--
INFO: Run Behavior\BuildLiteBehavior [ RunTime:0.000043s ]
INFO: [ app_init ] --END-- [ RunTime:0.000641s ]
ERR: æ— æ³•åŠ è½½æ¨¡å—:Public

[ 2018-03-18T12:11:14+08:00 ] 127.0.0.1 /Public/datetimepicker/time/i18n/jquery-ui-timepicker-addon-i18n.min.js
INFO: [ app_init ] --START--
INFO: Run Behavior\BuildLiteBehavior [ RunTime:0.000028s ]
INFO: [ app_init ] --END-- [ RunTime:0.000645s ]
ERR: æ— æ³•åŠ è½½æ¨¡å—:Public

[ 2018-03-18T12:11:14+08:00 ] 127.0.0.1 /Public/datetimepicker/time/jquery-ui-timepicker-addon.min.js
INFO: [ app_init ] --START--
INFO: Run Behavior\BuildLiteBehavior [ RunTime:0.000041s ]
INFO: [ app_init ] --END-- [ RunTime:0.000785s ]
ERR: æ— æ³•åŠ è½½æ¨¡å—:Public

[ 2018-03-18T12:11:14+08:00 ] 127.0.0.1 /Public/umeditor1_2_2-utf8-php/lang/zh-cn/zh-cn.js
INFO: [ app_init ] --START--
INFO: Run Behavior\BuildLiteBehavior [ RunTime:0.000034s ]
INFO: [ app_init ] --END-- [ RunTime:0.000600s ]
ERR: æ— æ³•åŠ è½½æ¨¡å—:Public

[ 2018-03-18T12:11:14+08:00 ] 127.0.0.1 /Public/datetimepicker/jquery-ui-1.9.2.custom.min.js
INFO: [ app_init ] --START--
INFO: Run Behavior\BuildLiteBehavior [ RunTime:0.000023s ]
INFO: [ app_init ] --END-- [ RunTime:0.000523s ]
ERR: æ— æ³•åŠ è½½æ¨¡å—:Public

[ 2018-03-18T12:11:14+08:00 ] 127.0.0.1 /Public/datetimepicker/jquery-ui-1.9.2.custom.min.css
INFO: [ app_init ] --START--
INFO: Run Behavior\BuildLiteBehavior [ RunTime:0.000038s ]
INFO: [ app_init ] --END-- [ RunTime:0.000589s ]
ERR: æ— æ³•åŠ è½½æ¨¡å—:Public

[ 2018-03-18T12:11:14+08:00 ] 127.0.0.1 /Public/datetimepicker/datepicker-zh_cn.js
INFO: [ app_init ] --START--
INFO: Run Behavior\BuildLiteBehavior [ RunTime:0.000024s ]
INFO: [ app_init ] --END-- [ RunTime:0.000500s ]
ERR: æ— æ³•åŠ è½½æ¨¡å—:Public

[ 2018-03-18T12:11:14+08:00 ] 127.0.0.1 /Public/datetimepicker/time/jquery-ui-timepicker-addon.min.js
INFO: [ app_init ] --START--
INFO: Run Behavior\BuildLiteBehavior [ RunTime:0.000023s ]
INFO: [ app_init ] --END-- [ RunTime:0.000525s ]
ERR: æ— æ³•åŠ è½½æ¨¡å—:Public

[ 2018-03-18T12:11:14+08:00 ] 127.0.0.1 /Public/datetimepicker/time/jquery-ui-timepicker-addon.min.css
INFO: [ app_init ] --START--
INFO: Run Behavior\BuildLiteBehavior [ RunTime:0.000024s ]
INFO: [ app_init ] --END-- [ RunTime:0.000503s ]
ERR: æ— æ³•åŠ è½½æ¨¡å—:Public

[ 2018-03-18T12:11:14+08:00 ] 127.0.0.1 /Public/datetimepicker/time/i18n/jquery-ui-timepicker-addon-i18n.min.js
INFO: [ app_init ] --START--
INFO: Run Behavior\BuildLiteBehavior [ RunTime:0.000023s ]
INFO: [ app_init ] --END-- [ RunTime:0.000511s ]
ERR: æ— æ³•åŠ è½½æ¨¡å—:Public

[ 2018-03-18T12:48:17+08:00 ] 127.0.0.1 /Public/umeditor1_2_2-utf8-php/themes/default/css/umeditor.css
INFO: [ app_init ] --START--
INFO: Run Behavior\BuildLiteBehavior [ RunTime:0.000026s ]
INFO: [ app_init ] --END-- [ RunTime:0.000604s ]
ERR: æ— æ³•åŠ è½½æ¨¡å—:Public

[ 2018-03-18T12:48:17+08:00 ] 127.0.0.1 /Public/datetimepicker/time/jquery-ui-timepicker-addon.min.css
INFO: [ app_init ] --START--
INFO: Run Behavior\BuildLiteBehavior [ RunTime:0.000038s ]
INFO: [ app_init ] --END-- [ RunTime:0.000932s ]
ERR: æ— æ³•åŠ è½½æ¨¡å—:Public

[ 2018-03-18T12:48:17+08:00 ] 127.0.0.1 /Public/datetimepicker/jquery-ui-1.9.2.custom.min.css
INFO: [ app_init ] --START--
INFO: Run Behavior\BuildLiteBehavior [ RunTime:0.000045s ]
INFO: [ app_init ] --END-- [ RunTime:0.000824s ]
ERR: æ— æ³•åŠ è½½æ¨¡å—:Public

[ 2018-03-18T12:48:17+08:00 ] 127.0.0.1 /Public/datetimepicker/jquery-ui-1.9.2.custom.min.js
INFO: [ app_init ] --START--
INFO: Run Behavior\BuildLiteBehavior [ RunTime:0.000042s ]
INFO: [ app_init ] --END-- [ RunTime:0.000828s ]
ERR: æ— æ³•åŠ è½½æ¨¡å—:Public

[ 2018-03-18T12:48:17+08:00 ] 127.0.0.1 /Public/umeditor1_2_2-utf8-php/third-party/jquery.min.js
INFO: [ app_init ] --START--
INFO: Run Behavior\BuildLiteBehavior [ RunTime:0.000044s ]
INFO: [ app_init ] --END-- [ RunTime:0.001064s ]
ERR: æ— æ³•åŠ è½½æ¨¡å—:Public

[ 2018-03-18T12:48:17+08:00 ] 127.0.0.1 /Public/umeditor1_2_2-utf8-php/umeditor.config.js
INFO: [ app_init ] --START--
INFO: Run Behavior\BuildLiteBehavior [ RunTime:0.000034s ]
INFO: [ app_init ] --END-- [ RunTime:0.000641s ]
ERR: æ— æ³•åŠ è½½æ¨¡å—:Public

[ 2018-03-18T12:48:17+08:00 ] 127.0.0.1 /Public/umeditor1_2_2-utf8-php/umeditor.min.js
INFO: [ app_init ] --START--
INFO: Run Behavior\BuildLiteBehavior [ RunTime:0.000027s ]
INFO: [ app_init ] --END-- [ RunTime:0.000674s ]
ERR: æ— æ³•åŠ è½½æ¨¡å—:Public

[ 2018-03-18T12:48:17+08:00 ] 127.0.0.1 /Public/datetimepicker/datepicker-zh_cn.js
INFO: [ app_init ] --START--
INFO: Run Behavior\BuildLiteBehavior [ RunTime:0.000043s ]
INFO: [ app_init ] --END-- [ RunTime:0.000784s ]
ERR: æ— æ³•åŠ è½½æ¨¡å—:Public

½½æ¨¡å—:Public

[ 2018-03-18T12:48:17+08:00 ] 127.0.0.1 /Public/datetimepicker/time/i18n/jquery-ui-timepicker-addon-i18n.min.js
INFO: [ app_init ] --START--
INFO: Run Behavior\BuildLiteBehavior [ RunTime:0.000028s ]
INFO: [ app_init ] --END-- [ RunTime:0.000543s ]
ERR: æ— æ³•åŠ è½½æ¨¡å—:Public

[ 2018-03-18T12:48:17+08:00 ] 127.0.0.1 /Public/umeditor1_2_2-utf8-php/lang/zh-cn/zh-cn.js
INFO: [ app_init ] --START--
INFO: Run Behavior\BuildLiteBehavior [ RunTime:0.000024s ]
INFO: [ app_init ] --END-- [ RunTime:0.000539s ]
ERR: æ— æ³•åŠ è½½æ¨¡å—:Public

[ 2018-03-18T12:48:17+08:00 ] 127.0.0.1 /Public/datetimepicker/jquery-ui-1.9.2.custom.min.js
INFO: [ app_init ] --START--
INFO: Run Behavior\BuildLiteBehavior [ RunTime:0.000031s ]
INFO: [ app_init ] --END-- [ RunTime:0.000585s ]
ERR: æ— æ³•åŠ è½½æ¨¡å—:Public

[ 2018-03-18T12:48:17+08:00 ] 127.0.0.1 /Public/datetimepicker/jquery-ui-1.9.2.custom.min.css
INFO: [ app_init ] --START--
INFO: Run Behavior\BuildLiteBehavior [ RunTime:0.000025s ]
INFO: [ app_init ] --END-- [ RunTime:0.000582s ]
ERR: æ— æ³•åŠ è½½æ¨¡å—:Public

[ 2018-03-18T12:48:17+08:00 ] 127.0.0.1 /Public/datetimepicker/datepicker-zh_cn.js
INFO: [ app_init ] --START--
INFO: Run Behavior\BuildLiteBehavior [ RunTime:0.000026s ]
INFO: [ app_init ] --END-- [ RunTime:0.000603s ]
ERR: æ— æ³•åŠ è½½æ¨¡å—:Public

[ 2018-03-18T12:48:17+08:00 ] 127.0.0.1 /Public/datetimepicker/time/jquery-ui-timepicker-addon.min.css
INFO: [ app_init ] --START--
INFO: Run Behavior\BuildLiteBehavior [ RunTime:0.000031s ]
INFO: [ app_init ] --END-- [ RunTime:0.000623s ]
ERR: æ— æ³•åŠ è½½æ¨¡å—:Public

[ 2018-03-18T12:48:17+08:00 ] 127.0.0.1 /Public/datetimepicker/time/jquery-ui-timepicker-addon.min.js
INFO: [ app_init ] --START--
INFO: Run Behavior\BuildLiteBehavior [ RunTime:0.000026s ]
INFO: [ app_init ] --END-- [ RunTime:0.000594s ]
ERR: æ— æ³•åŠ è½½æ¨¡å—:Public

[ 2018-03-18T12:48:17+08:00 ] 127.0.0.1 /Public/datetimepicker/time/i18n/jquery-ui-timepicker-addon-i18n.min.js
INFO: [ app_init ] --START--
INFO: Run Behavior\BuildLiteBehavior [ RunTime:0.000026s ]
INFO: [ app_init ] --END-- [ RunTime:0.000541s ]
ERR: æ— æ³•åŠ è½½æ¨¡å—:Public

[ 2018-03-18T12:48:41+08:00 ] 127.0.0.1 /Public/umeditor1_2_2-utf8-php/third-party/jquery.min.js
INFO: [ app_init ] --START--
INFO: Run Behavior\BuildLiteBehavior [ RunTime:0.000045s ]
INFO: [ app_init ] --END-- [ RunTime:0.000742s ]
ERR: æ— æ³•åŠ è½½æ¨¡å—:Public

[ 2018-03-18T12:48:41+08:00 ] 127.0.0.1 /Public/umeditor1_2_2-utf8-php/themes/default/css/umeditor.css
INFO: [ app_init ] --START--
INFO: Run Behavior\BuildLiteBehavior [ RunTime:0.000040s ]
INFO: [ app_init ] --END-- [ RunTime:0.000899s ]
ERR: æ— æ³•åŠ è½½æ¨¡å—:Public

[ 2018-03-18T12:48:41+08:00 ] 127.0.0.1 /Public/umeditor1_2_2-utf8-php/lang/zh-cn/zh-cn.js
INFO: [ app_init ] --START--
INFO: Run Behavior\BuildLiteBehavior [ RunTime:0.000040s ]
INFO: [ app_init ] --END-- [ RunTime:0.000765s ]
ERR: æ— æ³•åŠ è½½æ¨¡å—:Public

[ 2018-03-18T12:48:41+08:00 ] 127.0.0.1 /Public/umeditor1_2_2-utf8-php/umeditor.min.js
INFO: [ app_init ] --START--
INFO: Run Behavior\BuildLiteBehavior [ RunTime:0.000045s ]
INFO: [ app_init ] --END-- [ RunTime:0.000881s ]
ERR: æ— æ³•åŠ è½½æ¨¡å—:Public

[ 2018-03-18T12:48:41+08:00 ] 127.0.0.1 /Public/datetimepicker/jquery-ui-1.9.2.custom.min.css
INFO: [ app_init ] --START--
INFO: Run Behavior\BuildLiteBehavior [ RunTime:0.000027s ]
INFO: [ app_init ] --END-- [ RunTime:0.000673s ]
ERR: æ— æ³•åŠ è½½æ¨¡å—:Public

[ 2018-03-18T12:48:41+08:00 ] 127.0.0.1 /Public/datetimepicker/time/jquery-ui-timepicker-addon.min.css
INFO: [ app_init ] --START--
INFO: Run Behavior\BuildLiteBehavior [ RunTime:0.000044s ]
INFO: [ app_init ] --END-- [ RunTime:0.000811s ]
ERR: æ— æ³•åŠ è½½æ¨¡å—:Public

[ 2018-03-18T12:48:41+08:00 ] 127.0.0.1 /Public/datetimepicker/time/i18n/jquery-ui-timepicker-addon-i18n.min.js
INFO: [ app_init ] --START--
INFO: Run Behavior\BuildLiteBehavior [ RunTime:0.000046s ]
INFO: [ app_init ] --END-- [ RunTime:0.001185s ]
ERR: æ— æ³•åŠ è½½æ¨¡å—:Public

[ 2018-03-18T12:48:41+08:00 ] 127.0.0.1 /Public/datetimepicker/time/jquery-ui-timepicker-addon.min.js
INFO: [ app_init ] --START--
INFO: Run Behavior\BuildLiteBehavior [ RunTime:0.000038s ]
INFO: [ app_init ] --END-- [ RunTime:0.000832s ]
ERR: æ— æ³•åŠ è½½æ¨¡å—:Public

[ 2018-03-18T12:48:41+08:00 ] 127.0.0.1 /Public/datetimepicker/jquery-ui-1.9.2.custom.min.js
INFO: [ app_init ] --START--
INFO: Run Behavior\BuildLiteBehavior [ RunTime:0.000055s ]
INFO: [ app_init ] --END-- [ RunTime:0.003545s ]
ERR: æ— æ³•åŠ è½½æ¨¡å—:Public

[ 2018-03-18T12:48:41+08:00 ] 127.0.0.1 /Public/umeditor1_2_2-utf8-php/lang/zh-cn/zh-cn.js
INFO: [ app_init ] --START--
INFO: Run Behavior\BuildLiteBehavior [ RunTime:0.000044s ]
INFO: [ app_init ] --END-- [ RunTime:0.000879s ]
ERR: æ— æ³•åŠ è½½æ¨¡å—:Public

[ 2018-03-18T12:48:41+08:00 ] 127.0.0.1 /Public/datetimepicker/jquery-ui-1.9.2.custom.min.css
INFO: [ app_init ] --START--
INFO: Run Behavior\BuildLiteBehavior [ RunTime:0.000024s ]
INFO: [ app_init ] --END-- [ RunTime:0.000570s ]
ERR: æ— æ³•åŠ è½½æ¨¡å—:Public

[ 2018-03-18T12:48:41+08:00 ] 127.0.0.1 /Public/datetimepicker/jquery-ui-1.9.2.custom.min.js
INFO: [ app_init ] --START--
INFO: Run Behavior\BuildLiteBehavior [ RunTime:0.000028s ]
INFO: [ app_init ] --END-- [ RunTime:0.000597s ]
ERR: æ— æ³•åŠ è½½æ¨¡å—:Public

[ 2018-03-18T12:48:41+08:00 ] 127.0.0.1 /Public/datetimepicker/datepicker-zh_cn.js
INFO: [ app_init ] --START--
INFO: Run Behavior\BuildLiteBehavior [ RunTime:0.000024s ]
INFO: [ app_init ] --END-- [ RunTime:0.000516s ]
ERR: æ— æ³•åŠ è½½æ¨¡å—:Public

[ 2018-03-18T12:48:41+08:00 ] 127.0.0.1 /Public/datetimepicker/time/jquery-ui-timepicker-addon.min.css
INFO: [ app_init ] --START--
INFO: Run Behavior\BuildLiteBehavior [ RunTime:0.000028s ]
INFO: [ app_init ] --END-- [ RunTime:0.000632s ]
ERR: æ— æ³•åŠ è½½æ¨¡å—:Public

[ 2018-03-18T12:48:41+08:00 ] 127.0.0.1 /Public/datetimepicker/time/jquery-ui-timepicker-addon.min.js
INFO: [ app_init ] --START--
INFO: Run Behavior\BuildLiteBehavior [ RunTime:0.000025s ]
INFO: [ app_init ] --END-- [ RunTime:0.000595s ]
ERR: æ— æ³•åŠ è½½æ¨¡å—:Public

[ 2018-03-18T12:48:41+08:00 ] 127.0.0.1 /Public/datetimepicker/time/i18n/jquery-ui-timepicker-addon-i18n.min.js
INFO: [ app_init ] --START--
INFO: Run Behavior\BuildLiteBehavior [ RunTime:0.000024s ]
INFO: [ app_init ] --END-- [ RunTime:0.000499s ]
ERR: æ— æ³•åŠ è½½æ¨¡å—:Public

[ 2018-03-18T12:48:42+08:00 ] 127.0.0.1 /Public/datetimepicker/jquery-ui-1.9.2.custom.min.js
INFO: [ app_init ] --START--
INFO: Run Behavior\BuildLiteBehavior [ RunTime:0.000046s ]
INFO: [ app_init ] --END-- [ RunTime:0.000720s ]
ERR: æ— æ³•åŠ è½½æ¨¡å—:Public

[ 2018-03-18T12:48:42+08:00 ] 127.0.0.1 /Public/umeditor1_2_2-utf8-php/themes/default/css/umeditor.css
INFO: [ app_init ] --START--
INFO: Run Behavior\BuildLiteBehavior [ RunTime:0.000025s ]
INFO: [ app_init ] --END-- [ RunTime:0.000618s ]
ERR: æ— æ³•åŠ è½½æ¨¡å—:Public

[ 2018-03-18T12:48:42+08:00 ] 127.0.0.1 /Public/datetimepicker/jquery-ui-1.9.2.custom.min.css
INFO: [ app_init ] --START--
INFO: Run Behavior\BuildLiteBehavior [ RunTime:0.000038s ]
INFO: [ app_init ] --END-- [ RunTime:0.000689s ]
ERR: æ— æ³•åŠ è½½æ¨¡å—:Public

[ 2018-03-18T12:48:42+08:00 ] 127.0.0.1 /Public/umeditor1_2_2-utf8-php/third-party/jquery.min.js
INFO: [ app_init ] --START--
INFO: Run Behavior\BuildLiteBehavior [ RunTime:0.000032s ]
INFO: [ app_init ] --END-- [ RunTime:0.000590s ]
ERR: æ— æ³•åŠ è½½æ¨¡å—:Public

[ 2018-03-18T12:48:42+08:00 ] 127.0.0.1 /Public/umeditor1_2_2-utf8-php/umeditor.min.js
INFO: [ app_init ] --START--
INFO: Run Behavior\BuildLiteBehavior [ RunTime:0.000038s ]
INFO: [ app_init ] --END-- [ RunTime:0.000829s ]
ERR: æ— æ³•åŠ è½½æ¨¡å—:Public

[ 2018-03-18T12:48:42+08:00 ] 127.0.0.1 /Public/umeditor1_2_2-utf8-php/umeditor.config.js
INFO: [ app_init ] --START--
INFO: Run Behavior\BuildLiteBehavior [ RunTime:0.000037s ]
INFO: [ app_init ] --END-- [ RunTime:0.000858s ]
ERR: æ— æ³•åŠ è½½æ¨¡å—:Public

[ 2018-03-18T12:48:42+08:00 ] 127.0.0.1 /Public/datetimepicker/time/jquery-ui-timepicker-addon.min.css
INFO: [ app_init ] --START--
INFO: Run Behavior\BuildLiteBehavior [ RunTime:0.000038s ]
INFO: [ app_init ] --END-- [ RunTime:0.000787s ]
ERR: æ— æ³•åŠ è½½æ¨¡å—:Public

[ 2018-03-18T12:48:42+08:00 ] 127.0.0.1 /Public/umeditor1_2_2-utf8-php/lang/zh-cn/zh-cn.js
INFO: [ app_init ] --START--
INFO: Run Behavior\BuildLiteBehavior [ RunTime:0.000035s ]
INFO: [ app_init ] --END-- [ RunTime:0.000785s ]
ERR: æ— æ³•åŠ è½½æ¨¡å—:Public

[ 2018-03-18T12:48:42+08:00 ] 127.0.0.1 /Public/datetimepicker/datepicker-zh_cn.js
INFO: [ app_init ] --START--
INFO: Run Behavior\BuildLiteBehavior [ RunTime:0.000039s ]
INFO: [ app_init ] --END-- [ RunTime:0.000789s ]
ERR: æ— æ³•åŠ è½½æ¨¡å—:Public

[ 2018-03-18T12:48:42+08:00 ] 127.0.0.1 /Public/datetimepicker/time/jquery-ui-timepicker-addon.min.js
INFO: [ app_init ] --START--
INFO: Run Behavior\BuildLiteBehavior [ RunTime:0.000036s ]
INFO: [ app_init ] --END-- [ RunTime:0.000733s ]
ERR: æ— æ³•åŠ è½½æ¨¡å—:Public

[ 2018-03-18T12:48:42+08:00 ] 127.0.0.1 /Public/datetimepicker/time/i18n/jquery-ui-timepicker-addon-i18n.min.js
INFO: [ app_init ] --START--
INFO: Run Behavior\BuildLiteBehavior [ RunTime:0.000026s ]
INFO: [ app_init ] --END-- [ RunTime:0.000670s ]
ERR: æ— æ³•åŠ è½½æ¨¡å—:Public

[ 2018-03-18T12:48:42+08:00 ] 127.0.0.1 /Public/umeditor1_2_2-utf8-php/umeditor.min.js
INFO: [ app_init ] --START--
INFO: Run Behavior\BuildLiteBehavior [ RunTime:0.000028s ]
INFO: [ app_init ] --END-- [ RunTime:0.000693s ]
ERR: æ— æ³•åŠ è½½æ¨¡å—:Public

[ 2018-03-18T12:48:42+08:00 ] 127.0.0.1 /Public/umeditor1_2_2-utf8-php/lang/zh-cn/zh-cn.js
INFO: [ app_init ] --START--
INFO: Run Behavior\BuildLiteBehavior [ RunTime:0.000025s ]
INFO: [ app_init ] --END-- [ RunTime:0.000546s ]
ERR: æ— æ³•åŠ è½½æ¨¡å—:Public

[ 2018-03-18T12:48:42+08:00 ] 127.0.0.1 /Public/datetimepicker/jquery-ui-1.9.2.custom.min.js
INFO: [ app_init ] --START--
INFO: Run Behavior\BuildLiteBehavior [ RunTime:0.000024s ]
INFO: [ app_init ] --END-- [ RunTime:0.000511s ]
ERR: æ— æ³•åŠ è½½æ¨¡å—:Public

[ 2018-03-18T12:48:42+08:00 ] 127.0.0.1 /Public/datetimepicker/jquery-ui-1.9.2.custom.min.css
INFO: [ app_init ] --START--
INFO: Run Behavior\BuildLiteBehavior [ RunTime:0.000027s ]
INFO: [ app_init ] --END-- [ RunTime:0.000630s ]
ERR: æ— æ³•åŠ è½½æ¨¡å—:Public

[ 2018-03-18T12:48:42+08:00 ] 127.0.0.1 /Public/datetimepicker/datepicker-zh_cn.js
INFO: [ app_init ] --START--
INFO: Run Behavior\BuildLiteBehavior [ RunTime:0.000023s ]
INFO: [ app_init ] --END-- [ RunTime:0.000536s ]
ERR: æ— æ³•åŠ è½½æ¨¡å—:Public

[ 2018-03-18T12:48:42+08:00 ] 127.0.0.1 /Public/datetimepicker/time/jquery-ui-timepicker-addon.min.js
INFO: [ app_init ] --START--
INFO: Run Behavior\BuildLiteBehavior [ RunTime:0.000026s ]
INFO: [ app_init ] --END-- [ RunTime:0.000521s ]
ERR: æ— æ³•åŠ è½½æ¨¡å—:Public

[ 2018-03-18T12:48:42+08:00 ] 127.0.0.1 /Public/datetimepicker/time/jquery-ui-timepicker-addon.min.css
INFO: [ app_init ] --START--
INFO: Run Behavior\BuildLiteBehavior [ RunTime:0.000025s ]
INFO: [ app_init ] --END-- [ RunTime:0.000562s ]
ERR: æ— æ³•åŠ è½½æ¨¡å—:Public

[ 2018-03-18T12:48:42+08:00 ] 127.0.0.1 /Public/datetimepicker/time/i18n/jquery-ui-timepicker-addon-i18n.min.js
INFO: [ app_init ] --START--
INFO: Run Behavior\BuildLiteBehavior [ RunTime:0.000040s ]
INFO: [ app_init ] --END-- [ RunTime:0.000601s ]
ERR: æ— æ³•åŠ è½½æ¨¡å—:Public

[ 2018-03-18T12:48:47+08:00 ] 127.0.0.1 /Public/umeditor1_2_2-utf8-php/themes/default/css/umeditor.css
INFO: [ app_init ] --START--
INFO: Run Behavior\BuildLiteBehavior [ RunTime:0.000042s ]
INFO: [ app_init ] --END-- [ RunTime:0.000897s ]
ERR: æ— æ³•åŠ è½½æ¨¡å—:Public

[ 2018-03-18T12:48:47+08:00 ] 127.0.0.1 /Public/umeditor1_2_2-utf8-php/umeditor.config.js
INFO: [ app_init ] --START--
INFO: Run Behavior\BuildLiteBehavior [ RunTime:0.000030s ]
INFO: [ app_init ] --END-- [ RunTime:0.000855s ]
ERR: æ— æ³•åŠ è½½æ¨¡å—:Public

[ 2018-03-18T12:48:47+08:00 ] 127.0.0.1 /Public/umeditor1_2_2-utf8-php/lang/zh-cn/zh-cn.js
INFO: [ app_init ] --START--
INFO: Run Behavior\BuildLiteBehavior [ RunTime:0.000037s ]
INFO: [ app_init ] --END-- [ RunTime:0.000737s ]
ERR: æ— æ³•åŠ è½½æ¨¡å—:Public

[ 2018-03-18T12:48:47+08:00 ] 127.0.0.1 /Public/datetimepicker/jquery-ui-1.9.2.custom.min.css
INFO: [ app_init ] --START--
INFO: Run Behavior\BuildLiteBehavior [ RunTime:0.000061s ]
INFO: [ app_init ] --END-- [ RunTime:0.000868s ]
ERR: æ— æ³•åŠ è½½æ¨¡å—:Public

[ 2018-03-18T12:48:47+08:00 ] 127.0.0.1 /Public/umeditor1_2_2-utf8-php/third-party/jquery.min.js
INFO: [ app_init ] --START--
INFO: Run Behavior\BuildLiteBehavior [ RunTime:0.000054s ]
INFO: [ app_init ] --END-- [ RunTime:0.000990s ]
ERR: æ— æ³•åŠ è½½æ¨¡å—:Public

[ 2018-03-18T12:48:47+08:00 ] 127.0.0.1 /Public/umeditor1_2_2-utf8-php/umeditor.min.js
INFO: [ app_init ] --START--
INFO: Run Behavior\BuildLiteBehavior [ RunTime:0.000043s ]
INFO: [ app_init ] --END-- [ RunTime:0.001413s ]
ERR: æ— æ³•åŠ è½½æ¨¡å—:Public

[ 2018-03-18T12:48:47+08:00 ] 127.0.0.1 /Public/datetimepicker/jquery-ui-1.9.2.custom.min.js
INFO: [ app_init ] --START--
INFO: Run Behavior\BuildLiteBehavior [ RunTime:0.000028s ]
INFO: [ app_init ] --END-- [ RunTime:0.000785s ]
ERR: æ— æ³•åŠ è½½æ¨¡å—:Public

[ 2018-03-18T12:48:47+08:00 ] 127.0.0.1 /Public/datetimepicker/datepicker-zh_cn.js
INFO: [ app_init ] --START--
INFO: Run Behavior\BuildLiteBehavior [ RunTime:0.000044s ]
INFO: [ app_init ] --END-- [ RunTime:0.000883s ]
ERR: æ— æ³•åŠ è½½æ¨¡å—:Public

[ 2018-03-18T12:48:47+08:00 ] 127.0.0.1 /Public/datetimepicker/time/jquery-ui-timepicker-addon.min.js
INFO: [ app_init ] --START--
INFO: Run Behavior\BuildLiteBehavior [ RunTime:0.000046s ]
INFO: [ app_init ] --END-- [ RunTime:0.000886s ]
ERR: æ— æ³•åŠ è½½æ¨¡å—:Public

[ 2018-03-18T12:48:47+08:00 ] 127.0.0.1 /Public/datetimepicker/time/jquery-ui-timepicker-addon.min.css
INFO: [ app_init ] --START--
INFO: Run Behavior\BuildLiteBehavior [ RunTime:0.000042s ]
INFO: [ app_init ] --END-- [ RunTime:0.000771s ]
ERR: æ— æ³•åŠ è½½æ¨¡å—:Public

[ 2018-03-18T12:48:47+08:00 ] 127.0.0.1 /Public/datetimepicker/time/i18n/jquery-ui-timepicker-addon-i18n.min.js
INFO: [ app_init ] --START--
INFO: Run Behavior\BuildLiteBehavior [ RunTime:0.000039s ]
INFO: [ app_init ] --END-- [ RunTime:0.001207s ]
ERR: æ— æ³•åŠ è½½æ¨¡å—:Public

[ 2018-03-18T12:48:47+08:00 ] 127.0.0.1 /Public/umeditor1_2_2-utf8-php/umeditor.config.js
INFO: [ app_init ] --START--
INFO: Run Behavior\BuildLiteBehavior [ RunTime:0.000026s ]
INFO: [ app_init ] --END-- [ RunTime:0.000671s ]
ERR: æ— æ³•åŠ è½½æ¨¡å—:Public

[ 2018-03-18T12:48:47+08:00 ] 127.0.0.1 /Public/umeditor1_2_2-utf8-php/umeditor.min.js
INFO: [ app_init ] --START--
INFO: Run Behavior\BuildLiteBehavior [ RunTime:0.000025s ]
INFO: [ app_init ] --END-- [ RunTime:0.000501s ]
ERR: æ— æ³•åŠ è½½æ¨¡å—:Public

[ 2018-03-18T12:48:47+08:00 ] 127.0.0.1 /Public/umeditor1_2_2-utf8-php/lang/zh-cn/zh-cn.js
INFO: [ app_init ] --START--
INFO: Run Behavior\BuildLiteBehavior [ RunTime:0.000024s ]
INFO: [ app_init ] --END-- [ RunTime:0.000509s ]
ERR: æ— æ³•åŠ è½½æ¨¡å—:Public

[ 2018-03-18T12:48:47+08:00 ] 127.0.0.1 /Public/datetimepicker/jquery-ui-1.9.2.custom.min.css
INFO: [ app_init ] --START--
INFO: Run Behavior\BuildLiteBehavior [ RunTime:0.000036s ]
INFO: [ app_init ] --END-- [ RunTime:0.000522s ]
ERR: æ— æ³•åŠ è½½æ¨¡å—:Public

[ 2018-03-18T12:48:47+08:00 ] 127.0.0.1 /Public/datetimepicker/jquery-ui-1.9.2.custom.min.js
INFO: [ app_init ] --START--
INFO: Run Behavior\BuildLiteBehavior [ RunTime:0.000024s ]
INFO: [ app_init ] --END-- [ RunTime:0.000598s ]
ERR: æ— æ³•åŠ è½½æ¨¡å—:Public

[ 2018-03-18T12:48:47+08:00 ] 127.0.0.1 /Public/datetimepicker/datepicker-zh_cn.js
INFO: [ app_init ] --START--
INFO: Run Behavior\BuildLiteBehavior [ RunTime:0.000027s ]
INFO: [ app_init ] --END-- [ RunTime:0.000650s ]
ERR: æ— æ³•åŠ è½½æ¨¡å—:Public

[ 2018-03-18T12:48:48+08:00 ] 127.0.0.1 /Public/datetimepicker/time/jquery-ui-timepicker-addon.min.css
INFO: [ app_init ] --START--
INFO: Run Behavior\BuildLiteBehavior [ RunTime:0.000024s ]
INFO: [ app_init ] --END-- [ RunTime:0.000510s ]
ERR: æ— æ³•åŠ è½½æ¨¡å—:Public

[ 2018-03-18T12:48:48+08:00 ] 127.0.0.1 /Public/datetimepicker/time/jquery-ui-timepicker-addon.min.js
INFO: [ app_init ] --START--
INFO: Run Behavior\BuildLiteBehavior [ RunTime:0.000022s ]
INFO: [ app_init ] --END-- [ RunTime:0.000493s ]
ERR: æ— æ³•åŠ è½½æ¨¡å—:Public

[ 2018-03-18T12:48:48+08:00 ] 127.0.0.1 /Public/datetimepicker/time/i18n/jquery-ui-timepicker-addon-i18n.min.js
INFO: [ app_init ] --START--
INFO: Run Behavior\BuildLiteBehavior [ RunTime:0.000027s ]
INFO: [ app_init ] --END-- [ RunTime:0.000551s ]
ERR: æ— æ³•åŠ è½½æ¨¡å—:Public

[ 2018-03-18T12:49:54+08:00 ] 127.0.0.1 /Public/umeditor1_2_2-utf8-php/themes/default/css/umeditor.css
INFO: [ app_init ] --START--
INFO: Run Behavior\BuildLiteBehavior [ RunTime:0.000039s ]
INFO: [ app_init ] --END-- [ RunTime:0.000752s ]
ERR: æ— æ³•åŠ è½½æ¨¡å—:Public

[ 2018-03-18T12:49:54+08:00 ] 127.0.0.1 /Public/umeditor1_2_2-utf8-php/umeditor.config.js
INFO: [ app_init ] --START--
INFO: Run Behavior\BuildLiteBehavior [ RunTime:0.000039s ]
INFO: [ app_init ] --END-- [ RunTime:0.000714s ]
ERR: æ— æ³•åŠ è½½æ¨¡å—:Public

[ 2018-03-18T12:49:54+08:00 ] 127.0.0.1 /Public/umeditor1_2_2-utf8-php/third-party/jquery.min.js
INFO: [ app_init ] --START--
INFO: Run Behavior\BuildLiteBehavior [ RunTime:0.000040s ]
INFO: [ app_init ] --END-- [ RunTime:0.000830s ]
ERR: æ— æ³•åŠ è½½æ¨¡å—:Public

[ 2018-03-18T12:49:54+08:00 ] 127.0.0.1 /Public/datetimepicker/time/jquery-ui-timepicker-addon.min.css
INFO: [ app_init ] --START--
INFO: Run Behavior\BuildLiteBehavior [ RunTime:0.000028s ]
INFO: [ app_init ] --END-- [ RunTime:0.000638s ]
ERR: æ— æ³•åŠ è½½æ¨¡å—:Public

[ 2018-03-18T12:49:54+08:00 ] 127.0.0.1 /Public/datetimepicker/jquery-ui-1.9.2.custom.min.css
INFO: [ app_init ] --START--
INFO: Run Behavior\BuildLiteBehavior [ RunTime:0.000040s ]
INFO: [ app_init ] --END-- [ RunTime:0.000880s ]
ERR: æ— æ³•åŠ è½½æ¨¡å—:Public

[ 2018-03-18T12:49:54+08:00 ] 127.0.0.1 /Public/umeditor1_2_2-utf8-php/lang/zh-cn/zh-cn.js
INFO: [ app_init ] --START--
INFO: Run Behavior\BuildLiteBehavior [ RunTime:0.000044s ]
INFO: [ app_init ] --END-- [ RunTime:0.000821s ]
ERR: æ— æ³•åŠ è½½æ¨¡å—:Public

[ 2018-03-18T12:49:54+08:00 ] 127.0.0.1 /Public/datetimepicker/jquery-ui-1.9.2.custom.min.js
INFO: [ app_init ] --START--
INFO: Run Behavior\BuildLiteBehavior [ RunTime:0.000070s ]
INFO: [ app_init ] --END-- [ RunTime:0.000815s ]
ERR: æ— æ³•åŠ è½½æ¨¡å—:Public

[ 2018-03-18T12:49:54+08:00 ] 127.0.0.1 /Public/datetimepicker/datepicker-zh_cn.js
INFO: [ app_init ] --START--
INFO: Run Behavior\BuildLiteBehavior [ RunTime:0.000049s ]
INFO: [ app_init ] --END-- [ RunTime:0.000862s ]
ERR: æ— æ³•åŠ è½½æ¨¡å—:Public

[ 2018-03-18T12:49:54+08:00 ] 127.0.0.1 /Public/datetimepicker/time/jquery-ui-timepicker-addon.min.js
INFO: [ app_init ] --START--
INFO: Run Behavior\BuildLiteBehavior [ RunTime:0.000046s ]
INFO: [ app_init ] --END-- [ RunTime:0.000972s ]
ERR: æ— æ³•åŠ è½½æ¨¡å—:Public

[ 2018-03-18T12:49:54+08:00 ] 127.0.0.1 /Public/datetimepicker/time/i18n/jquery-ui-timepicker-addon-i18n.min.js
INFO: [ app_init ] --START--
INFO: Run Behavior\BuildLiteBehavior [ RunTime:0.000083s ]
INFO: [ app_init ] --END-- [ RunTime:0.001441s ]
ERR: æ— æ³•åŠ è½½æ¨¡å—:Public

[ 2018-03-18T12:49:54+08:00 ] 127.0.0.1 /Public/umeditor1_2_2-utf8-php/umeditor.config.js
INFO: [ app_init ] --START--
INFO: Run Behavior\BuildLiteBehavior [ RunTime:0.000041s ]
INFO: [ app_init ] --END-- [ RunTime:0.000864s ]
ERR: æ— æ³•åŠ è½½æ¨¡å—:Public

[ 2018-03-18T12:49:54+08:00 ] 127.0.0.1 /Public/umeditor1_2_2-utf8-php/umeditor.min.js
INFO: [ app_init ] --START--
INFO: Run Behavior\BuildLiteBehavior [ RunTime:0.000024s ]
INFO: [ app_init ] --END-- [ RunTime:0.000495s ]
ERR: æ— æ³•åŠ è½½æ¨¡å—:Public

[ 2018-03-18T12:49:54+08:00 ] 127.0.0.1 /Public/umeditor1_2_2-utf8-php/lang/zh-cn/zh-cn.js
INFO: [ app_init ] --START--
INFO: Run Behavior\BuildLiteBehavior [ RunTime:0.000029s ]
INFO: [ app_init ] --END-- [ RunTime:0.000505s ]
ERR: æ— æ³•åŠ è½½æ¨¡å—:Public

[ 2018-03-18T12:49:54+08:00 ] 127.0.0.1 /Public/datetimepicker/jquery-ui-1.9.2.custom.min.css
INFO: [ app_init ] --START--
INFO: Run Behavior\BuildLiteBehavior [ RunTime:0.000026s ]
INFO: [ app_init ] --END-- [ RunTime:0.000518s ]
ERR: æ— æ³•åŠ è½½æ¨¡å—:Public

[ 2018-03-18T12:49:54+08:00 ] 127.0.0.1 /Public/datetimepicker/jquery-ui-1.9.2.custom.min.js
INFO: [ app_init ] --START--
INFO: Run Behavior\BuildLiteBehavior [ RunTime:0.000026s ]
INFO: [ app_init ] --END-- [ RunTime:0.000574s ]
ERR: æ— æ³•åŠ è½½æ¨¡å—:Public

[ 2018-03-18T12:49:54+08:00 ] 127.0.0.1 /Public/datetimepicker/datepicker-zh_cn.js
INFO: [ app_init ] --START--
INFO: Run Behavior\BuildLiteBehavior [ RunTime:0.000022s ]
INFO: [ app_init ] --END-- [ RunTime:0.000510s ]
ERR: æ— æ³•åŠ è½½æ¨¡å—:Public

[ 2018-03-18T12:49:54+08:00 ] 127.0.0.1 /Public/datetimepicker/time/jquery-ui-timepicker-addon.min.js
INFO: [ app_init ] --START--
INFO: Run Behavior\BuildLiteBehavior [ RunTime:0.000023s ]
INFO: [ app_init ] --END-- [ RunTime:0.000496s ]
ERR: æ— æ³•åŠ è½½æ¨¡å—:Public

[ 2018-03-18T12:49:54+08:00 ] 127.0.0.1 /Public/datetimepicker/time/jquery-ui-timepicker-addon.min.css
INFO: [ app_init ] --START--
INFO: Run Behavior\BuildLiteBehavior [ RunTime:0.000030s ]
INFO: [ app_init ] --END-- [ RunTime:0.000541s ]
ERR: æ— æ³•åŠ è½½æ¨¡å—:Public

[ 2018-03-18T12:49:54+08:00 ] 127.0.0.1 /Public/datetimepicker/time/i18n/jquery-ui-timepicker-addon-i18n.min.js
INFO: [ app_init ] --START--
INFO: Run Behavior\BuildLiteBehavior [ RunTime:0.000023s ]
INFO: [ app_init ] --END-- [ RunTime:0.000534s ]
ERR: æ— æ³•åŠ è½½æ¨¡å—:Public

[ 2018-03-18T12:50:14+08:00 ] 127.0.0.1 /Public/umeditor1_2_2-utf8-php/umeditor.config.js
INFO: [ app_init ] --START--
INFO: Run Behavior\BuildLiteBehavior [ RunTime:0.000043s ]
INFO: [ app_init ] --END-- [ RunTime:0.000851s ]
ERR: æ— æ³•åŠ è½½æ¨¡å—:Public

[ 2018-03-18T12:50:14+08:00 ] 127.0.0.1 /Public/datetimepicker/time/jquery-ui-timepicker-addon.min.css
INFO: [ app_init ] --START--
INFO: Run Behavior\BuildLiteBehavior [ RunTime:0.000029s ]
INFO: [ app_init ] --END-- [ RunTime:0.000779s ]
ERR: æ— æ³•åŠ è½½æ¨¡å—:Public

[ 2018-03-18T12:50:14+08:00 ] 127.0.0.1 /Public/datetimepicker/jquery-ui-1.9.2.custom.min.css
INFO: [ app_init ] --START--
INFO: Run Behavior\BuildLiteBehavior [ RunTime:0.000039s ]
INFO: [ app_init ] --END-- [ RunTime:0.000857s ]
ERR: æ— æ³•åŠ è½½æ¨¡å—:Public

[ 2018-03-18T12:50:14+08:00 ] 127.0.0.1 /Public/umeditor1_2_2-utf8-php/third-party/jquery.min.js
INFO: [ app_init ] --START--
INFO: Run Behavior\BuildLiteBehavior [ RunTime:0.000036s ]
INFO: [ app_init ] --END-- [ RunTime:0.000851s ]
ERR: æ— æ³•åŠ è½½æ¨¡å—:Public

[ 2018-03-18T12:50:14+08:00 ] 127.0.0.1 /Public/umeditor1_2_2-utf8-php/themes/default/css/umeditor.css
INFO: [ app_init ] --START--
INFO: Run Behavior\BuildLiteBehavior [ RunTime:0.000048s ]
INFO: [ app_init ] --END-- [ RunTime:0.000754s ]
ERR: æ— æ³•åŠ è½½æ¨¡å—:Public

[ 2018-03-18T12:50:14+08:00 ] 127.0.0.1 /Public/umeditor1_2_2-utf8-php/lang/zh-cn/zh-cn.js
INFO: [ app_init ] --START--
INFO: Run Behavior\BuildLiteBehavior [ RunTime:0.000039s ]
INFO: [ app_init ] --END-- [ RunTime:0.001071s ]
ERR: æ— æ³•åŠ è½½æ¨¡å—:Public

[ 2018-03-18T12:50:14+08:00 ] 127.0.0.1 /Public/umeditor1_2_2-utf8-php/umeditor.min.js
INFO: [ app_init ] --START--
INFO: Run Behavior\BuildLiteBehavior [ RunTime:0.000040s ]
INFO: [ app_init ] --END-- [ RunTime:0.000810s ]
ERR: æ— æ³•åŠ è½½æ¨¡å—:Public

[ 2018-03-18T12:50:14+08:00 ] 127.0.0.1 /Public/datetimepicker/jquery-ui-1.9.2.custom.min.js
INFO: [ app_init ] --START--
INFO: Run Behavior\BuildLiteBehavior [ RunTime:0.000037s ]
INFO: [ app_init ] --END-- [ RunTime:0.000704s ]
ERR: æ— æ³•åŠ è½½æ¨¡å—:Public

[ 2018-03-18T12:50:14+08:00 ] 127.0.0.1 /Public/datetimepicker/datepicker-zh_cn.js
INFO: [ app_init ] --START--
INFO: Run Behavior\BuildLiteBehavior [ RunTime:0.000075s ]
INFO: [ app_init ] --END-- [ RunTime:0.001221s ]
ERR: æ— æ³•åŠ è½½æ¨¡å—:Public

[ 2018-03-18T12:50:14+08:00 ] 127.0.0.1 /Public/datetimepicker/time/i18n/jquery-ui-timepicker-addon-i18n.min.js
INFO: [ app_init ] --START--
INFO: Run Behavior\BuildLiteBehavior [ RunTime:0.000052s ]
INFO: [ app_init ] --END-- [ RunTime:0.001125s ]
ERR: æ— æ³•åŠ è½½æ¨¡å—:Public

[ 2018-03-18T12:50:14+08:00 ] 127.0.0.1 /Public/umeditor1_2_2-utf8-php/umeditor.config.js
INFO: [ app_init ] --START--
INFO: Run Behavior\BuildLiteBehavior [ RunTime:0.000054s ]
INFO: [ app_init ] --END-- [ RunTime:0.000981s ]
ERR: æ— æ³•åŠ è½½æ¨¡å—:Public

[ 2018-03-18T12:50:14+08:00 ] 127.0.0.1 /Public/datetimepicker/time/jquery-ui-timepicker-addon.min.js
INFO: [ app_init ] --START--
INFO: Run Behavior\BuildLiteBehavior [ RunTime:0.000047s ]
INFO: [ app_init ] --END-- [ RunTime:0.001441s ]
ERR: æ— æ³•åŠ è½½æ¨¡å—:Public

[ 2018-03-18T12:50:14+08:00 ] 127.0.0.1 /Public/umeditor1_2_2-utf8-php/umeditor.min.js
INFO: [ app_init ] --START--
INFO: Run Behavior\BuildLiteBehavior [ RunTime:0.000026s ]
INFO: [ app_init ] --END-- [ RunTime:0.000509s ]
ERR: æ— æ³•åŠ è½½æ¨¡å—:Public

[ 2018-03-18T12:50:14+08:00 ] 127.0.0.1 /Public/umeditor1_2_2-utf8-php/lang/zh-cn/zh-cn.js
INFO: [ app_init ] --START--
INFO: Run Behavior\BuildLiteBehavior [ RunTime:0.000026s ]
INFO: [ app_init ] --END-- [ RunTime:0.000495s ]
ERR: æ— æ³•åŠ è½½æ¨¡å—:Public

[ 2018-03-18T12:50:14+08:00 ] 127.0.0.1 /Public/datetimepicker/jquery-ui-1.9.2.custom.min.css
INFO: [ app_init ] --START--
INFO: Run Behavior\BuildLiteBehavior [ RunTime:0.000026s ]
INFO: [ app_init ] --END-- [ RunTime:0.000511s ]
ERR: æ— æ³•åŠ è½½æ¨¡å—:Public

[ 2018-03-18T12:50:14+08:00 ] 127.0.0.1 /Public/datetimepicker/jquery-ui-1.9.2.custom.min.js
INFO: [ app_init ] --START--
INFO: Run Behavior\BuildLiteBehavior [ RunTime:0.000024s ]
INFO: [ app_init ] --END-- [ RunTime:0.000565s ]
ERR: æ— æ³•åŠ è½½æ¨¡å—:Public

[ 2018-03-18T12:50:14+08:00 ] 127.0.0.1 /Public/datetimepicker/datepicker-zh_cn.js
INFO: [ app_init ] --START--
INFO: Run Behavior\BuildLiteBehavior [ RunTime:0.000025s ]
INFO: [ app_init ] --END-- [ RunTime:0.000573s ]
ERR: æ— æ³•åŠ è½½æ¨¡å—:Public

[ 2018-03-18T12:50:14+08:00 ] 127.0.0.1 /Public/datetimepicker/time/jquery-ui-timepicker-addon.min.js
INFO: [ app_init ] --START--
INFO: Run Behavior\BuildLiteBehavior [ RunTime:0.000026s ]
INFO: [ app_init ] --END-- [ RunTime:0.000514s ]
ERR: æ— æ³•åŠ è½½æ¨¡å—:Public

[ 2018-03-18T12:50:14+08:00 ] 127.0.0.1 /Public/datetimepicker/time/jquery-ui-timepicker-addon.min.css
INFO: [ app_init ] --START--
INFO: Run Behavior\BuildLiteBehavior [ RunTime:0.000027s ]
INFO: [ app_init ] --END-- [ RunTime:0.000831s ]
ERR: æ— æ³•åŠ è½½æ¨¡å—:Public

[ 2018-03-18T12:50:14+08:00 ] 127.0.0.1 /Public/datetimepicker/time/i18n/jquery-ui-timepicker-addon-i18n.min.js
INFO: [ app_init ] --START--
INFO: Run Behavior\BuildLiteBehavior [ RunTime:0.000023s ]
INFO: [ app_init ] --END-- [ RunTime:0.000539s ]
ERR: æ— æ³•åŠ è½½æ¨¡å—:Public

[ 2018-03-18T12:50:15+08:00 ] 127.0.0.1 /Public/umeditor1_2_2-utf8-php/umeditor.min.js
INFO: [ app_init ] --START--
INFO: Run Behavior\BuildLiteBehavior [ RunTime:0.000045s ]
INFO: [ app_init ] --END-- [ RunTime:0.000792s ]
ERR: æ— æ³•åŠ è½½æ¨¡å—:Public

[ 2018-03-18T12:50:15+08:00 ] 127.0.0.1 /Public/datetimepicker/jquery-ui-1.9.2.custom.min.css
INFO: [ app_init ] --START--
INFO: Run Behavior\BuildLiteBehavior [ RunTime:0.000074s ]
INFO: [ app_init ] --END-- [ RunTime:0.000978s ]
ERR: æ— æ³•åŠ è½½æ¨¡å—:Public

[ 2018-03-18T12:50:15+08:00 ] 127.0.0.1 /Public/umeditor1_2_2-utf8-php/third-party/jquery.min.js
INFO: [ app_init ] --START--
INFO: Run Behavior\BuildLiteBehavior [ RunTime:0.000040s ]
INFO: [ app_init ] --END-- [ RunTime:0.000861s ]
ERR: æ— æ³•åŠ è½½æ¨¡å—:Public

[ 2018-03-18T12:50:15+08:00 ] 127.0.0.1 /Public/umeditor1_2_2-utf8-php/lang/zh-cn/zh-cn.js
INFO: [ app_init ] --START--
INFO: Run Behavior\BuildLiteBehavior [ RunTime:0.000041s ]
INFO: [ app_init ] --END-- [ RunTime:0.000841s ]
ERR: æ— æ³•åŠ è½½æ¨¡å—:Public

[ 2018-03-18T12:50:15+08:00 ] 127.0.0.1 /Public/umeditor1_2_2-utf8-php/umeditor.config.js
INFO: [ app_init ] --START--
INFO: Run Behavior\BuildLiteBehavior [ RunTime:0.000057s ]
INFO: [ app_init ] --END-- [ RunTime:0.000928s ]
ERR: æ— æ³•åŠ è½½æ¨¡å—:Public

[ 2018-03-18T12:50:15+08:00 ] 127.0.0.1 /Public/umeditor1_2_2-utf8-php/themes/default/css/umeditor.css
INFO: [ app_init ] --START--
INFO: Run Behavior\BuildLiteBehavior [ RunTime:0.000042s ]
INFO: [ app_init ] --END-- [ RunTime:0.000933s ]
ERR: æ— æ³•åŠ è½½æ¨¡å—:Public

[ 2018-03-18T12:50:15+08:00 ] 127.0.0.1 /Public/datetimepicker/time/jquery-ui-timepicker-addon.min.css
INFO: [ app_init ] --START--
INFO: Run Behavior\BuildLiteBehavior [ RunTime:0.000046s ]
INFO: [ app_init ] --END-- [ RunTime:0.000778s ]
ERR: æ— æ³•åŠ è½½æ¨¡å—:Public

[ 2018-03-18T12:50:15+08:00 ] 127.0.0.1 /Public/datetimepicker/datepicker-zh_cn.js
INFO: [ app_init ] --START--
INFO: Run Behavior\BuildLiteBehavior [ RunTime:0.000043s ]
INFO: [ app_init ] --END-- [ RunTime:0.001090s ]
ERR: æ— æ³•åŠ è½½æ¨¡å—:Public

[ 2018-03-18T12:50:15+08:00 ] 127.0.0.1 /Public/datetimepicker/time/i18n/jquery-ui-timepicker-addon-i18n.min.js
INFO: [ app_init ] --START--
INFO: Run Behavior\BuildLiteBehavior [ RunTime:0.000029s ]
INFO: [ app_init ] --END-- [ RunTime:0.000699s ]
ERR: æ— æ³•åŠ è½½æ¨¡å—:Public

[ 2018-03-18T12:50:15+08:00 ] 127.0.0.1 /Public/datetimepicker/jquery-ui-1.9.2.custom.min.js
INFO: [ app_init ] --START--
INFO: Run Behavior\BuildLiteBehavior [ RunTime:0.000038s ]
INFO: [ app_init ] --END-- [ RunTime:0.000783s ]
ERR: æ— æ³•åŠ è½½æ¨¡å—:Public

[ 2018-03-18T12:50:15+08:00 ] 127.0.0.1 /Public/datetimepicker/time/jquery-ui-timepicker-addon.min.js
INFO: [ app_init ] --START--
INFO: Run Behavior\BuildLiteBehavior [ RunTime:0.000065s ]
INFO: [ app_init ] --END-- [ RunTime:0.000986s ]
ERR: æ— æ³•åŠ è½½æ¨¡å—:Public

[ 2018-03-18T12:50:15+08:00 ] 127.0.0.1 /Public/umeditor1_2_2-utf8-php/umeditor.config.js
INFO: [ app_init ] --START--
INFO: Run Behavior\BuildLiteBehavior [ RunTime:0.000028s ]
INFO: [ app_init ] --END-- [ RunTime:0.000827s ]
ERR: æ— æ³•åŠ è½½æ¨¡å—:Public

[ 2018-03-18T12:50:15+08:00 ] 127.0.0.1 /Public/umeditor1_2_2-utf8-php/umeditor.min.js
INFO: [ app_init ] --START--
INFO: Run Behavior\BuildLiteBehavior [ RunTime:0.000025s ]
INFO: [ app_init ] --END-- [ RunTime:0.000564s ]
ERR: æ— æ³•åŠ è½½æ¨¡å—:Public

[ 2018-03-18T12:50:15+08:00 ] 127.0.0.1 /Public/umeditor1_2_2-utf8-php/lang/zh-cn/zh-cn.js
INFO: [ app_init ] --START--
INFO: Run Behavior\BuildLiteBehavior [ RunTime:0.000023s ]
INFO: [ app_init ] --END-- [ RunTime:0.000533s ]
ERR: æ— æ³•åŠ è½½æ¨¡å—:Public

[ 2018-03-18T12:50:15+08:00 ] 127.0.0.1 /Public/datetimepicker/jquery-ui-1.9.2.custom.min.js
INFO: [ app_init ] --START--
INFO: Run Behavior\BuildLiteBehavior [ RunTime:0.000031s ]
INFO: [ app_init ] --END-- [ RunTime:0.000539s ]
ERR: æ— æ³•åŠ è½½æ¨¡å—:Public

[ 2018-03-18T12:50:15+08:00 ] 127.0.0.1 /Public/datetimepicker/jquery-ui-1.9.2.custom.min.css
INFO: [ app_init ] --START--
INFO: Run Behavior\BuildLiteBehavior [ RunTime:0.000024s ]
INFO: [ app_init ] --END-- [ RunTime:0.000601s ]
ERR: æ— æ³•åŠ è½½æ¨¡å—:Public

[ 2018-03-18T12:50:15+08:00 ] 127.0.0.1 /Public/datetimepicker/datepicker-zh_cn.js
INFO: [ app_init ] --START--
INFO: Run Behavior\BuildLiteBehavior [ RunTime:0.000024s ]
INFO: [ app_init ] --END-- [ RunTime:0.000568s ]
ERR: æ— æ³•åŠ è½½æ¨¡å—:Public

[ 2018-03-18T12:50:15+08:00 ] 127.0.0.1 /Public/datetimepicker/time/jquery-ui-timepicker-addon.min.css
INFO: [ app_init ] --START--
INFO: Run Behavior\BuildLiteBehavior [ RunTime:0.000034s ]
INFO: [ app_init ] --END-- [ RunTime:0.000686s ]
ERR: æ— æ³•åŠ è½½æ¨¡å—:Public

[ 2018-03-18T12:50:15+08:00 ] 127.0.0.1 /Public/datetimepicker/time/jquery-ui-timepicker-addon.min.js
INFO: [ app_init ] --START--
INFO: Run Behavior\BuildLiteBehavior [ RunTime:0.000024s ]
INFO: [ app_init ] --END-- [ RunTime:0.000590s ]
ERR: æ— æ³•åŠ è½½æ¨¡å—:Public

[ 2018-03-18T12:50:15+08:00 ] 127.0.0.1 /Public/datetimepicker/time/i18n/jquery-ui-timepicker-addon-i18n.min.js
INFO: [ app_init ] --START--
INFO: Run Behavior\BuildLiteBehavior [ RunTime:0.000023s ]
INFO: [ app_init ] --END-- [ RunTime:0.000537s ]
ERR: æ— æ³•åŠ è½½æ¨¡å—:Public

[ 2018-03-18T12:50:15+08:00 ] 127.0.0.1 /Public/umeditor1_2_2-utf8-php/themes/default/css/umeditor.css
INFO: [ app_init ] --START--
INFO: Run Behavior\BuildLiteBehavior [ RunTime:0.000039s ]
INFO: [ app_init ] --END-- [ RunTime:0.000899s ]
ERR: æ— æ³•åŠ è½½æ¨¡å—:Public

[ 2018-03-18T12:50:15+08:00 ] 127.0.0.1 /Public/umeditor1_2_2-utf8-php/third-party/jquery.min.js
INFO: [ app_init ] --START--
INFO: Run Behavior\BuildLiteBehavior [ RunTime:0.000030s ]
INFO: [ app_init ] --END-- [ RunTime:0.000673s ]
ERR: æ— æ³•åŠ è½½æ¨¡å—:Public

[ 2018-03-18T12:50:15+08:00 ] 127.0.0.1 /Public/umeditor1_2_2-utf8-php/umeditor.config.js
INFO: [ app_init ] --START--
INFO: Run Behavior\BuildLiteBehavior [ RunTime:0.000028s ]
INFO: [ app_init ] --END-- [ RunTime:0.000644s ]
ERR: æ— æ³•åŠ è½½æ¨¡å—:Public

[ 2018-03-18T12:50:15+08:00 ] 127.0.0.1 /Public/umeditor1_2_2-utf8-php/lang/zh-cn/zh-cn.js
INFO: [ app_init ] --START--
INFO: Run Behavior\BuildLiteBehavior [ RunTime:0.000040s ]
INFO: [ app_init ] --END-- [ RunTime:0.000782s ]
ERR: æ— æ³•åŠ è½½æ¨¡å—:Public



[ 2018-03-18T12:50:15+08:00 ] 127.0.0.1 /Public/umeditor1_2_2-utf8-php/umeditor.min.js
INFO: [ app_init ] --START--
INFO: Run Behavior\BuildLiteBehavior [ RunTime:0.000046s ]
INFO: [ app_init ] --END-- [ RunTime:0.000741s ]
ERR: æ— æ³•åŠ è½½æ¨¡å—:Public

[ 2018-03-18T12:50:15+08:00 ] 127.0.0.1 /Public/datetimepicker/jquery-ui-1.9.2.custom.min.js
INFO: [ app_init ] --START--
INFO: Run Behavior\BuildLiteBehavior [ RunTime:0.000029s ]
INFO: [ app_init ] --END-- [ RunTime:0.000706s ]
ERR: æ— æ³•åŠ è½½æ¨¡å—:Public

[ 2018-03-18T12:50:15+08:00 ] 127.0.0.1 /Public/datetimepicker/datepicker-zh_cn.js
INFO: [ app_init ] --START--
INFO: Run Behavior\BuildLiteBehavior [ RunTime:0.000029s ]
INFO: [ app_init ] --END-- [ RunTime:0.000593s ]
ERR: æ— æ³•åŠ è½½æ¨¡å—:Public

[ 2018-03-18T12:50:15+08:00 ] 127.0.0.1 /Public/datetimepicker/time/jquery-ui-timepicker-addon.min.css
INFO: [ app_init ] --START--
INFO: Run Behavior\BuildLiteBehavior [ RunTime:0.000032s ]
INFO: [ app_init ] --END-- [ RunTime:0.000750s ]
ERR: æ— æ³•åŠ è½½æ¨¡å—:Public

[ 2018-03-18T12:50:15+08:00 ] 127.0.0.1 /Public/datetimepicker/time/jquery-ui-timepicker-addon.min.js
INFO: [ app_init ] --START--
INFO: Run Behavior\BuildLiteBehavior [ RunTime:0.000042s ]
INFO: [ app_init ] --END-- [ RunTime:0.000734s ]
ERR: æ— æ³•åŠ è½½æ¨¡å—:Public

[ 2018-03-18T12:50:15+08:00 ] 127.0.0.1 /Public/datetimepicker/time/i18n/jquery-ui-timepicker-addon-i18n.min.js
INFO: [ app_init ] --START--
INFO: Run Behavior\BuildLiteBehavior [ RunTime:0.000060s ]
INFO: [ app_init ] --END-- [ RunTime:0.000890s ]
ERR: æ— æ³•åŠ è½½æ¨¡å—:Public

[ 2018-03-18T12:50:15+08:00 ] 127.0.0.1 /Public/umeditor1_2_2-utf8-php/lang/zh-cn/zh-cn.js
INFO: [ app_init ] --START--
INFO: Run Behavior\BuildLiteBehavior [ RunTime:0.000051s ]
INFO: [ app_init ] --END-- [ RunTime:0.001117s ]
ERR: æ— æ³•åŠ è½½æ¨¡å—:Public

[ 2018-03-18T12:50:15+08:00 ] 127.0.0.1 /Public/datetimepicker/jquery-ui-1.9.2.custom.min.js
INFO: [ app_init ] --START--
INFO: Run Behavior\BuildLiteBehavior [ RunTime:0.000026s ]
INFO: [ app_init ] --END-- [ RunTime:0.000606s ]
ERR: æ— æ³•åŠ è½½æ¨¡å—:Public

[ 2018-03-18T12:50:15+08:00 ] 127.0.0.1 /Public/datetimepicker/jquery-ui-1.9.2.custom.min.css
INFO: [ app_init ] --START--
INFO: Run Behavior\BuildLiteBehavior [ RunTime:0.000025s ]
INFO: [ app_init ] --END-- [ RunTime:0.000538s ]
ERR: æ— æ³•åŠ è½½æ¨¡å—:Public

[ 2018-03-18T12:50:15+08:00 ] 127.0.0.1 /Public/datetimepicker/datepicker-zh_cn.js
INFO: [ app_init ] --START--
INFO: Run Behavior\BuildLiteBehavior [ RunTime:0.000023s ]
INFO: [ app_init ] --END-- [ RunTime:0.000490s ]
ERR: æ— æ³•åŠ è½½æ¨¡å—:Public

[ 2018-03-18T12:50:16+08:00 ] 127.0.0.1 /Public/datetimepicker/time/jquery-ui-timepicker-addon.min.js
INFO: [ app_init ] --START--
INFO: Run Behavior\BuildLiteBehavior [ RunTime:0.000024s ]
INFO: [ app_init ] --END-- [ RunTime:0.000512s ]
ERR: æ— æ³•åŠ è½½æ¨¡å—:Public

[ 2018-03-18T12:50:16+08:00 ] 127.0.0.1 /Public/datetimepicker/time/jquery-ui-timepicker-addon.min.css
INFO: [ app_init ] --START--
INFO: Run Behavior\BuildLiteBehavior [ RunTime:0.000023s ]
INFO: [ app_init ] --END-- [ RunTime:0.000486s ]
ERR: æ— æ³•åŠ è½½æ¨¡å—:Public

[ 2018-03-18T12:50:16+08:00 ] 127.0.0.1 /Public/datetimepicker/time/i18n/jquery-ui-timepicker-addon-i18n.min.js
INFO: [ app_init ] --START--
INFO: Run Behavior\BuildLiteBehavior [ RunTime:0.000024s ]
INFO: [ app_init ] --END-- [ RunTime:0.000515s ]
ERR: æ— æ³•åŠ è½½æ¨¡å—:Public

[ 2018-03-18T12:50:43+08:00 ] 127.0.0.1 /Public/umeditor1_2_2-utf8-php/themes/default/css/umeditor.css
INFO: [ app_init ] --START--
INFO: Run Behavior\BuildLiteBehavior [ RunTime:0.000043s ]
INFO: [ app_init ] --END-- [ RunTime:0.000850s ]
ERR: æ— æ³•åŠ è½½æ¨¡å—:Public

[ 2018-03-18T12:50:43+08:00 ] 127.0.0.1 /Public/datetimepicker/jquery-ui-1.9.2.custom.min.css
INFO: [ app_init ] --START--
INFO: Run Behavior\BuildLiteBehavior [ RunTime:0.000050s ]
INFO: [ app_init ] --END-- [ RunTime:0.000870s ]
ERR: æ— æ³•åŠ è½½æ¨¡å—:Public

[ 2018-03-18T12:50:43+08:00 ] 127.0.0.1 /Public/umeditor1_2_2-utf8-php/lang/zh-cn/zh-cn.js
INFO: [ app_init ] --START--
INFO: Run Behavior\BuildLiteBehavior [ RunTime:0.000064s ]
INFO: [ app_init ] --END-- [ RunTime:0.000871s ]
ERR: æ— æ³•åŠ è½½æ¨¡å—:Public

[ 2018-03-18T12:50:43+08:00 ] 127.0.0.1 /Public/umeditor1_2_2-utf8-php/third-party/jquery.min.js
INFO: [ app_init ] --START--
INFO: Run Behavior\BuildLiteBehavior [ RunTime:0.000033s ]
INFO: [ app_init ] --END-- [ RunTime:0.000792s ]
ERR: æ— æ³•åŠ è½½æ¨¡å—:Public

[ 2018-03-18T12:50:43+08:00 ] 127.0.0.1 /Public/umeditor1_2_2-utf8-php/umeditor.min.js
INFO: [ app_init ] --START--
INFO: Run Behavior\BuildLiteBehavior [ RunTime:0.000045s ]
INFO: [ app_init ] --END-- [ RunTime:0.000832s ]
ERR: æ— æ³•åŠ è½½æ¨¡å—:Public

[ 2018-03-18T12:50:43+08:00 ] 127.0.0.1 /Public/umeditor1_2_2-utf8-php/umeditor.config.js
INFO: [ app_init ] --START--
INFO: Run Behavior\BuildLiteBehavior [ RunTime:0.000046s ]
INFO: [ app_init ] --END-- [ RunTime:0.000899s ]
ERR: æ— æ³•åŠ è½½æ¨¡å—:Public

[ 2018-03-18T12:50:43+08:00 ] 127.0.0.1 /Public/datetimepicker/jquery-ui-1.9.2.custom.min.js
INFO: [ app_init ] --START--
INFO: Run Behavior\BuildLiteBehavior [ RunTime:0.000041s ]
INFO: [ app_init ] --END-- [ RunTime:0.000743s ]
ERR: æ— æ³•åŠ è½½æ¨¡å—:Public

[ 2018-03-18T12:50:43+08:00 ] 127.0.0.1 /Public/datetimepicker/time/jquery-ui-timepicker-addon.min.css
INFO: [ app_init ] --START--
INFO: Run Behavior\BuildLiteBehavior [ RunTime:0.000037s ]
INFO: [ app_init ] --END-- [ RunTime:0.000686s ]
ERR: æ— æ³•åŠ è½½æ¨¡å—:Public

[ 2018-03-18T12:50:43+08:00 ] 127.0.0.1 /Public/datetimepicker/datepicker-zh_cn.js
INFO: [ app_init ] --START--
INFO: Run Behavior\BuildLiteBehavior [ RunTime:0.000036s ]
INFO: [ app_init ] --END-- [ RunTime:0.000735s ]
ERR: æ— æ³•åŠ è½½æ¨¡å—:Public

[ 2018-03-18T12:50:43+08:00 ] 127.0.0.1 /Public/datetimepicker/time/jquery-ui-timepicker-addon.min.js
INFO: [ app_init ] --START--
INFO: Run Behavior\BuildLiteBehavior [ RunTime:0.000079s ]
INFO: [ app_init ] --END-- [ RunTime:0.001212s ]
ERR: æ— æ³•åŠ è½½æ¨¡å—:Public

[ 2018-03-18T12:50:43+08:00 ] 127.0.0.1 /Public/datetimepicker/time/i18n/jquery-ui-timepicker-addon-i18n.min.js
INFO: [ app_init ] --START--
INFO: Run Behavior\BuildLiteBehavior [ RunTime:0.000049s ]
INFO: [ app_init ] --END-- [ RunTime:0.001272s ]
ERR: æ— æ³•åŠ è½½æ¨¡å—:Public

[ 2018-03-18T12:50:43+08:00 ] 127.0.0.1 /Public/umeditor1_2_2-utf8-php/umeditor.min.js
INFO: [ app_init ] --START--
INFO: Run Behavior\BuildLiteBehavior [ RunTime:0.000029s ]
INFO: [ app_init ] --END-- [ RunTime:0.000719s ]
ERR: æ— æ³•åŠ è½½æ¨¡å—:Public

[ 2018-03-18T12:50:43+08:00 ] 127.0.0.1 /Public/umeditor1_2_2-utf8-php/lang/zh-cn/zh-cn.js
INFO: [ app_init ] --START--
INFO: Run Behavior\BuildLiteBehavior [ RunTime:0.000023s ]
INFO: [ app_init ] --END-- [ RunTime:0.000536s ]
ERR: æ— æ³•åŠ è½½æ¨¡å—:Public

[ 2018-03-18T12:50:43+08:00 ] 127.0.0.1 /Public/datetimepicker/jquery-ui-1.9.2.custom.min.js
INFO: [ app_init ] --START--
INFO: Run Behavior\BuildLiteBehavior [ RunTime:0.000027s ]
INFO: [ app_init ] --END-- [ RunTime:0.000558s ]
ERR: æ— æ³•åŠ è½½æ¨¡å—:Public

[ 2018-03-18T12:50:43+08:00 ] 127.0.0.1 /Public/datetimepicker/jquery-ui-1.9.2.custom.min.css
INFO: [ app_init ] --START--
INFO: Run Behavior\BuildLiteBehavior [ RunTime:0.000037s ]
INFO: [ app_init ] --END-- [ RunTime:0.000629s ]
ERR: æ— æ³•åŠ è½½æ¨¡å—:Public

[ 2018-03-18T12:50:43+08:00 ] 127.0.0.1 /Public/datetimepicker/datepicker-zh_cn.js
INFO: [ app_init ] --START--
INFO: Run Behavior\BuildLiteBehavior [ RunTime:0.000022s ]
INFO: [ app_init ] --END-- [ RunTime:0.000538s ]
ERR: æ— æ³•åŠ è½½æ¨¡å—:Public

[ 2018-03-18T12:50:43+08:00 ] 127.0.0.1 /Public/datetimepicker/time/jquery-ui-timepicker-addon.min.js
INFO: [ app_init ] --START--
INFO: Run Behavior\BuildLiteBehavior [ RunTime:0.000025s ]
INFO: [ app_init ] --END-- [ RunTime:0.000528s ]
ERR: æ— æ³•åŠ è½½æ¨¡å—:Public

[ 2018-03-18T12:50:43+08:00 ] 127.0.0.1 /Public/datetimepicker/time/jquery-ui-timepicker-addon.min.css
INFO: [ app_init ] --START--
INFO: Run Behavior\BuildLiteBehavior [ RunTime:0.000024s ]
INFO: [ app_init ] --END-- [ RunTime:0.000541s ]
ERR: æ— æ³•åŠ è½½æ¨¡å—:Public

[ 2018-03-18T12:50:43+08:00 ] 127.0.0.1 /Public/datetimepicker/time/i18n/jquery-ui-timepicker-addon-i18n.min.js
INFO: [ app_init ] --START--
INFO: Run Behavior\BuildLiteBehavior [ RunTime:0.000024s ]
INFO: [ app_init ] --END-- [ RunTime:0.000546s ]
ERR: æ— æ³•åŠ è½½æ¨¡å—:Public

[ 2018-03-18T12:50:44+08:00 ] 127.0.0.1 /Public/umeditor1_2_2-utf8-php/third-party/jquery.min.js
INFO: [ app_init ] --START--
INFO: Run Behavior\BuildLiteBehavior [ RunTime:0.000025s ]
INFO: [ app_init ] --END-- [ RunTime:0.000597s ]
ERR: æ— æ³•åŠ è½½æ¨¡å—:Public

[ 2018-03-18T12:50:44+08:00 ] 127.0.0.1 /Public/umeditor1_2_2-utf8-php/umeditor.min.js
INFO: [ app_init ] --START--
INFO: Run Behavior\BuildLiteBehavior [ RunTime:0.000040s ]
INFO: [ app_init ] --END-- [ RunTime:0.000929s ]
ERR: æ— æ³•åŠ è½½æ¨¡å—:Public

[ 2018-03-18T12:50:44+08:00 ] 127.0.0.1 /Public/umeditor1_2_2-utf8-php/lang/zh-cn/zh-cn.js
INFO: [ app_init ] --START--
INFO: Run Behavior\BuildLiteBehavior [ RunTime:0.000041s ]
INFO: [ app_init ] --END-- [ RunTime:0.000918s ]
ERR: æ— æ³•åŠ è½½æ¨¡å—:Public

—:Public

[ 2018-03-18T12:50:44+08:00 ] 127.0.0.1 /Public/datetimepicker/jquery-ui-1.9.2.custom.min.css
INFO: [ app_init ] --START--
INFO: Run Behavior\BuildLiteBehavior [ RunTime:0.000078s ]
INFO: [ app_init ] --END-- [ RunTime:0.000767s ]
ERR: æ— æ³•åŠ è½½æ¨¡å—:Public

[ 2018-03-18T12:50:44+08:00 ] 127.0.0.1 /Public/datetimepicker/time/jquery-ui-timepicker-addon.min.css
INFO: [ app_init ] --START--
INFO: Run Behavior\BuildLiteBehavior [ RunTime:0.000034s ]
INFO: [ app_init ] --END-- [ RunTime:0.000790s ]
ERR: æ— æ³•åŠ è½½æ¨¡å—:Public

[ 2018-03-18T12:50:44+08:00 ] 127.0.0.1 /Public/umeditor1_2_2-utf8-php/umeditor.config.js
INFO: [ app_init ] --START--
INFO: Run Behavior\BuildLiteBehavior [ RunTime:0.000029s ]
INFO: [ app_init ] --END-- [ RunTime:0.000577s ]
ERR: æ— æ³•åŠ è½½æ¨¡å—:Public

[ 2018-03-18T12:50:44+08:00 ] 127.0.0.1 /Public/datetimepicker/datepicker-zh_cn.js
INFO: [ app_init ] --START--
INFO: Run Behavior\BuildLiteBehavior [ RunTime:0.000044s ]
INFO: [ app_init ] --END-- [ RunTime:0.000849s ]
ERR: æ— æ³•åŠ è½½æ¨¡å—:Public

[ 2018-03-18T12:50:44+08:00 ] 127.0.0.1 /Public/datetimepicker/time/i18n/jquery-ui-timepicker-addon-i18n.min.js
INFO: [ app_init ] --START--
INFO: Run Behavior\BuildLiteBehavior [ RunTime:0.000061s ]
INFO: [ app_init ] --END-- [ RunTime:0.001322s ]
ERR: æ— æ³•åŠ è½½æ¨¡å—:Public

[ 2018-03-18T12:50:44+08:00 ] 127.0.0.1 /Public/datetimepicker/time/jquery-ui-timepicker-addon.min.js
INFO: [ app_init ] --START--
INFO: Run Behavior\BuildLiteBehavior [ RunTime:0.000054s ]
INFO: [ app_init ] --END-- [ RunTime:0.001051s ]
ERR: æ— æ³•åŠ è½½æ¨¡å—:Public

[ 2018-03-18T12:50:44+08:00 ] 127.0.0.1 /Public/umeditor1_2_2-utf8-php/umeditor.min.js
INFO: [ app_init ] --START--
INFO: Run Behavior\BuildLiteBehavior [ RunTime:0.000026s ]
INFO: [ app_init ] --END-- [ RunTime:0.000529s ]
ERR: æ— æ³•åŠ è½½æ¨¡å—:Public

[ 2018-03-18T12:50:44+08:00 ] 127.0.0.1 /Public/umeditor1_2_2-utf8-php/lang/zh-cn/zh-cn.js
INFO: [ app_init ] --START--
INFO: Run Behavior\BuildLiteBehavior [ RunTime:0.000026s ]
INFO: [ app_init ] --END-- [ RunTime:0.000509s ]
ERR: æ— æ³•åŠ è½½æ¨¡å—:Public

[ 2018-03-18T12:50:44+08:00 ] 127.0.0.1 /Public/datetimepicker/jquery-ui-1.9.2.custom.min.css
INFO: [ app_init ] --START--
INFO: Run Behavior\BuildLiteBehavior [ RunTime:0.000025s ]
INFO: [ app_init ] --END-- [ RunTime:0.000526s ]
ERR: æ— æ³•åŠ è½½æ¨¡å—:Public

[ 2018-03-18T12:50:44+08:00 ] 127.0.0.1 /Public/datetimepicker/jquery-ui-1.9.2.custom.min.js
INFO: [ app_init ] --START--
INFO: Run Behavior\BuildLiteBehavior [ RunTime:0.000024s ]
INFO: [ app_init ] --END-- [ RunTime:0.000543s ]
ERR: æ— æ³•åŠ è½½æ¨¡å—:Public

[ 2018-03-18T12:50:44+08:00 ] 127.0.0.1 /Public/datetimepicker/datepicker-zh_cn.js
INFO: [ app_init ] --START--
INFO: Run Behavior\BuildLiteBehavior [ RunTime:0.000025s ]
INFO: [ app_init ] --END-- [ RunTime:0.000565s ]
ERR: æ— æ³•åŠ è½½æ¨¡å—:Public

[ 2018-03-18T12:50:44+08:00 ] 127.0.0.1 /Public/datetimepicker/time/jquery-ui-timepicker-addon.min.css
INFO: [ app_init ] --START--
INFO: Run Behavior\BuildLiteBehavior [ RunTime:0.000026s ]
INFO: [ app_init ] --END-- [ RunTime:0.000524s ]
ERR: æ— æ³•åŠ è½½æ¨¡å—:Public

[ 2018-03-18T12:50:44+08:00 ] 127.0.0.1 /Public/datetimepicker/time/jquery-ui-timepicker-addon.min.js
INFO: [ app_init ] --START--
INFO: Run Behavior\BuildLiteBehavior [ RunTime:0.000024s ]
INFO: [ app_init ] --END-- [ RunTime:0.000548s ]
ERR: æ— æ³•åŠ è½½æ¨¡å—:Public

[ 2018-03-18T12:50:44+08:00 ] 127.0.0.1 /Public/datetimepicker/time/i18n/jquery-ui-timepicker-addon-i18n.min.js
INFO: [ app_init ] --START--
INFO: Run Behavior\BuildLiteBehavior [ RunTime:0.000025s ]
INFO: [ app_init ] --END-- [ RunTime:0.000573s ]
ERR: æ— æ³•åŠ è½½æ¨¡å—:Public

[ 2018-03-18T12:50:47+08:00 ] 127.0.0.1 /Public/umeditor1_2_2-utf8-php/third-party/jquery.min.js
INFO: [ app_init ] --START--
INFO: Run Behavior\BuildLiteBehavior [ RunTime:0.000026s ]
INFO: [ app_init ] --END-- [ RunTime:0.000603s ]
ERR: æ— æ³•åŠ è½½æ¨¡å—:Public

[ 2018-03-18T12:50:47+08:00 ] 127.0.0.1 /Public/umeditor1_2_2-utf8-php/lang/zh-cn/zh-cn.js
INFO: [ app_init ] --START--
INFO: Run Behavior\BuildLiteBehavior [ RunTime:0.000030s ]
INFO: [ app_init ] --END-- [ RunTime:0.000644s ]
ERR: æ— æ³•åŠ è½½æ¨¡å—:Public

[ 2018-03-18T12:50:47+08:00 ] 127.0.0.1 /Public/umeditor1_2_2-utf8-php/umeditor.config.js
INFO: [ app_init ] --START--
INFO: Run Behavior\BuildLiteBehavior [ RunTime:0.000038s ]
INFO: [ app_init ] --END-- [ RunTime:0.000785s ]
ERR: æ— æ³•åŠ è½½æ¨¡å—:Public

[ 2018-03-18T12:50:47+08:00 ] 127.0.0.1 /Public/datetimepicker/datepicker-zh_cn.js
INFO: [ app_init ] --START--
INFO: Run Behavior\BuildLiteBehavior [ RunTime:0.000038s ]
INFO: [ app_init ] --END-- [ RunTime:0.000647s ]
ERR: æ— æ³•åŠ è½½æ¨¡å—:Public

è½½æ¨¡å—:Public

[ 2018-03-18T12:50:47+08:00 ] 127.0.0.1 /Public/datetimepicker/time/jquery-ui-timepicker-addon.min.css
INFO: [ app_init ] --START--
INFO: Run Behavior\BuildLiteBehavior [ RunTime:0.000044s ]
INFO: [ app_init ] --END-- [ RunTime:0.000840s ]
ERR: æ— æ³•åŠ è½½æ¨¡å—:Public

[ 2018-03-18T12:50:47+08:00 ] 127.0.0.1 /Public/datetimepicker/jquery-ui-1.9.2.custom.min.css
INFO: [ app_init ] --START--
INFO: Run Behavior\BuildLiteBehavior [ RunTime:0.000042s ]
INFO: [ app_init ] --END-- [ RunTime:0.000837s ]
ERR: æ— æ³•åŠ è½½æ¨¡å—:Public

[ 2018-03-18T12:50:47+08:00 ] 127.0.0.1 /Public/datetimepicker/time/i18n/jquery-ui-timepicker-addon-i18n.min.js
INFO: [ app_init ] --START--
INFO: Run Behavior\BuildLiteBehavior [ RunTime:0.000042s ]
INFO: [ app_init ] --END-- [ RunTime:0.000785s ]
ERR: æ— æ³•åŠ è½½æ¨¡å—:Public

[ 2018-03-18T12:50:47+08:00 ] 127.0.0.1 /Public/datetimepicker/jquery-ui-1.9.2.custom.min.js
INFO: [ app_init ] --START--
INFO: Run Behavior\BuildLiteBehavior [ RunTime:0.000041s ]
INFO: [ app_init ] --END-- [ RunTime:0.000878s ]
ERR: æ— æ³•åŠ è½½æ¨¡å—:Public

[ 2018-03-18T12:50:47+08:00 ] 127.0.0.1 /Public/datetimepicker/time/jquery-ui-timepicker-addon.min.js
INFO: [ app_init ] --START--
INFO: Run Behavior\BuildLiteBehavior [ RunTime:0.000042s ]
INFO: [ app_init ] --END-- [ RunTime:0.000783s ]
ERR: æ— æ³•åŠ è½½æ¨¡å—:Public

[ 2018-03-18T12:50:47+08:00 ] 127.0.0.1 /Public/umeditor1_2_2-utf8-php/umeditor.config.js
INFO: [ app_init ] --START--
INFO: Run Behavior\BuildLiteBehavior [ RunTime:0.000050s ]
INFO: [ app_init ] --END-- [ RunTime:0.001577s ]
ERR: æ— æ³•åŠ è½½æ¨¡å—:Public

[ 2018-03-18T12:50:47+08:00 ] 127.0.0.1 /Public/umeditor1_2_2-utf8-php/umeditor.min.js
INFO: [ app_init ] --START--
INFO: Run Behavior\BuildLiteBehavior [ RunTime:0.000024s ]
INFO: [ app_init ] --END-- [ RunTime:0.000548s ]
ERR: æ— æ³•åŠ è½½æ¨¡å—:Public

[ 2018-03-18T12:50:47+08:00 ] 127.0.0.1 /Public/umeditor1_2_2-utf8-php/lang/zh-cn/zh-cn.js
INFO: [ app_init ] --START--
INFO: Run Behavior\BuildLiteBehavior [ RunTime:0.000025s ]
INFO: [ app_init ] --END-- [ RunTime:0.000598s ]
ERR: æ— æ³•åŠ è½½æ¨¡å—:Public

[ 2018-03-18T12:50:47+08:00 ] 127.0.0.1 /Public/datetimepicker/jquery-ui-1.9.2.custom.min.css
INFO: [ app_init ] --START--
INFO: Run Behavior\BuildLiteBehavior [ RunTime:0.000025s ]
INFO: [ app_init ] --END-- [ RunTime:0.000588s ]
ERR: æ— æ³•åŠ è½½æ¨¡å—:Public

[ 2018-03-18T12:50:47+08:00 ] 127.0.0.1 /Public/datetimepicker/jquery-ui-1.9.2.custom.min.js
INFO: [ app_init ] --START--
INFO: Run Behavior\BuildLiteBehavior [ RunTime:0.000030s ]
INFO: [ app_init ] --END-- [ RunTime:0.000551s ]
ERR: æ— æ³•åŠ è½½æ¨¡å—:Public

[ 2018-03-18T12:50:47+08:00 ] 127.0.0.1 /Public/datetimepicker/datepicker-zh_cn.js
INFO: [ app_init ] --START--
INFO: Run Behavior\BuildLiteBehavior [ RunTime:0.000023s ]
INFO: [ app_init ] --END-- [ RunTime:0.000502s ]
ERR: æ— æ³•åŠ è½½æ¨¡å—:Public

[ 2018-03-18T12:50:47+08:00 ] 127.0.0.1 /Public/datetimepicker/time/jquery-ui-timepicker-addon.min.js
INFO: [ app_init ] --START--
INFO: Run Behavior\BuildLiteBehavior [ RunTime:0.000025s ]
INFO: [ app_init ] --END-- [ RunTime:0.000555s ]
ERR: æ— æ³•åŠ è½½æ¨¡å—:Public

[ 2018-03-18T12:50:47+08:00 ] 127.0.0.1 /Public/datetimepicker/time/jquery-ui-timepicker-addon.min.css
INFO: [ app_init ] --START--
INFO: Run Behavior\BuildLiteBehavior [ RunTime:0.000024s ]
INFO: [ app_init ] --END-- [ RunTime:0.000557s ]
ERR: æ— æ³•åŠ è½½æ¨¡å—:Public

[ 2018-03-18T12:50:47+08:00 ] 127.0.0.1 /Public/datetimepicker/time/i18n/jquery-ui-timepicker-addon-i18n.min.js
INFO: [ app_init ] --START--
INFO: Run Behavior\BuildLiteBehavior [ RunTime:0.000024s ]
INFO: [ app_init ] --END-- [ RunTime:0.000559s ]
ERR: æ— æ³•åŠ è½½æ¨¡å—:Public

[ 2018-03-18T13:20:37+08:00 ] 127.0.0.1 /Public/umeditor1_2_2-utf8-php/themes/default/css/umeditor.css
INFO: [ app_init ] --START--
INFO: Run Behavior\BuildLiteBehavior [ RunTime:0.000027s ]
INFO: [ app_init ] --END-- [ RunTime:0.000646s ]
ERR: æ— æ³•åŠ è½½æ¨¡å—:Public

[ 2018-03-18T13:20:37+08:00 ] 127.0.0.1 /Public/umeditor1_2_2-utf8-php/third-party/jquery.min.js
INFO: [ app_init ] --START--
INFO: Run Behavior\BuildLiteBehavior [ RunTime:0.000045s ]
INFO: [ app_init ] --END-- [ RunTime:0.000897s ]
ERR: æ— æ³•åŠ è½½æ¨¡å—:Public

[ 2018-03-18T13:20:37+08:00 ] 127.0.0.1 /Public/umeditor1_2_2-utf8-php/umeditor.config.js
INFO: [ app_init ] --START--
INFO: Run Behavior\BuildLiteBehavior [ RunTime:0.000041s ]
INFO: [ app_init ] --END-- [ RunTime:0.000954s ]
ERR: æ— æ³•åŠ è½½æ¨¡å—:Public

[ 2018-03-18T13:20:37+08:00 ] 127.0.0.1 /Public/datetimepicker/jquery-ui-1.9.2.custom.min.css
INFO: [ app_init ] --START--
INFO: Run Behavior\BuildLiteBehavior [ RunTime:0.000028s ]
INFO: [ app_init ] --END-- [ RunTime:0.000574s ]
ERR: æ— æ³•åŠ è½½æ¨¡å—:Public

[ 2018-03-18T13:20:37+08:00 ] 127.0.0.1 /Public/umeditor1_2_2-utf8-php/umeditor.min.js
INFO: [ app_init ] --START--
INFO: Run Behavior\BuildLiteBehavior [ RunTime:0.000037s ]
INFO: [ app_init ] --END-- [ RunTime:0.000722s ]
ERR: æ— æ³•åŠ è½½æ¨¡å—:Public



[ 2018-03-18T13:20:37+08:00 ] 127.0.0.1 /Public/datetimepicker/time/jquery-ui-timepicker-addon.min.css
INFO: [ app_init ] --START--
INFO: Run Behavior\BuildLiteBehavior [ RunTime:0.000040s ]
INFO: [ app_init ] --END-- [ RunTime:0.000849s ]
ERR: æ— æ³•åŠ è½½æ¨¡å—:Public

[ 2018-03-18T13:20:37+08:00 ] 127.0.0.1 /Public/datetimepicker/jquery-ui-1.9.2.custom.min.js
INFO: [ app_init ] --START--
INFO: Run Behavior\BuildLiteBehavior [ RunTime:0.000045s ]
INFO: [ app_init ] --END-- [ RunTime:0.000860s ]
ERR: æ— æ³•åŠ è½½æ¨¡å—:Public

[ 2018-03-18T13:20:37+08:00 ] 127.0.0.1 /Public/datetimepicker/datepicker-zh_cn.js
INFO: [ app_init ] --START--
INFO: Run Behavior\BuildLiteBehavior [ RunTime:0.000044s ]
INFO: [ app_init ] --END-- [ RunTime:0.000786s ]
ERR: æ— æ³•åŠ è½½æ¨¡å—:Public

[ 2018-03-18T13:20:37+08:00 ] 127.0.0.1 /Public/datetimepicker/time/jquery-ui-timepicker-addon.min.js
INFO: [ app_init ] --START--
INFO: Run Behavior\BuildLiteBehavior [ RunTime:0.000041s ]
INFO: [ app_init ] --END-- [ RunTime:0.000780s ]
ERR: æ— æ³•åŠ è½½æ¨¡å—:Public

Public

[ 2018-03-18T13:20:37+08:00 ] 127.0.0.1 /Public/datetimepicker/jquery-ui-1.9.2.custom.min.css
INFO: [ app_init ] --START--
INFO: Run Behavior\BuildLiteBehavior [ RunTime:0.000044s ]
INFO: [ app_init ] --END-- [ RunTime:0.001049s ]
ERR: æ— æ³•åŠ è½½æ¨¡å—:Public

[ 2018-03-18T13:20:37+08:00 ] 127.0.0.1 /Public/datetimepicker/datepicker-zh_cn.js
INFO: [ app_init ] --START--
INFO: Run Behavior\BuildLiteBehavior [ RunTime:0.000024s ]
INFO: [ app_init ] --END-- [ RunTime:0.000472s ]
ERR: æ— æ³•åŠ è½½æ¨¡å—:Public

[ 2018-03-18T13:20:37+08:00 ] 127.0.0.1 /Public/datetimepicker/time/jquery-ui-timepicker-addon.min.js
INFO: [ app_init ] --START--
INFO: Run Behavior\BuildLiteBehavior [ RunTime:0.000026s ]
INFO: [ app_init ] --END-- [ RunTime:0.000570s ]
ERR: æ— æ³•åŠ è½½æ¨¡å—:Public

[ 2018-03-18T13:20:37+08:00 ] 127.0.0.1 /Public/datetimepicker/time/jquery-ui-timepicker-addon.min.css
INFO: [ app_init ] --START--
INFO: Run Behavior\BuildLiteBehavior [ RunTime:0.000028s ]
INFO: [ app_init ] --END-- [ RunTime:0.000585s ]
ERR: æ— æ³•åŠ è½½æ¨¡å—:Public

[ 2018-03-18T13:20:37+08:00 ] 127.0.0.1 /Public/datetimepicker/time/i18n/jquery-ui-timepicker-addon-i18n.min.js
INFO: [ app_init ] --START--
INFO: Run Behavior\BuildLiteBehavior [ RunTime:0.000027s ]
INFO: [ app_init ] --END-- [ RunTime:0.000542s ]
ERR: æ— æ³•åŠ è½½æ¨¡å—:Public

[ 2018-03-18T13:24:11+08:00 ] 127.0.0.1 /Public/umeditor1_2_2-utf8-php/themes/default/css/umeditor.css
INFO: [ app_init ] --START--
INFO: Run Behavior\BuildLiteBehavior [ RunTime:0.000050s ]
INFO: [ app_init ] --END-- [ RunTime:0.001746s ]
ERR: æ— æ³•åŠ è½½æ¨¡å—:Public

[ 2018-03-18T13:24:11+08:00 ] 127.0.0.1 /Public/umeditor1_2_2-utf8-php/third-party/jquery.min.js
INFO: [ app_init ] --START--
INFO: Run Behavior\BuildLiteBehavior [ RunTime:0.000446s ]
INFO: [ app_init ] --END-- [ RunTime:0.001446s ]
ERR: æ— æ³•åŠ è½½æ¨¡å—:Public

[ 2018-03-18T13:24:11+08:00 ] 127.0.0.1 /Public/umeditor1_2_2-utf8-php/lang/zh-cn/zh-cn.js
INFO: [ app_init ] --START--
INFO: Run Behavior\BuildLiteBehavior [ RunTime:0.000036s ]
INFO: [ app_init ] --END-- [ RunTime:0.000842s ]
ERR: æ— æ³•åŠ è½½æ¨¡å—:Public

[ 2018-03-18T13:24:11+08:00 ] 127.0.0.1 /Public/umeditor1_2_2-utf8-php/umeditor.config.js
INFO: [ app_init ] --START--
INFO: Run Behavior\BuildLiteBehavior [ RunTime:0.000048s ]
INFO: [ app_init ] --END-- [ RunTime:0.001030s ]
ERR: æ— æ³•åŠ è½½æ¨¡å—:Public



[ 2018-03-18T13:24:11+08:00 ] 127.0.0.1 /Public/umeditor1_2_2-utf8-php/umeditor.min.js
INFO: [ app_init ] --START--
INFO: Run Behavior\BuildLiteBehavior [ RunTime:0.000049s ]
INFO: [ app_init ] --END-- [ RunTime:0.001259s ]
ERR: æ— æ³•åŠ è½½æ¨¡å—:Public

[ 2018-03-18T13:24:11+08:00 ] 127.0.0.1 /Public/datetimepicker/time/jquery-ui-timepicker-addon.min.css
INFO: [ app_init ] --START--
INFO: Run Behavior\BuildLiteBehavior [ RunTime:0.000043s ]
INFO: [ app_init ] --END-- [ RunTime:0.000778s ]
ERR: æ— æ³•åŠ è½½æ¨¡å—:Public

[ 2018-03-18T13:24:11+08:00 ] 127.0.0.1 /Public/datetimepicker/jquery-ui-1.9.2.custom.min.js
INFO: [ app_init ] --START--
INFO: Run Behavior\BuildLiteBehavior [ RunTime:0.000045s ]
INFO: [ app_init ] --END-- [ RunTime:0.000903s ]
ERR: æ— æ³•åŠ è½½æ¨¡å—:Public

[ 2018-03-18T13:24:11+08:00 ] 127.0.0.1 /Public/datetimepicker/datepicker-zh_cn.js
INFO: [ app_init ] --START--
INFO: Run Behavior\BuildLiteBehavior [ RunTime:0.000038s ]
INFO: [ app_init ] --END-- [ RunTime:0.000980s ]
ERR: æ— æ³•åŠ è½½æ¨¡å—:Public

½½æ¨¡å—:Public

[ 2018-03-18T13:24:11+08:00 ] 127.0.0.1 /Public/datetimepicker/time/i18n/jquery-ui-timepicker-addon-i18n.min.js
INFO: [ app_init ] --START--
INFO: Run Behavior\BuildLiteBehavior [ RunTime:0.000026s ]
INFO: [ app_init ] --END-- [ RunTime:0.000671s ]
ERR: æ— æ³•åŠ è½½æ¨¡å—:Public

[ 2018-03-18T13:24:11+08:00 ] 127.0.0.1 /Public/umeditor1_2_2-utf8-php/lang/zh-cn/zh-cn.js
INFO: [ app_init ] --START--
INFO: Run Behavior\BuildLiteBehavior [ RunTime:0.000038s ]
INFO: [ app_init ] --END-- [ RunTime:0.001187s ]
ERR: æ— æ³•åŠ è½½æ¨¡å—:Public

[ 2018-03-18T13:24:11+08:00 ] 127.0.0.1 /Public/datetimepicker/jquery-ui-1.9.2.custom.min.css
INFO: [ app_init ] --START--
INFO: Run Behavior\BuildLiteBehavior [ RunTime:0.000024s ]
INFO: [ app_init ] --END-- [ RunTime:0.000534s ]
ERR: æ— æ³•åŠ è½½æ¨¡å—:Public

[ 2018-03-18T13:24:11+08:00 ] 127.0.0.1 /Public/datetimepicker/jquery-ui-1.9.2.custom.min.js
INFO: [ app_init ] --START--
INFO: Run Behavior\BuildLiteBehavior [ RunTime:0.000023s ]
INFO: [ app_init ] --END-- [ RunTime:0.000522s ]
ERR: æ— æ³•åŠ è½½æ¨¡å—:Public

[ 2018-03-18T13:24:11+08:00 ] 127.0.0.1 /Public/datetimepicker/datepicker-zh_cn.js
INFO: [ app_init ] --START--
INFO: Run Behavior\BuildLiteBehavior [ RunTime:0.000030s ]
INFO: [ app_init ] --END-- [ RunTime:0.000694s ]
ERR: æ— æ³•åŠ è½½æ¨¡å—:Public

[ 2018-03-18T13:24:11+08:00 ] 127.0.0.1 /Public/datetimepicker/time/jquery-ui-timepicker-addon.min.css
INFO: [ app_init ] --START--
INFO: Run Behavior\BuildLiteBehavior [ RunTime:0.000026s ]
INFO: [ app_init ] --END-- [ RunTime:0.000597s ]
ERR: æ— æ³•åŠ è½½æ¨¡å—:Public

[ 2018-03-18T13:24:11+08:00 ] 127.0.0.1 /Public/datetimepicker/time/jquery-ui-timepicker-addon.min.js
INFO: [ app_init ] --START--
INFO: Run Behavior\BuildLiteBehavior [ RunTime:0.000028s ]
INFO: [ app_init ] --END-- [ RunTime:0.000538s ]
ERR: æ— æ³•åŠ è½½æ¨¡å—:Public

[ 2018-03-18T13:24:11+08:00 ] 127.0.0.1 /Public/datetimepicker/time/i18n/jquery-ui-timepicker-addon-i18n.min.js
INFO: [ app_init ] --START--
INFO: Run Behavior\BuildLiteBehavior [ RunTime:0.000028s ]
INFO: [ app_init ] --END-- [ RunTime:0.000584s ]
ERR: æ— æ³•åŠ è½½æ¨¡å—:Public

[ 2018-03-18T13:35:19+08:00 ] 127.0.0.1 /Public/umeditor1_2_2-utf8-php/third-party/jquery.min.js
INFO: [ app_init ] --START--
INFO: Run Behavior\BuildLiteBehavior [ RunTime:0.000025s ]
INFO: [ app_init ] --END-- [ RunTime:0.000548s ]
ERR: æ— æ³•åŠ è½½æ¨¡å—:Public

ic

[ 2018-03-18T13:35:19+08:00 ] 127.0.0.1 /Public/umeditor1_2_2-utf8-php/lang/zh-cn/zh-cn.js
INFO: [ app_init ] --START--
INFO: Run Behavior\BuildLiteBehavior [ RunTime:0.000029s ]
INFO: [ app_init ] --END-- [ RunTime:0.000685s ]
ERR: æ— æ³•åŠ è½½æ¨¡å—:Public

[ 2018-03-18T13:35:19+08:00 ] 127.0.0.1 /Public/umeditor1_2_2-utf8-php/umeditor.config.js
INFO: [ app_init ] --START--
INFO: Run Behavior\BuildLiteBehavior [ RunTime:0.000044s ]
INFO: [ app_init ] --END-- [ RunTime:0.001064s ]
ERR: æ— æ³•åŠ è½½æ¨¡å—:Public

[ 2018-03-18T13:35:19+08:00 ] 127.0.0.1 /Public/umeditor1_2_2-utf8-php/umeditor.min.js
INFO: [ app_init ] --START--
INFO: Run Behavior\BuildLiteBehavior [ RunTime:0.000028s ]
INFO: [ app_init ] --END-- [ RunTime:0.000632s ]
ERR: æ— æ³•åŠ è½½æ¨¡å—:Public

[ 2018-03-18T13:35:19+08:00 ] 127.0.0.1 /Public/umeditor1_2_2-utf8-php/lang/zh-cn/zh-cn.js
INFO: [ app_init ] --START--
INFO: Run Behavior\BuildLiteBehavior [ RunTime:0.000023s ]
INFO: [ app_init ] --END-- [ RunTime:0.000460s ]
ERR: æ— æ³•åŠ è½½æ¨¡å—:Public

[ 2018-03-18T13:56:07+08:00 ] 127.0.0.1 /Public/umeditor1_2_2-utf8-php/themes/default/css/umeditor.css
INFO: [ app_init ] --START--
INFO: Run Behavior\BuildLiteBehavior [ RunTime:0.000023s ]
INFO: [ app_init ] --END-- [ RunTime:0.000579s ]
ERR: æ— æ³•åŠ è½½æ¨¡å—:Public

[ 2018-03-18T13:56:07+08:00 ] 127.0.0.1 /Public/umeditor1_2_2-utf8-php/third-party/jquery.min.js
INFO: [ app_init ] --START--
INFO: Run Behavior\BuildLiteBehavior [ RunTime:0.000029s ]
INFO: [ app_init ] --END-- [ RunTime:0.000615s ]
ERR: æ— æ³•åŠ è½½æ¨¡å—:Public

[ 2018-03-18T13:56:07+08:00 ] 127.0.0.1 /Public/umeditor1_2_2-utf8-php/umeditor.min.js
INFO: [ app_init ] --START--
INFO: Run Behavior\BuildLiteBehavior [ RunTime:0.000026s ]
INFO: [ app_init ] --END-- [ RunTime:0.000566s ]
ERR: æ— æ³•åŠ è½½æ¨¡å—:Public

[ 2018-03-18T13:56:07+08:00 ] 127.0.0.1 /Public/umeditor1_2_2-utf8-php/umeditor.config.js
INFO: [ app_init ] --START--
INFO: Run Behavior\BuildLiteBehavior [ RunTime:0.000023s ]
INFO: [ app_init ] --END-- [ RunTime:0.000571s ]
ERR: æ— æ³•åŠ è½½æ¨¡å—:Public

[ 2018-03-18T13:56:07+08:00 ] 127.0.0.1 /Public/umeditor1_2_2-utf8-php/lang/zh-cn/zh-cn.js
INFO: [ app_init ] --START--
INFO: Run Behavior\BuildLiteBehavior [ RunTime:0.000031s ]
INFO: [ app_init ] --END-- [ RunTime:0.000632s ]
ERR: æ— æ³•åŠ è½½æ¨¡å—:Public

[ 2018-03-18T13:56:07+08:00 ] 127.0.0.1 /Public/umeditor1_2_2-utf8-php/umeditor.min.js
INFO: [ app_init ] --START--
INFO: Run Behavior\BuildLiteBehavior [ RunTime:0.000024s ]
INFO: [ app_init ] --END-- [ RunTime:0.000507s ]
ERR: æ— æ³•åŠ è½½æ¨¡å—:Public

[ 2018-03-18T13:56:07+08:00 ] 127.0.0.1 /Public/umeditor1_2_2-utf8-php/lang/zh-cn/zh-cn.js
INFO: [ app_init ] --START--
INFO: Run Behavior\BuildLiteBehavior [ RunTime:0.000023s ]
INFO: [ app_init ] --END-- [ RunTime:0.000505s ]
ERR: æ— æ³•åŠ è½½æ¨¡å—:Public

[ 2018-03-18T13:56:31+08:00 ] 127.0.0.1 /Public/umeditor1_2_2-utf8-php/themes/default/css/umeditor.css
INFO: [ app_init ] --START--
INFO: Run Behavior\BuildLiteBehavior [ RunTime:0.000025s ]
INFO: [ app_init ] --END-- [ RunTime:0.000562s ]
ERR: æ— æ³•åŠ è½½æ¨¡å—:Public

[ 2018-03-18T13:56:31+08:00 ] 127.0.0.1 /Public/umeditor1_2_2-utf8-php/third-party/jquery.min.js
INFO: [ app_init ] --START--
INFO: Run Behavior\BuildLiteBehavior [ RunTime:0.000034s ]
INFO: [ app_init ] --END-- [ RunTime:0.000793s ]
ERR: æ— æ³•åŠ è½½æ¨¡å—:Public

[ 2018-03-18T13:56:31+08:00 ] 127.0.0.1 /Public/umeditor1_2_2-utf8-php/umeditor.config.js
INFO: [ app_init ] --START--
INFO: Run Behavior\BuildLiteBehavior [ RunTime:0.000031s ]
INFO: [ app_init ] --END-- [ RunTime:0.000775s ]
ERR: æ— æ³•åŠ è½½æ¨¡å—:Public

[ 2018-03-18T13:56:31+08:00 ] 127.0.0.1 /Public/umeditor1_2_2-utf8-php/lang/zh-cn/zh-cn.js
INFO: [ app_init ] --START--
INFO: Run Behavior\BuildLiteBehavior [ RunTime:0.000048s ]
INFO: [ app_init ] --END-- [ RunTime:0.000830s ]
ERR: æ— æ³•åŠ è½½æ¨¡å—:Public

[ 2018-03-18T13:56:31+08:00 ] 127.0.0.1 /Public/umeditor1_2_2-utf8-php/umeditor.min.js
INFO: [ app_init ] --START--
INFO: Run Behavior\BuildLiteBehavior [ RunTime:0.000026s ]
INFO: [ app_init ] --END-- [ RunTime:0.000610s ]
ERR: æ— æ³•åŠ è½½æ¨¡å—:Public

[ 2018-03-18T13:56:31+08:00 ] 127.0.0.1 /Public/umeditor1_2_2-utf8-php/lang/zh-cn/zh-cn.js
INFO: [ app_init ] --START--
INFO: Run Behavior\BuildLiteBehavior [ RunTime:0.000024s ]
INFO: [ app_init ] --END-- [ RunTime:0.000494s ]
ERR: æ— æ³•åŠ è½½æ¨¡å—:Public

