[ 2018-03-21T09:58:51+08:00 ] 127.0.0.1 /jiiMarket/index.php/index/goodsDetail/id/8
INFO: [ app_init ] --START--
INFO: Run Behavior\BuildLiteBehavior [ RunTime:0.000037s ]
INFO: [ app_init ] --END-- [ RunTime:0.000580s ]
ERR: 无法加载模块:Index

[ 2018-03-21T09:59:18+08:00 ] 127.0.0.1 /jiiMarket/index.php/index/goodsDetail/id/8
INFO: [ app_init ] --START--
INFO: Run Behavior\BuildLiteBehavior [ RunTime:0.000034s ]
INFO: [ app_init ] --END-- [ RunTime:0.000523s ]
ERR: 无法加载模块:Index

[ 2018-03-21T09:59:54+08:00 ] 127.0.0.1 /jiiMarket/index.phphome/index/goodsDetail/id/8
INFO: [ app_init ] --START--
INFO: Run Behavior\BuildLiteBehavior [ RunTime:0.000024s ]
INFO: [ app_init ] --END-- [ RunTime:0.000434s ]
ERR: 无法加载模块:Index.phphome

[ 2018-03-21T10:09:55+08:00 ] 127.0.0.1 /favicon.ico
INFO: [ app_init ] --START--
INFO: Run Behavior\BuildLiteBehavior [ RunTime:0.000052s ]
INFO: [ app_init ] --END-- [ RunTime:0.000995s ]
ERR: 无法加载模块:Favicon

[ 2018-03-21T14:12:23+08:00 ] 127.0.0.1 /jiiMarket/index.phphome/index/goodsCat/cateId/20
INFO: [ app_init ] --START--
INFO: Run Behavior\BuildLiteBehavior [ RunTime:0.000045s ]
INFO: [ app_init ] --END-- [ RunTime:0.001084s ]
ERR: 无法加载模块:Index.phphome

