[ 2018-04-07T09:03:43+08:00 ] 127.0.0.1 /index.php/admin/brand/add
INFO: [ app_init ] --START--
INFO: Run Behavior\BuildLiteBehavior [ RunTime:0.000026s ]
INFO: [ app_init ] --END-- [ RunTime:0.000498s ]
INFO: [ app_begin ] --START--
INFO: Run Behavior\ReadHtmlCacheBehavior [ RunTime:0.000776s ]
INFO: [ app_begin ] --END-- [ RunTime:0.000916s ]
SQL: SHOW COLUMNS FROM `jii_brand` [ RunTime:0.0013s ]
INFO: [ view_parse ] --START--
INFO: [ template_filter ] --START--
INFO: Run Behavior\ContentReplaceBehavior [ RunTime:0.000877s ]
INFO: [ template_filter ] --END-- [ RunTime:0.001016s ]
INFO: Run Behavior\ParseTemplateBehavior [ RunTime:0.013872s ]
INFO: [ view_parse ] --END-- [ RunTime:0.014000s ]
INFO: [ view_filter ] --START--
INFO: Run Behavior\WriteHtmlCacheBehavior [ RunTime:0.000638s ]
INFO: [ view_filter ] --END-- [ RunTime:0.000747s ]
INFO: [ app_end ] --START--
INFO: Run Behavior\ShowPageTraceBehavior [ RunTime:0.000533s ]
INFO: [ app_end ] --END-- [ RunTime:0.000640s ]

[ 2018-04-07T09:04:05+08:00 ] 127.0.0.1 /index.php/admin/index/index
INFO: [ app_init ] --START--
INFO: Run Behavior\BuildLiteBehavior [ RunTime:0.000025s ]
INFO: [ app_init ] --END-- [ RunTime:0.000473s ]
INFO: [ app_begin ] --START--
INFO: Run Behavior\ReadHtmlCacheBehavior [ RunTime:0.000599s ]
INFO: [ app_begin ] --END-- [ RunTime:0.000731s ]
INFO: [ view_parse ] --START--
INFO: [ template_filter ] --START--
INFO: Run Behavior\ContentReplaceBehavior [ RunTime:0.000065s ]
INFO: [ template_filter ] --END-- [ RunTime:0.000194s ]
INFO: Run Behavior\ParseTemplateBehavior [ RunTime:0.007844s ]
INFO: [ view_parse ] --END-- [ RunTime:0.007983s ]
INFO: [ view_filter ] --START--
INFO: Run Behavior\WriteHtmlCacheBehavior [ RunTime:0.000421s ]
INFO: [ view_filter ] --END-- [ RunTime:0.000545s ]
INFO: [ app_end ] --START--
INFO: Run Behavior\ShowPageTraceBehavior [ RunTime:0.000555s ]
INFO: [ app_end ] --END-- [ RunTime:0.000683s ]

[ 2018-04-07T09:04:05+08:00 ] 127.0.0.1 /index.php/admin/index/top.html
INFO: [ app_init ] --START--
INFO: Run Behavior\BuildLiteBehavior [ RunTime:0.000026s ]
INFO: [ app_init ] --END-- [ RunTime:0.000574s ]
INFO: [ app_begin ] --START--
INFO: Run Behavior\ReadHtmlCacheBehavior [ RunTime:0.000530s ]
INFO: [ app_begin ] --END-- [ RunTime:0.000667s ]
INFO: [ view_parse ] --START--
INFO: [ template_filter ] --START--
INFO: Run Behavior\ContentReplaceBehavior [ RunTime:0.000076s ]
INFO: [ template_filter ] --END-- [ RunTime:0.000203s ]
INFO: Run Behavior\ParseTemplateBehavior [ RunTime:0.009860s ]
INFO: [ view_parse ] --END-- [ RunTime:0.010000s ]
INFO: [ view_filter ] --START--
INFO: Run Behavior\WriteHtmlCacheBehavior [ RunTime:0.000476s ]
INFO: [ view_filter ] --END-- [ RunTime:0.000583s ]
INFO: [ app_end ] --START--
INFO: Run Behavior\ShowPageTraceBehavior [ RunTime:0.000550s ]
INFO: [ app_end ] --END-- [ RunTime:0.000691s ]

[ 2018-04-07T09:04:05+08:00 ] 127.0.0.1 /index.php/admin/index/menu.html
INFO: [ app_init ] --START--
INFO: Run Behavior\BuildLiteBehavior [ RunTime:0.000025s ]
INFO: [ app_init ] --END-- [ RunTime:0.000456s ]
INFO: [ app_begin ] --START--
INFO: Run Behavior\ReadHtmlCacheBehavior [ RunTime:0.000650s ]
INFO: [ app_begin ] --END-- [ RunTime:0.000769s ]
INFO: [ view_parse ] --START--
INFO: [ template_filter ] --START--
INFO: Run Behavior\ContentReplaceBehavior [ RunTime:0.000142s ]
INFO: [ template_filter ] --END-- [ RunTime:0.000301s ]
INFO: Run Behavior\ParseTemplateBehavior [ RunTime:0.012043s ]
INFO: [ view_parse ] --END-- [ RunTime:0.012170s ]
INFO: [ view_filter ] --START--
INFO: Run Behavior\WriteHtmlCacheBehavior [ RunTime:0.000444s ]
INFO: [ view_filter ] --END-- [ RunTime:0.000550s ]
INFO: [ app_end ] --START--
INFO: Run Behavior\ShowPageTraceBehavior [ RunTime:0.000738s ]
INFO: [ app_end ] --END-- [ RunTime:0.000893s ]

[ 2018-04-07T09:04:05+08:00 ] 127.0.0.1 /index.php/admin/index/main.html
INFO: [ app_init ] --START--
INFO: Run Behavior\BuildLiteBehavior [ RunTime:0.000025s ]
INFO: [ app_init ] --END-- [ RunTime:0.000527s ]
INFO: [ app_begin ] --START--
INFO: Run Behavior\ReadHtmlCacheBehavior [ RunTime:0.000778s ]
INFO: [ app_begin ] --END-- [ RunTime:0.000953s ]
INFO: [ view_parse ] --START--
INFO: [ template_filter ] --START--
INFO: Run Behavior\ContentReplaceBehavior [ RunTime:0.000310s ]
INFO: [ template_filter ] --END-- [ RunTime:0.000509s ]
INFO: Run Behavior\ParseTemplateBehavior [ RunTime:0.011615s ]
INFO: [ view_parse ] --END-- [ RunTime:0.011818s ]
INFO: [ view_filter ] --START--
INFO: Run Behavior\WriteHtmlCacheBehavior [ RunTime:0.000610s ]
INFO: [ view_filter ] --END-- [ RunTime:0.000761s ]
INFO: [ app_end ] --START--
INFO: Run Behavior\ShowPageTraceBehavior [ RunTime:0.000708s ]
INFO: [ app_end ] --END-- [ RunTime:0.000835s ]

[ 2018-04-07T09:04:07+08:00 ] 127.0.0.1 /index.php/Admin/Goods/lst.html
INFO: [ app_init ] --START--
INFO: Run Behavior\BuildLiteBehavior [ RunTime:0.000029s ]
INFO: [ app_init ] --END-- [ RunTime:0.000502s ]
INFO: [ app_begin ] --START--
INFO: Run Behavior\ReadHtmlCacheBehavior [ RunTime:0.000707s ]
INFO: [ app_begin ] --END-- [ RunTime:0.000839s ]
SQL: SHOW COLUMNS FROM `jii_goods` [ RunTime:0.0007s ]
SQL: SELECT COUNT(*) AS tp_count FROM `jii_goods` LIMIT 1   [ RunTime:0.0005s ]
SQL: SELECT a.*,b.name as brand_name,c.name as cat_name FROM jii_goods a LEFT JOIN jii_brand b ON a.brand_id=b.id
		        LEFT JOIN jii_category c ON a.cat_id=c.id  ORDER BY order_id asc LIMIT 0,15   [ RunTime:0.0019s ]
INFO: [ view_parse ] --START--
INFO: [ template_filter ] --START--
INFO: Run Behavior\ContentReplaceBehavior [ RunTime:0.000122s ]
INFO: [ template_filter ] --END-- [ RunTime:0.000391s ]
NOTIC: [8] Undefined variable: cat_list D:\wamp\wamp64\www\jiiMarket\Application\Runtime\Cache\Admin\12cf6a5c74297688873998de0720405d.php 第 26 行.
SQL: SHOW COLUMNS FROM `jii_brand` [ RunTime:0.0006s ]
SQL: SELECT `id`,`name` FROM `jii_brand`  [ RunTime:0.0002s ]
NOTIC: [8] Undefined variable: val D:\wamp\wamp64\www\jiiMarket\Application\Runtime\Cache\Admin\12cf6a5c74297688873998de0720405d.php 第 72 行.
NOTIC: [8] Undefined variable: val D:\wamp\wamp64\www\jiiMarket\Application\Runtime\Cache\Admin\12cf6a5c74297688873998de0720405d.php 第 73 行.
NOTIC: [8] Undefined variable: val D:\wamp\wamp64\www\jiiMarket\Application\Runtime\Cache\Admin\12cf6a5c74297688873998de0720405d.php 第 74 行.
NOTIC: [8] Undefined variable: val D:\wamp\wamp64\www\jiiMarket\Application\Runtime\Cache\Admin\12cf6a5c74297688873998de0720405d.php 第 72 行.
NOTIC: [8] Undefined variable: val D:\wamp\wamp64\www\jiiMarket\Application\Runtime\Cache\Admin\12cf6a5c74297688873998de0720405d.php 第 73 行.
NOTIC: [8] Undefined variable: val D:\wamp\wamp64\www\jiiMarket\Application\Runtime\Cache\Admin\12cf6a5c74297688873998de0720405d.php 第 74 行.
NOTIC: [8] Undefined variable: val D:\wamp\wamp64\www\jiiMarket\Application\Runtime\Cache\Admin\12cf6a5c74297688873998de0720405d.php 第 72 行.
NOTIC: [8] Undefined variable: val D:\wamp\wamp64\www\jiiMarket\Application\Runtime\Cache\Admin\12cf6a5c74297688873998de0720405d.php 第 73 行.
NOTIC: [8] Undefined variable: val D:\wamp\wamp64\www\jiiMarket\Application\Runtime\Cache\Admin\12cf6a5c74297688873998de0720405d.php 第 74 行.
NOTIC: [8] Undefined variable: val D:\wamp\wamp64\www\jiiMarket\Application\Runtime\Cache\Admin\12cf6a5c74297688873998de0720405d.php 第 72 行.
NOTIC: [8] Undefined variable: val D:\wamp\wamp64\www\jiiMarket\Application\Runtime\Cache\Admin\12cf6a5c74297688873998de0720405d.php 第 73 行.
NOTIC: [8] Undefined variable: val D:\wamp\wamp64\www\jiiMarket\Application\Runtime\Cache\Admin\12cf6a5c74297688873998de0720405d.php 第 74 行.
NOTIC: [8] Undefined variable: val D:\wamp\wamp64\www\jiiMarket\Application\Runtime\Cache\Admin\12cf6a5c74297688873998de0720405d.php 第 72 行.
NOTIC: [8] Undefined variable: val D:\wamp\wamp64\www\jiiMarket\Application\Runtime\Cache\Admin\12cf6a5c74297688873998de0720405d.php 第 73 行.
NOTIC: [8] Undefined variable: val D:\wamp\wamp64\www\jiiMarket\Application\Runtime\Cache\Admin\12cf6a5c74297688873998de0720405d.php 第 74 行.
NOTIC: [8] Undefined variable: val D:\wamp\wamp64\www\jiiMarket\Application\Runtime\Cache\Admin\12cf6a5c74297688873998de0720405d.php 第 72 行.
NOTIC: [8] Undefined variable: val D:\wamp\wamp64\www\jiiMarket\Application\Runtime\Cache\Admin\12cf6a5c74297688873998de0720405d.php 第 73 行.
NOTIC: [8] Undefined variable: val D:\wamp\wamp64\www\jiiMarket\Application\Runtime\Cache\Admin\12cf6a5c74297688873998de0720405d.php 第 74 行.
NOTIC: [8] Undefined variable: val D:\wamp\wamp64\www\jiiMarket\Application\Runtime\Cache\Admin\12cf6a5c74297688873998de0720405d.php 第 72 行.
NOTIC: [8] Undefined variable: val D:\wamp\wamp64\www\jiiMarket\Application\Runtime\Cache\Admin\12cf6a5c74297688873998de0720405d.php 第 73 行.
NOTIC: [8] Undefined variable: val D:\wamp\wamp64\www\jiiMarket\Application\Runtime\Cache\Admin\12cf6a5c74297688873998de0720405d.php 第 74 行.
NOTIC: [8] Undefined variable: val D:\wamp\wamp64\www\jiiMarket\Application\Runtime\Cache\Admin\12cf6a5c74297688873998de0720405d.php 第 72 行.
NOTIC: [8] Undefined variable: val D:\wamp\wamp64\www\jiiMarket\Application\Runtime\Cache\Admin\12cf6a5c74297688873998de0720405d.php 第 73 行.
NOTIC: [8] Undefined variable: val D:\wamp\wamp64\www\jiiMarket\Application\Runtime\Cache\Admin\12cf6a5c74297688873998de0720405d.php 第 74 行.
NOTIC: [8] Undefined variable: val D:\wamp\wamp64\www\jiiMarket\Application\Runtime\Cache\Admin\12cf6a5c74297688873998de0720405d.php 第 72 行.
NOTIC: [8] Undefined variable: val D:\wamp\wamp64\www\jiiMarket\Application\Runtime\Cache\Admin\12cf6a5c74297688873998de0720405d.php 第 73 行.
NOTIC: [8] Undefined variable: val D:\wamp\wamp64\www\jiiMarket\Application\Runtime\Cache\Admin\12cf6a5c74297688873998de0720405d.php 第 74 行.
NOTIC: [8] Undefined variable: val D:\wamp\wamp64\www\jiiMarket\Application\Runtime\Cache\Admin\12cf6a5c74297688873998de0720405d.php 第 72 行.
NOTIC: [8] Undefined variable: val D:\wamp\wamp64\www\jiiMarket\Application\Runtime\Cache\Admin\12cf6a5c74297688873998de0720405d.php 第 73 行.
NOTIC: [8] Undefined variable: val D:\wamp\wamp64\www\jiiMarket\Application\Runtime\Cache\Admin\12cf6a5c74297688873998de0720405d.php 第 74 行.
NOTIC: [8] Undefined variable: val D:\wamp\wamp64\www\jiiMarket\Application\Runtime\Cache\Admin\12cf6a5c74297688873998de0720405d.php 第 72 行.
NOTIC: [8] Undefined variable: val D:\wamp\wamp64\www\jiiMarket\Application\Runtime\Cache\Admin\12cf6a5c74297688873998de0720405d.php 第 73 行.
NOTIC: [8] Undefined variable: val D:\wamp\wamp64\www\jiiMarket\Application\Runtime\Cache\Admin\12cf6a5c74297688873998de0720405d.php 第 74 行.
NOTIC: [8] Undefined variable: val D:\wamp\wamp64\www\jiiMarket\Application\Runtime\Cache\Admin\12cf6a5c74297688873998de0720405d.php 第 72 行.
NOTIC: [8] Undefined variable: val D:\wamp\wamp64\www\jiiMarket\Application\Runtime\Cache\Admin\12cf6a5c74297688873998de0720405d.php 第 73 行.
NOTIC: [8] Undefined variable: val D:\wamp\wamp64\www\jiiMarket\Application\Runtime\Cache\Admin\12cf6a5c74297688873998de0720405d.php 第 74 行.
INFO: Run Behavior\ParseTemplateBehavior [ RunTime:0.025681s ]
INFO: [ view_parse ] --END-- [ RunTime:0.025801s ]
INFO: [ view_filter ] --START--
INFO: Run Behavior\WriteHtmlCacheBehavior [ RunTime:0.000507s ]
INFO: [ view_filter ] --END-- [ RunTime:0.000617s ]
INFO: [ app_end ] --START--
INFO: Run Behavior\ShowPageTraceBehavior [ RunTime:0.000715s ]
INFO: [ app_end ] --END-- [ RunTime:0.000847s ]

[ 2018-04-07T09:04:14+08:00 ] 127.0.0.1 /index.php/Admin/Goods/goods_number/id/1.html
INFO: [ app_init ] --START--
INFO: Run Behavior\BuildLiteBehavior [ RunTime:0.000024s ]
INFO: [ app_init ] --END-- [ RunTime:0.000466s ]
INFO: [ app_begin ] --START--
INFO: Run Behavior\ReadHtmlCacheBehavior [ RunTime:0.000590s ]
INFO: [ app_begin ] --END-- [ RunTime:0.000727s ]
SQL: SHOW COLUMNS FROM `jii_goods_number` [ RunTime:0.0013s ]
SQL: SHOW COLUMNS FROM `jii_goods_attr` [ RunTime:0.0012s ]
SQL: SELECT a.*,b.attr_name,b.attr_type,b.attr_option_values,b.type_id FROM jii_goods_attr a LEFT JOIN jii_attribute b ON a.attr_id=b.id  WHERE a.goods_id = '1' AND b.attr_type = '2'  [ RunTime:0.0034s ]
SQL: SELECT * FROM `jii_goods_number` WHERE `goods_id` = '1'  [ RunTime:0.0004s ]
INFO: [ view_parse ] --START--
INFO: [ template_filter ] --START--
INFO: Run Behavior\ContentReplaceBehavior [ RunTime:0.000219s ]
INFO: [ template_filter ] --END-- [ RunTime:0.000484s ]
INFO: Run Behavior\ParseTemplateBehavior [ RunTime:0.026222s ]
INFO: [ view_parse ] --END-- [ RunTime:0.026424s ]
INFO: [ view_filter ] --START--
INFO: Run Behavior\WriteHtmlCacheBehavior [ RunTime:0.000457s ]
INFO: [ view_filter ] --END-- [ RunTime:0.000560s ]
INFO: [ app_end ] --START--
INFO: Run Behavior\ShowPageTraceBehavior [ RunTime:0.000567s ]
INFO: [ app_end ] --END-- [ RunTime:0.000681s ]

[ 2018-04-07T09:04:29+08:00 ] 127.0.0.1 /index.php/Admin/Goods/goods_number/id/1.html
INFO: [ app_init ] --START--
INFO: Run Behavior\BuildLiteBehavior [ RunTime:0.000025s ]
INFO: [ app_init ] --END-- [ RunTime:0.000431s ]
INFO: [ app_begin ] --START--
INFO: Run Behavior\ReadHtmlCacheBehavior [ RunTime:0.000448s ]
INFO: [ app_begin ] --END-- [ RunTime:0.000560s ]
SQL: SHOW COLUMNS FROM `jii_goods_number` [ RunTime:0.0025s ]
SQL: SHOW COLUMNS FROM `jii_goods_attr` [ RunTime:0.0022s ]
SQL: SELECT a.*,b.attr_name,b.attr_type,b.attr_option_values,b.type_id FROM jii_goods_attr a LEFT JOIN jii_attribute b ON a.attr_id=b.id  WHERE a.goods_id = '1' AND b.attr_type = '2'  [ RunTime:0.0023s ]
SQL: UPDATE `jii_goods_number` SET `goods_id`='1',`goods_attr_id`='1,2,68',`goods_number`='20',`goods_price`='0.01' WHERE ( id=7 ) [ RunTime:0.0029s ]
SQL: UPDATE `jii_goods_number` SET `goods_id`='1',`goods_attr_id`='1,2,69',`goods_number`='0',`goods_price`='1238' WHERE ( id=8 ) [ RunTime:0.0020s ]
SQL: UPDATE `jii_goods_number` SET `goods_id`='1',`goods_attr_id`='1,67,68',`goods_number`='65',`goods_price`='1239' WHERE ( id=9 ) [ RunTime:0.0021s ]
SQL: UPDATE `jii_goods_number` SET `goods_id`='1',`goods_attr_id`='1,67,69',`goods_number`='0',`goods_price`='1240' WHERE ( id=10 ) [ RunTime:0.0017s ]
SQL: UPDATE `jii_goods_number` SET `goods_id`='1',`goods_attr_id`='2,65,68',`goods_number`='0',`goods_price`='1241' WHERE ( id=11 ) [ RunTime:0.0017s ]
SQL: UPDATE `jii_goods_number` SET `goods_id`='1',`goods_attr_id`='2,65,69',`goods_number`='0',`goods_price`='1243' WHERE ( id=12 ) [ RunTime:0.0018s ]
SQL: UPDATE `jii_goods_number` SET `goods_id`='1',`goods_attr_id`='65,67,68',`goods_number`='1',`goods_price`='1423' WHERE ( id=13 ) [ RunTime:0.0013s ]
SQL: UPDATE `jii_goods_number` SET `goods_id`='1',`goods_attr_id`='65,67,69',`goods_number`='0',`goods_price`='1425' WHERE ( id=14 ) [ RunTime:0.0011s ]
SQL: UPDATE `jii_goods_number` SET `goods_id`='1',`goods_attr_id`='2,66,68',`goods_number`='69',`goods_price`='1248' WHERE ( id=15 ) [ RunTime:0.0014s ]
SQL: UPDATE `jii_goods_number` SET `goods_id`='1',`goods_attr_id`='2,66,69',`goods_number`='45',`goods_price`='1259' WHERE ( id=16 ) [ RunTime:0.0014s ]
SQL: UPDATE `jii_goods_number` SET `goods_id`='1',`goods_attr_id`='66,67,68',`goods_number`='0',`goods_price`='1237' WHERE ( id=17 ) [ RunTime:0.0013s ]
SQL: UPDATE `jii_goods_number` SET `goods_id`='1',`goods_attr_id`='66,67,69',`goods_number`='2',`goods_price`='1486' WHERE ( id=18 ) [ RunTime:0.0013s ]
SQL: SELECT * FROM `jii_goods_number` WHERE `goods_id` = '1'  [ RunTime:0.0005s ]
INFO: [ view_parse ] --START--
INFO: [ template_filter ] --START--
INFO: Run Behavior\ContentReplaceBehavior [ RunTime:0.000098s ]
INFO: [ template_filter ] --END-- [ RunTime:0.000236s ]
INFO: Run Behavior\ParseTemplateBehavior [ RunTime:0.012819s ]
INFO: [ view_parse ] --END-- [ RunTime:0.013352s ]
INFO: [ view_filter ] --START--
INFO: Run Behavior\WriteHtmlCacheBehavior [ RunTime:0.000645s ]
INFO: [ view_filter ] --END-- [ RunTime:0.000983s ]
INFO: [ app_end ] --START--
INFO: Run Behavior\ShowPageTraceBehavior [ RunTime:0.000846s ]
INFO: [ app_end ] --END-- [ RunTime:0.001026s ]

[ 2018-04-07T09:04:49+08:00 ] 127.0.0.1 /index.php/Admin/Goods/goods_number/id/1.html
INFO: [ app_init ] --START--
INFO: Run Behavior\BuildLiteBehavior [ RunTime:0.000027s ]
INFO: [ app_init ] --END-- [ RunTime:0.000510s ]
INFO: [ app_begin ] --START--
INFO: Run Behavior\ReadHtmlCacheBehavior [ RunTime:0.000464s ]
INFO: [ app_begin ] --END-- [ RunTime:0.000577s ]
SQL: SHOW COLUMNS FROM `jii_goods_number` [ RunTime:0.0027s ]
SQL: SHOW COLUMNS FROM `jii_goods_attr` [ RunTime:0.0023s ]
SQL: SELECT a.*,b.attr_name,b.attr_type,b.attr_option_values,b.type_id FROM jii_goods_attr a LEFT JOIN jii_attribute b ON a.attr_id=b.id  WHERE a.goods_id = '1' AND b.attr_type = '2'  [ RunTime:0.0023s ]
SQL: UPDATE `jii_goods_number` SET `goods_id`='1',`goods_attr_id`='1,2,68',`goods_number`='20',`goods_price`='1' WHERE ( id=7 ) [ RunTime:0.0019s ]
SQL: UPDATE `jii_goods_number` SET `goods_id`='1',`goods_attr_id`='1,2,69',`goods_number`='0',`goods_price`='1238' WHERE ( id=8 ) [ RunTime:0.0022s ]
SQL: UPDATE `jii_goods_number` SET `goods_id`='1',`goods_attr_id`='1,67,68',`goods_number`='65',`goods_price`='1239' WHERE ( id=9 ) [ RunTime:0.0019s ]
SQL: UPDATE `jii_goods_number` SET `goods_id`='1',`goods_attr_id`='1,67,69',`goods_number`='0',`goods_price`='1240' WHERE ( id=10 ) [ RunTime:0.0018s ]
SQL: UPDATE `jii_goods_number` SET `goods_id`='1',`goods_attr_id`='2,65,68',`goods_number`='0',`goods_price`='1241' WHERE ( id=11 ) [ RunTime:0.0018s ]
SQL: UPDATE `jii_goods_number` SET `goods_id`='1',`goods_attr_id`='2,65,69',`goods_number`='0',`goods_price`='1243' WHERE ( id=12 ) [ RunTime:0.0018s ]
SQL: UPDATE `jii_goods_number` SET `goods_id`='1',`goods_attr_id`='65,67,68',`goods_number`='1',`goods_price`='1423' WHERE ( id=13 ) [ RunTime:0.0016s ]
SQL: UPDATE `jii_goods_number` SET `goods_id`='1',`goods_attr_id`='65,67,69',`goods_number`='0',`goods_price`='1425' WHERE ( id=14 ) [ RunTime:0.0015s ]
SQL: UPDATE `jii_goods_number` SET `goods_id`='1',`goods_attr_id`='2,66,68',`goods_number`='69',`goods_price`='1248' WHERE ( id=15 ) [ RunTime:0.0013s ]
SQL: UPDATE `jii_goods_number` SET `goods_id`='1',`goods_attr_id`='2,66,69',`goods_number`='45',`goods_price`='1259' WHERE ( id=16 ) [ RunTime:0.0013s ]
SQL: UPDATE `jii_goods_number` SET `goods_id`='1',`goods_attr_id`='66,67,68',`goods_number`='0',`goods_price`='1237' WHERE ( id=17 ) [ RunTime:0.0012s ]
SQL: UPDATE `jii_goods_number` SET `goods_id`='1',`goods_attr_id`='66,67,69',`goods_number`='2',`goods_price`='1486' WHERE ( id=18 ) [ RunTime:0.0012s ]
SQL: SELECT * FROM `jii_goods_number` WHERE `goods_id` = '1'  [ RunTime:0.0004s ]
INFO: [ view_parse ] --START--
INFO: [ template_filter ] --START--
INFO: Run Behavior\ContentReplaceBehavior [ RunTime:0.000100s ]
INFO: [ template_filter ] --END-- [ RunTime:0.000226s ]
INFO: Run Behavior\ParseTemplateBehavior [ RunTime:0.011919s ]
INFO: [ view_parse ] --END-- [ RunTime:0.012148s ]
INFO: [ view_filter ] --START--
INFO: Run Behavior\WriteHtmlCacheBehavior [ RunTime:0.000469s ]
INFO: [ view_filter ] --END-- [ RunTime:0.000597s ]
INFO: [ app_end ] --START--
INFO: Run Behavior\ShowPageTraceBehavior [ RunTime:0.000557s ]
INFO: [ app_end ] --END-- [ RunTime:0.000669s ]

[ 2018-04-07T09:05:04+08:00 ] 127.0.0.1 /index.php/Admin/Goods/goods_number/id/1.html
INFO: [ app_init ] --START--
INFO: Run Behavior\BuildLiteBehavior [ RunTime:0.000024s ]
INFO: [ app_init ] --END-- [ RunTime:0.000430s ]
INFO: [ app_begin ] --START--
INFO: Run Behavior\ReadHtmlCacheBehavior [ RunTime:0.000538s ]
INFO: [ app_begin ] --END-- [ RunTime:0.000669s ]
SQL: SHOW COLUMNS FROM `jii_goods_number` [ RunTime:0.0013s ]
SQL: SHOW COLUMNS FROM `jii_goods_attr` [ RunTime:0.0011s ]
SQL: SELECT a.*,b.attr_name,b.attr_type,b.attr_option_values,b.type_id FROM jii_goods_attr a LEFT JOIN jii_attribute b ON a.attr_id=b.id  WHERE a.goods_id = '1' AND b.attr_type = '2'  [ RunTime:0.0013s ]
SQL: UPDATE `jii_goods_number` SET `goods_id`='1',`goods_attr_id`='1,2,68',`goods_number`='20',`goods_price`='1' WHERE ( id=7 ) [ RunTime:0.0015s ]
SQL: UPDATE `jii_goods_number` SET `goods_id`='1',`goods_attr_id`='1,2,69',`goods_number`='0',`goods_price`='1238' WHERE ( id=8 ) [ RunTime:0.0012s ]
SQL: UPDATE `jii_goods_number` SET `goods_id`='1',`goods_attr_id`='1,67,68',`goods_number`='65',`goods_price`='1239' WHERE ( id=9 ) [ RunTime:0.0012s ]
SQL: UPDATE `jii_goods_number` SET `goods_id`='1',`goods_attr_id`='1,67,69',`goods_number`='0',`goods_price`='1240' WHERE ( id=10 ) [ RunTime:0.0011s ]
SQL: UPDATE `jii_goods_number` SET `goods_id`='1',`goods_attr_id`='2,65,68',`goods_number`='0',`goods_price`='1241' WHERE ( id=11 ) [ RunTime:0.0014s ]
SQL: UPDATE `jii_goods_number` SET `goods_id`='1',`goods_attr_id`='2,65,69',`goods_number`='0',`goods_price`='1243' WHERE ( id=12 ) [ RunTime:0.0011s ]
SQL: UPDATE `jii_goods_number` SET `goods_id`='1',`goods_attr_id`='65,67,68',`goods_number`='1',`goods_price`='1423' WHERE ( id=13 ) [ RunTime:0.0011s ]
SQL: UPDATE `jii_goods_number` SET `goods_id`='1',`goods_attr_id`='65,67,69',`goods_number`='0',`goods_price`='1425' WHERE ( id=14 ) [ RunTime:0.0011s ]
SQL: UPDATE `jii_goods_number` SET `goods_id`='1',`goods_attr_id`='2,66,68',`goods_number`='69',`goods_price`='1248' WHERE ( id=15 ) [ RunTime:0.0010s ]
SQL: UPDATE `jii_goods_number` SET `goods_id`='1',`goods_attr_id`='2,66,69',`goods_number`='45',`goods_price`='1259' WHERE ( id=16 ) [ RunTime:0.0010s ]
SQL: UPDATE `jii_goods_number` SET `goods_id`='1',`goods_attr_id`='66,67,68',`goods_number`='0',`goods_price`='1237' WHERE ( id=17 ) [ RunTime:0.0011s ]
SQL: UPDATE `jii_goods_number` SET `goods_id`='1',`goods_attr_id`='66,67,69',`goods_number`='2',`goods_price`='1486' WHERE ( id=18 ) [ RunTime:0.0012s ]
SQL: SELECT * FROM `jii_goods_number` WHERE `goods_id` = '1'  [ RunTime:0.0003s ]
INFO: [ view_parse ] --START--
INFO: [ template_filter ] --START--
INFO: Run Behavior\ContentReplaceBehavior [ RunTime:0.000095s ]
INFO: [ template_filter ] --END-- [ RunTime:0.000212s ]
INFO: Run Behavior\ParseTemplateBehavior [ RunTime:0.009961s ]
INFO: [ view_parse ] --END-- [ RunTime:0.010082s ]
INFO: [ view_filter ] --START--
INFO: Run Behavior\WriteHtmlCacheBehavior [ RunTime:0.000342s ]
INFO: [ view_filter ] --END-- [ RunTime:0.000447s ]
INFO: [ app_end ] --START--
INFO: Run Behavior\ShowPageTraceBehavior [ RunTime:0.000632s ]
INFO: [ app_end ] --END-- [ RunTime:0.000751s ]

[ 2018-04-07T09:44:04+08:00 ] 127.0.0.1 /index.php/admin/brand/add
INFO: [ app_init ] --START--
INFO: Run Behavior\BuildLiteBehavior [ RunTime:0.000025s ]
INFO: [ app_init ] --END-- [ RunTime:0.000492s ]
INFO: [ app_begin ] --START--
INFO: Run Behavior\ReadHtmlCacheBehavior [ RunTime:0.000671s ]
INFO: [ app_begin ] --END-- [ RunTime:0.000801s ]
SQL: SHOW COLUMNS FROM `jii_brand` [ RunTime:0.0014s ]
INFO: [ view_parse ] --START--
INFO: [ template_filter ] --START--
INFO: Run Behavior\ContentReplaceBehavior [ RunTime:0.000079s ]
INFO: [ template_filter ] --END-- [ RunTime:0.000197s ]
INFO: Run Behavior\ParseTemplateBehavior [ RunTime:0.007685s ]
INFO: [ view_parse ] --END-- [ RunTime:0.007818s ]
INFO: [ view_filter ] --START--
INFO: Run Behavior\WriteHtmlCacheBehavior [ RunTime:0.000430s ]
INFO: [ view_filter ] --END-- [ RunTime:0.000537s ]
INFO: [ app_end ] --START--
INFO: Run Behavior\ShowPageTraceBehavior [ RunTime:0.000590s ]
INFO: [ app_end ] --END-- [ RunTime:0.000711s ]

