[ 2018-03-26T09:14:10+08:00 ] 127.0.0.1 /index.php/admin/brand/add
INFO: [ app_init ] --START--
INFO: Run Behavior\BuildLiteBehavior [ RunTime:0.000024s ]
INFO: [ app_init ] --END-- [ RunTime:0.000482s ]
INFO: [ app_begin ] --START--
INFO: Run Behavior\ReadHtmlCacheBehavior [ RunTime:0.000690s ]
INFO: [ app_begin ] --END-- [ RunTime:0.000819s ]
SQL: SHOW COLUMNS FROM `jii_brand` [ RunTime:0.0005s ]
INFO: [ view_parse ] --START--
INFO: [ template_filter ] --START--
INFO: Run Behavior\ContentReplaceBehavior [ RunTime:0.000095s ]
INFO: [ template_filter ] --END-- [ RunTime:0.000242s ]
INFO: Run Behavior\ParseTemplateBehavior [ RunTime:0.013092s ]
INFO: [ view_parse ] --END-- [ RunTime:0.013246s ]
INFO: [ view_filter ] --START--
INFO: Run Behavior\WriteHtmlCacheBehavior [ RunTime:0.001030s ]
INFO: [ view_filter ] --END-- [ RunTime:0.001163s ]
INFO: [ app_end ] --START--
INFO: Run Behavior\ShowPageTraceBehavior [ RunTime:0.000571s ]
INFO: [ app_end ] --END-- [ RunTime:0.000684s ]

[ 2018-03-26T09:14:15+08:00 ] 127.0.0.1 /index.php/admin/index/index
INFO: [ app_init ] --START--
INFO: Run Behavior\BuildLiteBehavior [ RunTime:0.000023s ]
INFO: [ app_init ] --END-- [ RunTime:0.000492s ]
INFO: [ app_begin ] --START--
INFO: Run Behavior\ReadHtmlCacheBehavior [ RunTime:0.000630s ]
INFO: [ app_begin ] --END-- [ RunTime:0.000776s ]
INFO: [ view_parse ] --START--
INFO: [ template_filter ] --START--
INFO: Run Behavior\ContentReplaceBehavior [ RunTime:0.000065s ]
INFO: [ template_filter ] --END-- [ RunTime:0.000189s ]
INFO: Run Behavior\ParseTemplateBehavior [ RunTime:0.007720s ]
INFO: [ view_parse ] --END-- [ RunTime:0.007838s ]
INFO: [ view_filter ] --START--
INFO: Run Behavior\WriteHtmlCacheBehavior [ RunTime:0.000440s ]
INFO: [ view_filter ] --END-- [ RunTime:0.000544s ]
INFO: [ app_end ] --START--
INFO: Run Behavior\ShowPageTraceBehavior [ RunTime:0.000780s ]
INFO: [ app_end ] --END-- [ RunTime:0.000949s ]

[ 2018-03-26T09:14:15+08:00 ] 127.0.0.1 /index.php/admin/index/top.html
INFO: [ app_init ] --START--
INFO: Run Behavior\BuildLiteBehavior [ RunTime:0.000024s ]
INFO: [ app_init ] --END-- [ RunTime:0.000521s ]
INFO: [ app_begin ] --START--
INFO: Run Behavior\ReadHtmlCacheBehavior [ RunTime:0.000702s ]
INFO: [ app_begin ] --END-- [ RunTime:0.000869s ]
INFO: [ view_parse ] --START--
INFO: [ template_filter ] --START--
INFO: Run Behavior\ContentReplaceBehavior [ RunTime:0.000074s ]
INFO: [ template_filter ] --END-- [ RunTime:0.000193s ]
INFO: Run Behavior\ParseTemplateBehavior [ RunTime:0.008272s ]
INFO: [ view_parse ] --END-- [ RunTime:0.008420s ]
INFO: [ view_filter ] --START--
INFO: Run Behavior\WriteHtmlCacheBehavior [ RunTime:0.000471s ]
INFO: [ view_filter ] --END-- [ RunTime:0.000593s ]
INFO: [ app_end ] --START--
INFO: Run Behavior\ShowPageTraceBehavior [ RunTime:0.000687s ]
INFO: [ app_end ] --END-- [ RunTime:0.000840s ]

[ 2018-03-26T09:14:16+08:00 ] 127.0.0.1 /index.php/admin/index/main.html
INFO: [ app_init ] --START--
INFO: Run Behavior\BuildLiteBehavior [ RunTime:0.000036s ]
INFO: [ app_init ] --END-- [ RunTime:0.000631s ]
INFO: [ app_begin ] --START--
INFO: Run Behavior\ReadHtmlCacheBehavior [ RunTime:0.000750s ]
INFO: [ app_begin ] --END-- [ RunTime:0.000881s ]
INFO: [ view_parse ] --START--
INFO: [ template_filter ] --START--
INFO: Run Behavior\ContentReplaceBehavior [ RunTime:0.000086s ]
INFO: [ template_filter ] --END-- [ RunTime:0.000233s ]
INFO: Run Behavior\ParseTemplateBehavior [ RunTime:0.016488s ]
INFO: [ view_parse ] --END-- [ RunTime:0.016626s ]
INFO: [ view_filter ] --START--
INFO: Run Behavior\WriteHtmlCacheBehavior [ RunTime:0.000543s ]
INFO: [ view_filter ] --END-- [ RunTime:0.000676s ]
INFO: [ app_end ] --START--
INFO: Run Behavior\ShowPageTraceBehavior [ RunTime:0.001051s ]
INFO: [ app_end ] --END-- [ RunTime:0.001171s ]

[ 2018-03-26T09:14:16+08:00 ] 127.0.0.1 /index.php/admin/index/menu.html
INFO: [ app_init ] --START--
INFO: Run Behavior\BuildLiteBehavior [ RunTime:0.000025s ]
INFO: [ app_init ] --END-- [ RunTime:0.000603s ]
INFO: [ app_begin ] --START--
INFO: Run Behavior\ReadHtmlCacheBehavior [ RunTime:0.000802s ]
INFO: [ app_begin ] --END-- [ RunTime:0.001038s ]
INFO: [ view_parse ] --START--
INFO: [ template_filter ] --START--
INFO: Run Behavior\ContentReplaceBehavior [ RunTime:0.000117s ]
INFO: [ template_filter ] --END-- [ RunTime:0.000261s ]
INFO: Run Behavior\ParseTemplateBehavior [ RunTime:0.012276s ]
INFO: [ view_parse ] --END-- [ RunTime:0.012476s ]
INFO: [ view_filter ] --START--
INFO: Run Behavior\WriteHtmlCacheBehavior [ RunTime:0.000580s ]
INFO: [ view_filter ] --END-- [ RunTime:0.000702s ]
INFO: [ app_end ] --START--
INFO: Run Behavior\ShowPageTraceBehavior [ RunTime:0.000808s ]
INFO: [ app_end ] --END-- [ RunTime:0.000962s ]

[ 2018-03-26T09:14:17+08:00 ] 127.0.0.1 /index.php/Admin/Goods/lst.html
INFO: [ app_init ] --START--
INFO: Run Behavior\BuildLiteBehavior [ RunTime:0.000033s ]
INFO: [ app_init ] --END-- [ RunTime:0.000555s ]
INFO: [ app_begin ] --START--
INFO: Run Behavior\ReadHtmlCacheBehavior [ RunTime:0.000835s ]
INFO: [ app_begin ] --END-- [ RunTime:0.000959s ]
SQL: SHOW COLUMNS FROM `jii_goods` [ RunTime:0.0006s ]
SQL: SELECT COUNT(*) AS tp_count FROM `jii_goods` LIMIT 1   [ RunTime:0.0002s ]
SQL: SELECT a.*,b.name as brand_name,c.name as cat_name FROM jii_goods a LEFT JOIN jii_brand b ON a.brand_id=b.id
		        LEFT JOIN jii_category c ON a.cat_id=c.id  ORDER BY order_id asc LIMIT 0,15   [ RunTime:0.0023s ]
INFO: [ view_parse ] --START--
INFO: [ template_filter ] --START--
INFO: Run Behavior\ContentReplaceBehavior [ RunTime:0.000090s ]
INFO: [ template_filter ] --END-- [ RunTime:0.000227s ]
NOTIC: [8] Undefined variable: cat_list D:\wamp\wamp64\www\jiiMarket\Application\Runtime\Cache\Admin\12cf6a5c74297688873998de0720405d.php 第 26 行.
SQL: SHOW COLUMNS FROM `jii_brand` [ RunTime:0.0007s ]
SQL: SELECT `id`,`name` FROM `jii_brand`  [ RunTime:0.0002s ]
NOTIC: [8] Undefined variable: val D:\wamp\wamp64\www\jiiMarket\Application\Runtime\Cache\Admin\12cf6a5c74297688873998de0720405d.php 第 72 行.
NOTIC: [8] Undefined variable: val D:\wamp\wamp64\www\jiiMarket\Application\Runtime\Cache\Admin\12cf6a5c74297688873998de0720405d.php 第 73 行.
NOTIC: [8] Undefined variable: val D:\wamp\wamp64\www\jiiMarket\Application\Runtime\Cache\Admin\12cf6a5c74297688873998de0720405d.php 第 74 行.
NOTIC: [8] Undefined variable: val D:\wamp\wamp64\www\jiiMarket\Application\Runtime\Cache\Admin\12cf6a5c74297688873998de0720405d.php 第 72 行.
NOTIC: [8] Undefined variable: val D:\wamp\wamp64\www\jiiMarket\Application\Runtime\Cache\Admin\12cf6a5c74297688873998de0720405d.php 第 73 行.
NOTIC: [8] Undefined variable: val D:\wamp\wamp64\www\jiiMarket\Application\Runtime\Cache\Admin\12cf6a5c74297688873998de0720405d.php 第 74 行.
NOTIC: [8] Undefined variable: val D:\wamp\wamp64\www\jiiMarket\Application\Runtime\Cache\Admin\12cf6a5c74297688873998de0720405d.php 第 72 行.
NOTIC: [8] Undefined variable: val D:\wamp\wamp64\www\jiiMarket\Application\Runtime\Cache\Admin\12cf6a5c74297688873998de0720405d.php 第 73 行.
NOTIC: [8] Undefined variable: val D:\wamp\wamp64\www\jiiMarket\Application\Runtime\Cache\Admin\12cf6a5c74297688873998de0720405d.php 第 74 行.
NOTIC: [8] Undefined variable: val D:\wamp\wamp64\www\jiiMarket\Application\Runtime\Cache\Admin\12cf6a5c74297688873998de0720405d.php 第 72 行.
NOTIC: [8] Undefined variable: val D:\wamp\wamp64\www\jiiMarket\Application\Runtime\Cache\Admin\12cf6a5c74297688873998de0720405d.php 第 73 行.
NOTIC: [8] Undefined variable: val D:\wamp\wamp64\www\jiiMarket\Application\Runtime\Cache\Admin\12cf6a5c74297688873998de0720405d.php 第 74 行.
NOTIC: [8] Undefined variable: val D:\wamp\wamp64\www\jiiMarket\Application\Runtime\Cache\Admin\12cf6a5c74297688873998de0720405d.php 第 72 行.
NOTIC: [8] Undefined variable: val D:\wamp\wamp64\www\jiiMarket\Application\Runtime\Cache\Admin\12cf6a5c74297688873998de0720405d.php 第 73 行.
NOTIC: [8] Undefined variable: val D:\wamp\wamp64\www\jiiMarket\Application\Runtime\Cache\Admin\12cf6a5c74297688873998de0720405d.php 第 74 行.
NOTIC: [8] Undefined variable: val D:\wamp\wamp64\www\jiiMarket\Application\Runtime\Cache\Admin\12cf6a5c74297688873998de0720405d.php 第 72 行.
NOTIC: [8] Undefined variable: val D:\wamp\wamp64\www\jiiMarket\Application\Runtime\Cache\Admin\12cf6a5c74297688873998de0720405d.php 第 73 行.
NOTIC: [8] Undefined variable: val D:\wamp\wamp64\www\jiiMarket\Application\Runtime\Cache\Admin\12cf6a5c74297688873998de0720405d.php 第 74 行.
NOTIC: [8] Undefined variable: val D:\wamp\wamp64\www\jiiMarket\Application\Runtime\Cache\Admin\12cf6a5c74297688873998de0720405d.php 第 72 行.
NOTIC: [8] Undefined variable: val D:\wamp\wamp64\www\jiiMarket\Application\Runtime\Cache\Admin\12cf6a5c74297688873998de0720405d.php 第 73 行.
NOTIC: [8] Undefined variable: val D:\wamp\wamp64\www\jiiMarket\Application\Runtime\Cache\Admin\12cf6a5c74297688873998de0720405d.php 第 74 行.
NOTIC: [8] Undefined variable: val D:\wamp\wamp64\www\jiiMarket\Application\Runtime\Cache\Admin\12cf6a5c74297688873998de0720405d.php 第 72 行.
NOTIC: [8] Undefined variable: val D:\wamp\wamp64\www\jiiMarket\Application\Runtime\Cache\Admin\12cf6a5c74297688873998de0720405d.php 第 73 行.
NOTIC: [8] Undefined variable: val D:\wamp\wamp64\www\jiiMarket\Application\Runtime\Cache\Admin\12cf6a5c74297688873998de0720405d.php 第 74 行.
NOTIC: [8] Undefined variable: val D:\wamp\wamp64\www\jiiMarket\Application\Runtime\Cache\Admin\12cf6a5c74297688873998de0720405d.php 第 72 行.
NOTIC: [8] Undefined variable: val D:\wamp\wamp64\www\jiiMarket\Application\Runtime\Cache\Admin\12cf6a5c74297688873998de0720405d.php 第 73 行.
NOTIC: [8] Undefined variable: val D:\wamp\wamp64\www\jiiMarket\Application\Runtime\Cache\Admin\12cf6a5c74297688873998de0720405d.php 第 74 行.
NOTIC: [8] Undefined variable: val D:\wamp\wamp64\www\jiiMarket\Application\Runtime\Cache\Admin\12cf6a5c74297688873998de0720405d.php 第 72 行.
NOTIC: [8] Undefined variable: val D:\wamp\wamp64\www\jiiMarket\Application\Runtime\Cache\Admin\12cf6a5c74297688873998de0720405d.php 第 73 行.
NOTIC: [8] Undefined variable: val D:\wamp\wamp64\www\jiiMarket\Application\Runtime\Cache\Admin\12cf6a5c74297688873998de0720405d.php 第 74 行.
NOTIC: [8] Undefined variable: val D:\wamp\wamp64\www\jiiMarket\Application\Runtime\Cache\Admin\12cf6a5c74297688873998de0720405d.php 第 72 行.
NOTIC: [8] Undefined variable: val D:\wamp\wamp64\www\jiiMarket\Application\Runtime\Cache\Admin\12cf6a5c74297688873998de0720405d.php 第 73 行.
NOTIC: [8] Undefined variable: val D:\wamp\wamp64\www\jiiMarket\Application\Runtime\Cache\Admin\12cf6a5c74297688873998de0720405d.php 第 74 行.
NOTIC: [8] Undefined variable: val D:\wamp\wamp64\www\jiiMarket\Application\Runtime\Cache\Admin\12cf6a5c74297688873998de0720405d.php 第 72 行.
NOTIC: [8] Undefined variable: val D:\wamp\wamp64\www\jiiMarket\Application\Runtime\Cache\Admin\12cf6a5c74297688873998de0720405d.php 第 73 行.
NOTIC: [8] Undefined variable: val D:\wamp\wamp64\www\jiiMarket\Application\Runtime\Cache\Admin\12cf6a5c74297688873998de0720405d.php 第 74 行.
INFO: Run Behavior\ParseTemplateBehavior [ RunTime:0.022760s ]
INFO: [ view_parse ] --END-- [ RunTime:0.022902s ]
INFO: [ view_filter ] --START--
INFO: Run Behavior\WriteHtmlCacheBehavior [ RunTime:0.000653s ]
INFO: [ view_filter ] --END-- [ RunTime:0.000777s ]
INFO: [ app_end ] --START--
INFO: Run Behavior\ShowPageTraceBehavior [ RunTime:0.000740s ]
INFO: [ app_end ] --END-- [ RunTime:0.000855s ]

[ 2018-03-26T09:14:22+08:00 ] 127.0.0.1 /index.php/Admin/Goods/edit/id/1.html
INFO: [ app_init ] --START--
INFO: Run Behavior\BuildLiteBehavior [ RunTime:0.000025s ]
INFO: [ app_init ] --END-- [ RunTime:0.000612s ]
INFO: [ app_begin ] --START--
INFO: Run Behavior\ReadHtmlCacheBehavior [ RunTime:0.000727s ]
INFO: [ app_begin ] --END-- [ RunTime:0.000923s ]
SQL: SHOW COLUMNS FROM `jii_goods` [ RunTime:0.0009s ]
SQL: SELECT * FROM `jii_goods` WHERE `id` = 1 LIMIT 1   [ RunTime:0.0004s ]
SQL: SHOW COLUMNS FROM `jii_goods_img` [ RunTime:0.0006s ]
SQL: SELECT * FROM `jii_goods_img` WHERE `goods_id` = '1'  [ RunTime:0.0003s ]
SQL: SHOW COLUMNS FROM `jii_goods_desc` [ RunTime:0.0008s ]
SQL: SELECT * FROM `jii_goods_desc` WHERE `goods_id` = '1'  [ RunTime:0.0004s ]
SQL: SHOW COLUMNS FROM `jii_category` [ RunTime:0.0007s ]
SQL: SELECT * FROM `jii_category` ORDER BY order_id asc  [ RunTime:0.0004s ]
SQL: SHOW COLUMNS FROM `jii_goods_cat` [ RunTime:0.0007s ]
SQL: SELECT * FROM `jii_goods_cat` WHERE `goods_id` = '1'  [ RunTime:0.0004s ]
SQL: SHOW COLUMNS FROM `jii_attribute` [ RunTime:0.0010s ]
SQL: SELECT a.id attr_id,a.attr_name,a.attr_type,a.attr_option_values,b.id,b.attr_value FROM jii_attribute a LEFT JOIN jii_goods_attr b ON a.id=b.attr_id AND b.goods_id=1  WHERE a.type_id = '1'  [ RunTime:0.0012s ]
INFO: [ view_parse ] --START--
INFO: [ template_filter ] --START--
INFO: Run Behavior\ContentReplaceBehavior [ RunTime:0.000180s ]
INFO: [ template_filter ] --END-- [ RunTime:0.000319s ]
SQL: SHOW COLUMNS FROM `jii_brand` [ RunTime:0.0006s ]
SQL: SELECT `id`,`name` FROM `jii_brand`  [ RunTime:0.0002s ]
SQL: SHOW COLUMNS FROM `jii_type` [ RunTime:0.0006s ]
SQL: SELECT `id`,`type_name` FROM `jii_type`  [ RunTime:0.0003s ]
INFO: Run Behavior\ParseTemplateBehavior [ RunTime:0.025594s ]
INFO: [ view_parse ] --END-- [ RunTime:0.025865s ]
INFO: [ view_filter ] --START--
INFO: Run Behavior\WriteHtmlCacheBehavior [ RunTime:0.000973s ]
INFO: [ view_filter ] --END-- [ RunTime:0.001152s ]
INFO: [ app_end ] --START--
INFO: Run Behavior\ShowPageTraceBehavior [ RunTime:0.000943s ]
INFO: [ app_end ] --END-- [ RunTime:0.001168s ]

[ 2018-03-26T09:46:54+08:00 ] 127.0.0.1 /index.php/Admin/Category/lst.html
INFO: [ app_init ] --START--
INFO: Run Behavior\BuildLiteBehavior [ RunTime:0.000025s ]
INFO: [ app_init ] --END-- [ RunTime:0.000471s ]
INFO: [ app_begin ] --START--
INFO: Run Behavior\ReadHtmlCacheBehavior [ RunTime:0.000589s ]
INFO: [ app_begin ] --END-- [ RunTime:0.000703s ]
SQL: SHOW COLUMNS FROM `jii_category` [ RunTime:0.0005s ]
SQL: SELECT * FROM `jii_category` ORDER BY order_id asc  [ RunTime:0.0003s ]
INFO: [ view_parse ] --START--
INFO: [ template_filter ] --START--
INFO: Run Behavior\ContentReplaceBehavior [ RunTime:0.000087s ]
INFO: [ template_filter ] --END-- [ RunTime:0.000237s ]
INFO: Run Behavior\ParseTemplateBehavior [ RunTime:0.018895s ]
INFO: [ view_parse ] --END-- [ RunTime:0.019042s ]
INFO: [ view_filter ] --START--
INFO: Run Behavior\WriteHtmlCacheBehavior [ RunTime:0.000477s ]
INFO: [ view_filter ] --END-- [ RunTime:0.000603s ]
INFO: [ app_end ] --START--
INFO: Run Behavior\ShowPageTraceBehavior [ RunTime:0.000736s ]
INFO: [ app_end ] --END-- [ RunTime:0.000859s ]

[ 2018-03-26T09:46:55+08:00 ] 127.0.0.1 /index.php/Admin/Goods/lst.html
INFO: [ app_init ] --START--
INFO: Run Behavior\BuildLiteBehavior [ RunTime:0.000024s ]
INFO: [ app_init ] --END-- [ RunTime:0.000473s ]
INFO: [ app_begin ] --START--
INFO: Run Behavior\ReadHtmlCacheBehavior [ RunTime:0.000590s ]
INFO: [ app_begin ] --END-- [ RunTime:0.000702s ]
SQL: SHOW COLUMNS FROM `jii_goods` [ RunTime:0.0005s ]
SQL: SELECT COUNT(*) AS tp_count FROM `jii_goods` LIMIT 1   [ RunTime:0.0002s ]
SQL: SELECT a.*,b.name as brand_name,c.name as cat_name FROM jii_goods a LEFT JOIN jii_brand b ON a.brand_id=b.id
		        LEFT JOIN jii_category c ON a.cat_id=c.id  ORDER BY order_id asc LIMIT 0,15   [ RunTime:0.0008s ]
INFO: [ view_parse ] --START--
INFO: [ template_filter ] --START--
INFO: Run Behavior\ContentReplaceBehavior [ RunTime:0.000096s ]
INFO: [ template_filter ] --END-- [ RunTime:0.000255s ]
NOTIC: [8] Undefined variable: cat_list D:\wamp\wamp64\www\jiiMarket\Application\Runtime\Cache\Admin\12cf6a5c74297688873998de0720405d.php 第 26 行.
SQL: SHOW COLUMNS FROM `jii_brand` [ RunTime:0.0006s ]
SQL: SELECT `id`,`name` FROM `jii_brand`  [ RunTime:0.0002s ]
NOTIC: [8] Undefined variable: val D:\wamp\wamp64\www\jiiMarket\Application\Runtime\Cache\Admin\12cf6a5c74297688873998de0720405d.php 第 72 行.
NOTIC: [8] Undefined variable: val D:\wamp\wamp64\www\jiiMarket\Application\Runtime\Cache\Admin\12cf6a5c74297688873998de0720405d.php 第 73 行.
NOTIC: [8] Undefined variable: val D:\wamp\wamp64\www\jiiMarket\Application\Runtime\Cache\Admin\12cf6a5c74297688873998de0720405d.php 第 74 行.
NOTIC: [8] Undefined variable: val D:\wamp\wamp64\www\jiiMarket\Application\Runtime\Cache\Admin\12cf6a5c74297688873998de0720405d.php 第 72 行.
NOTIC: [8] Undefined variable: val D:\wamp\wamp64\www\jiiMarket\Application\Runtime\Cache\Admin\12cf6a5c74297688873998de0720405d.php 第 73 行.
NOTIC: [8] Undefined variable: val D:\wamp\wamp64\www\jiiMarket\Application\Runtime\Cache\Admin\12cf6a5c74297688873998de0720405d.php 第 74 行.
NOTIC: [8] Undefined variable: val D:\wamp\wamp64\www\jiiMarket\Application\Runtime\Cache\Admin\12cf6a5c74297688873998de0720405d.php 第 72 行.
NOTIC: [8] Undefined variable: val D:\wamp\wamp64\www\jiiMarket\Application\Runtime\Cache\Admin\12cf6a5c74297688873998de0720405d.php 第 73 行.
NOTIC: [8] Undefined variable: val D:\wamp\wamp64\www\jiiMarket\Application\Runtime\Cache\Admin\12cf6a5c74297688873998de0720405d.php 第 74 行.
NOTIC: [8] Undefined variable: val D:\wamp\wamp64\www\jiiMarket\Application\Runtime\Cache\Admin\12cf6a5c74297688873998de0720405d.php 第 72 行.
NOTIC: [8] Undefined variable: val D:\wamp\wamp64\www\jiiMarket\Application\Runtime\Cache\Admin\12cf6a5c74297688873998de0720405d.php 第 73 行.
NOTIC: [8] Undefined variable: val D:\wamp\wamp64\www\jiiMarket\Application\Runtime\Cache\Admin\12cf6a5c74297688873998de0720405d.php 第 74 行.
NOTIC: [8] Undefined variable: val D:\wamp\wamp64\www\jiiMarket\Application\Runtime\Cache\Admin\12cf6a5c74297688873998de0720405d.php 第 72 行.
NOTIC: [8] Undefined variable: val D:\wamp\wamp64\www\jiiMarket\Application\Runtime\Cache\Admin\12cf6a5c74297688873998de0720405d.php 第 73 行.
NOTIC: [8] Undefined variable: val D:\wamp\wamp64\www\jiiMarket\Application\Runtime\Cache\Admin\12cf6a5c74297688873998de0720405d.php 第 74 行.
NOTIC: [8] Undefined variable: val D:\wamp\wamp64\www\jiiMarket\Application\Runtime\Cache\Admin\12cf6a5c74297688873998de0720405d.php 第 72 行.
NOTIC: [8] Undefined variable: val D:\wamp\wamp64\www\jiiMarket\Application\Runtime\Cache\Admin\12cf6a5c74297688873998de0720405d.php 第 73 行.
NOTIC: [8] Undefined variable: val D:\wamp\wamp64\www\jiiMarket\Application\Runtime\Cache\Admin\12cf6a5c74297688873998de0720405d.php 第 74 行.
NOTIC: [8] Undefined variable: val D:\wamp\wamp64\www\jiiMarket\Application\Runtime\Cache\Admin\12cf6a5c74297688873998de0720405d.php 第 72 行.
NOTIC: [8] Undefined variable: val D:\wamp\wamp64\www\jiiMarket\Application\Runtime\Cache\Admin\12cf6a5c74297688873998de0720405d.php 第 73 行.
NOTIC: [8] Undefined variable: val D:\wamp\wamp64\www\jiiMarket\Application\Runtime\Cache\Admin\12cf6a5c74297688873998de0720405d.php 第 74 行.
NOTIC: [8] Undefined variable: val D:\wamp\wamp64\www\jiiMarket\Application\Runtime\Cache\Admin\12cf6a5c74297688873998de0720405d.php 第 72 行.
NOTIC: [8] Undefined variable: val D:\wamp\wamp64\www\jiiMarket\Application\Runtime\Cache\Admin\12cf6a5c74297688873998de0720405d.php 第 73 行.
NOTIC: [8] Undefined variable: val D:\wamp\wamp64\www\jiiMarket\Application\Runtime\Cache\Admin\12cf6a5c74297688873998de0720405d.php 第 74 行.
NOTIC: [8] Undefined variable: val D:\wamp\wamp64\www\jiiMarket\Application\Runtime\Cache\Admin\12cf6a5c74297688873998de0720405d.php 第 72 行.
NOTIC: [8] Undefined variable: val D:\wamp\wamp64\www\jiiMarket\Application\Runtime\Cache\Admin\12cf6a5c74297688873998de0720405d.php 第 73 行.
NOTIC: [8] Undefined variable: val D:\wamp\wamp64\www\jiiMarket\Application\Runtime\Cache\Admin\12cf6a5c74297688873998de0720405d.php 第 74 行.
NOTIC: [8] Undefined variable: val D:\wamp\wamp64\www\jiiMarket\Application\Runtime\Cache\Admin\12cf6a5c74297688873998de0720405d.php 第 72 行.
NOTIC: [8] Undefined variable: val D:\wamp\wamp64\www\jiiMarket\Application\Runtime\Cache\Admin\12cf6a5c74297688873998de0720405d.php 第 73 行.
NOTIC: [8] Undefined variable: val D:\wamp\wamp64\www\jiiMarket\Application\Runtime\Cache\Admin\12cf6a5c74297688873998de0720405d.php 第 74 行.
NOTIC: [8] Undefined variable: val D:\wamp\wamp64\www\jiiMarket\Application\Runtime\Cache\Admin\12cf6a5c74297688873998de0720405d.php 第 72 行.
NOTIC: [8] Undefined variable: val D:\wamp\wamp64\www\jiiMarket\Application\Runtime\Cache\Admin\12cf6a5c74297688873998de0720405d.php 第 73 行.
NOTIC: [8] Undefined variable: val D:\wamp\wamp64\www\jiiMarket\Application\Runtime\Cache\Admin\12cf6a5c74297688873998de0720405d.php 第 74 行.
NOTIC: [8] Undefined variable: val D:\wamp\wamp64\www\jiiMarket\Application\Runtime\Cache\Admin\12cf6a5c74297688873998de0720405d.php 第 72 行.
NOTIC: [8] Undefined variable: val D:\wamp\wamp64\www\jiiMarket\Application\Runtime\Cache\Admin\12cf6a5c74297688873998de0720405d.php 第 73 行.
NOTIC: [8] Undefined variable: val D:\wamp\wamp64\www\jiiMarket\Application\Runtime\Cache\Admin\12cf6a5c74297688873998de0720405d.php 第 74 行.
INFO: Run Behavior\ParseTemplateBehavior [ RunTime:0.022147s ]
INFO: [ view_parse ] --END-- [ RunTime:0.022278s ]
INFO: [ view_filter ] --START--
INFO: Run Behavior\WriteHtmlCacheBehavior [ RunTime:0.000543s ]
INFO: [ view_filter ] --END-- [ RunTime:0.000670s ]
INFO: [ app_end ] --START--
INFO: Run Behavior\ShowPageTraceBehavior [ RunTime:0.000756s ]
INFO: [ app_end ] --END-- [ RunTime:0.000886s ]

[ 2018-03-26T10:02:26+08:00 ] 127.0.0.1 /index.php/Admin/Goods/goods_number/id/1.html
INFO: [ app_init ] --START--
INFO: Run Behavior\BuildLiteBehavior [ RunTime:0.000023s ]
INFO: [ app_init ] --END-- [ RunTime:0.000602s ]
INFO: [ app_begin ] --START--
INFO: Run Behavior\ReadHtmlCacheBehavior [ RunTime:0.000658s ]
INFO: [ app_begin ] --END-- [ RunTime:0.000793s ]
SQL: SHOW COLUMNS FROM `jii_goods_number` [ RunTime:0.0005s ]
SQL: SHOW COLUMNS FROM `jii_goods_attr` [ RunTime:0.0004s ]
SQL: SELECT a.*,b.attr_name,b.attr_type,b.attr_option_values,b.type_id FROM jii_goods_attr a LEFT JOIN jii_attribute b ON a.attr_id=b.id  WHERE a.goods_id = '1' AND b.attr_type = '2'  [ RunTime:0.0003s ]
SQL: SELECT * FROM `jii_goods_number` WHERE `goods_id` = '1'  [ RunTime:0.0002s ]
INFO: [ view_parse ] --START--
INFO: [ template_filter ] --START--
INFO: Run Behavior\ContentReplaceBehavior [ RunTime:0.000114s ]
INFO: [ template_filter ] --END-- [ RunTime:0.000259s ]
NOTIC: [8] Undefined variable: id D:\wamp\wamp64\www\jiiMarket\Application\Runtime\Cache\Admin\2748f9ade8e602b7f92c24038866ded6.php 第 61 行.
NOTIC: [8] Undefined variable: goodsPri D:\wamp\wamp64\www\jiiMarket\Application\Runtime\Cache\Admin\2748f9ade8e602b7f92c24038866ded6.php 第 62 行.
NOTIC: [8] Undefined variable: goodsNum D:\wamp\wamp64\www\jiiMarket\Application\Runtime\Cache\Admin\2748f9ade8e602b7f92c24038866ded6.php 第 63 行.
NOTIC: [8] Undefined variable: goodsImg D:\wamp\wamp64\www\jiiMarket\Application\Runtime\Cache\Admin\2748f9ade8e602b7f92c24038866ded6.php 第 64 行.
NOTIC: [8] Undefined variable: id D:\wamp\wamp64\www\jiiMarket\Application\Runtime\Cache\Admin\2748f9ade8e602b7f92c24038866ded6.php 第 61 行.
NOTIC: [8] Undefined variable: goodsImg D:\wamp\wamp64\www\jiiMarket\Application\Runtime\Cache\Admin\2748f9ade8e602b7f92c24038866ded6.php 第 64 行.
NOTIC: [8] Undefined variable: id D:\wamp\wamp64\www\jiiMarket\Application\Runtime\Cache\Admin\2748f9ade8e602b7f92c24038866ded6.php 第 61 行.
NOTIC: [8] Undefined variable: goodsImg D:\wamp\wamp64\www\jiiMarket\Application\Runtime\Cache\Admin\2748f9ade8e602b7f92c24038866ded6.php 第 64 行.
NOTIC: [8] Undefined variable: id D:\wamp\wamp64\www\jiiMarket\Application\Runtime\Cache\Admin\2748f9ade8e602b7f92c24038866ded6.php 第 61 行.
NOTIC: [8] Undefined variable: goodsImg D:\wamp\wamp64\www\jiiMarket\Application\Runtime\Cache\Admin\2748f9ade8e602b7f92c24038866ded6.php 第 64 行.
NOTIC: [8] Undefined variable: id D:\wamp\wamp64\www\jiiMarket\Application\Runtime\Cache\Admin\2748f9ade8e602b7f92c24038866ded6.php 第 61 行.
NOTIC: [8] Undefined variable: goodsImg D:\wamp\wamp64\www\jiiMarket\Application\Runtime\Cache\Admin\2748f9ade8e602b7f92c24038866ded6.php 第 64 行.
NOTIC: [8] Undefined variable: id D:\wamp\wamp64\www\jiiMarket\Application\Runtime\Cache\Admin\2748f9ade8e602b7f92c24038866ded6.php 第 61 行.
NOTIC: [8] Undefined variable: goodsImg D:\wamp\wamp64\www\jiiMarket\Application\Runtime\Cache\Admin\2748f9ade8e602b7f92c24038866ded6.php 第 64 行.
INFO: Run Behavior\ParseTemplateBehavior [ RunTime:0.013557s ]
INFO: [ view_parse ] --END-- [ RunTime:0.013734s ]
INFO: [ view_filter ] --START--
INFO: Run Behavior\WriteHtmlCacheBehavior [ RunTime:0.000477s ]
INFO: [ view_filter ] --END-- [ RunTime:0.000598s ]
INFO: [ app_end ] --START--
INFO: Run Behavior\ShowPageTraceBehavior [ RunTime:0.000637s ]
INFO: [ app_end ] --END-- [ RunTime:0.000858s ]

[ 2018-03-26T10:04:24+08:00 ] 127.0.0.1 /index.php/Admin/Goods/goods_number/id/1.html
INFO: [ app_init ] --START--
INFO: Run Behavior\BuildLiteBehavior [ RunTime:0.000026s ]
INFO: [ app_init ] --END-- [ RunTime:0.000523s ]
INFO: [ app_begin ] --START--
INFO: Run Behavior\ReadHtmlCacheBehavior [ RunTime:0.000632s ]
INFO: [ app_begin ] --END-- [ RunTime:0.000784s ]
SQL: SHOW COLUMNS FROM `jii_goods_number` [ RunTime:0.0005s ]
SQL: SHOW COLUMNS FROM `jii_goods_attr` [ RunTime:0.0004s ]
SQL: SELECT a.*,b.attr_name,b.attr_type,b.attr_option_values,b.type_id FROM jii_goods_attr a LEFT JOIN jii_attribute b ON a.attr_id=b.id  WHERE a.goods_id = '1' AND b.attr_type = '2'  [ RunTime:0.0004s ]
SQL: INSERT INTO `jii_goods_number` (`goods_id`,`goods_attr_id`,`goods_number`,`goods_price`,`img_src`) VALUES ('1','1,2','45','1270','http://p5koaz6je.bkt.clouddn.com/view/images/goodsAttrImg/2018/03/26/26380轮播图1.png?') [ RunTime:0.0035s ]
SQL: INSERT INTO `jii_goods_number` (`goods_id`,`goods_attr_id`,`goods_number`,`goods_price`,`img_src`) VALUES ('1','1,67','65','1271','http://p5koaz6je.bkt.clouddn.com/view/images/goodsAttrImg/2018/03/26/14421轮播图2.png?') [ RunTime:0.0025s ]
ERR: 1364:Field 'img_src' doesn't have a default value
 [ SQL语句 ] : INSERT INTO `jii_goods_number` (`goods_id`,`goods_attr_id`,`goods_number`,`goods_price`) VALUES ('1','2,65','0','1273')
ERR: 1364:Field 'img_src' doesn't have a default value
 [ SQL语句 ] : INSERT INTO `jii_goods_number` (`goods_id`,`goods_attr_id`,`goods_number`,`goods_price`) VALUES ('1','2,65','0','1273')

[ 2018-03-26T10:05:01+08:00 ] 127.0.0.1 /index.php/Admin/Goods/goods_number/id/1.html
INFO: [ app_init ] --START--
INFO: Run Behavior\BuildLiteBehavior [ RunTime:0.000027s ]
INFO: [ app_init ] --END-- [ RunTime:0.000513s ]
INFO: [ app_begin ] --START--
INFO: Run Behavior\ReadHtmlCacheBehavior [ RunTime:0.000643s ]
INFO: [ app_begin ] --END-- [ RunTime:0.000781s ]
SQL: SHOW COLUMNS FROM `jii_goods_number` [ RunTime:0.0014s ]
SQL: SHOW COLUMNS FROM `jii_goods_attr` [ RunTime:0.0004s ]
SQL: SELECT a.*,b.attr_name,b.attr_type,b.attr_option_values,b.type_id FROM jii_goods_attr a LEFT JOIN jii_attribute b ON a.attr_id=b.id  WHERE a.goods_id = '1' AND b.attr_type = '2'  [ RunTime:0.0004s ]
SQL: INSERT INTO `jii_goods_number` (`goods_id`,`goods_attr_id`,`goods_number`,`goods_price`,`img_src`) VALUES ('1','1,2','45','1270','http://p5koaz6je.bkt.clouddn.com/view/images/goodsAttrImg/2018/03/26/21339轮播图1.png?') [ RunTime:0.0023s ]
SQL: INSERT INTO `jii_goods_number` (`goods_id`,`goods_attr_id`,`goods_number`,`goods_price`,`img_src`) VALUES ('1','1,67','65','1271','http://p5koaz6je.bkt.clouddn.com/view/images/goodsAttrImg/2018/03/26/26616轮播图2.png?') [ RunTime:0.0024s ]
ERR: 1364:Field 'img_src' doesn't have a default value
 [ SQL语句 ] : INSERT INTO `jii_goods_number` (`goods_id`,`goods_attr_id`,`goods_number`,`goods_price`) VALUES ('1','2,65','0','1273')
ERR: 1364:Field 'img_src' doesn't have a default value
 [ SQL语句 ] : INSERT INTO `jii_goods_number` (`goods_id`,`goods_attr_id`,`goods_number`,`goods_price`) VALUES ('1','2,65','0','1273')

[ 2018-03-26T10:09:25+08:00 ] 127.0.0.1 /index.php/Admin/Goods/goods_number/id/1.html
INFO: [ app_init ] --START--
INFO: Run Behavior\BuildLiteBehavior [ RunTime:0.000023s ]
INFO: [ app_init ] --END-- [ RunTime:0.000485s ]
INFO: [ app_begin ] --START--
INFO: Run Behavior\ReadHtmlCacheBehavior [ RunTime:0.000561s ]
INFO: [ app_begin ] --END-- [ RunTime:0.000668s ]
SQL: SHOW COLUMNS FROM `jii_goods_number` [ RunTime:0.0028s ]
SQL: SHOW COLUMNS FROM `jii_goods_attr` [ RunTime:0.0008s ]
SQL: SELECT a.*,b.attr_name,b.attr_type,b.attr_option_values,b.type_id FROM jii_goods_attr a LEFT JOIN jii_attribute b ON a.attr_id=b.id  WHERE a.goods_id = '1' AND b.attr_type = '2'  [ RunTime:0.0006s ]
SQL: INSERT INTO `jii_goods_number` (`goods_id`,`goods_attr_id`,`goods_number`,`goods_price`,`img_src`) VALUES ('1','1,2','45','1270','http://p5koaz6je.bkt.clouddn.com/view/images/goodsAttrImg/2018/03/26/31647轮播图1.png?') [ RunTime:0.0035s ]
SQL: INSERT INTO `jii_goods_number` (`goods_id`,`goods_attr_id`,`goods_number`,`goods_price`,`img_src`) VALUES ('1','1,67','65','1271','http://p5koaz6je.bkt.clouddn.com/view/images/goodsAttrImg/2018/03/26/17644轮播图2.png?') [ RunTime:0.0033s ]
SQL: INSERT INTO `jii_goods_number` (`goods_id`,`goods_attr_id`,`goods_number`,`goods_price`) VALUES ('1','2,65','0','1273') [ RunTime:0.0042s ]
SQL: INSERT INTO `jii_goods_number` (`goods_id`,`goods_attr_id`,`goods_number`,`goods_price`,`img_src`) VALUES ('1','65,67','0','1274','http://p5koaz6je.bkt.clouddn.com/view/images/goodsAttrImg/2018/03/26/28853轮播图3.png?') [ RunTime:0.0033s ]
SQL: INSERT INTO `jii_goods_number` (`goods_id`,`goods_attr_id`,`goods_number`,`goods_price`) VALUES ('1','2,66','46','1275') [ RunTime:0.0029s ]
SQL: INSERT INTO `jii_goods_number` (`goods_id`,`goods_attr_id`,`goods_number`,`goods_price`,`img_src`) VALUES ('1','66,67','98','1276','http://p5koaz6je.bkt.clouddn.com/view/images/goodsAttrImg/2018/03/26/21322详情图1.png?') [ RunTime:0.0030s ]
SQL: SELECT * FROM `jii_goods_number` WHERE `goods_id` = '1'  [ RunTime:0.0005s ]
INFO: [ view_parse ] --START--
INFO: [ template_filter ] --START--
INFO: Run Behavior\ContentReplaceBehavior [ RunTime:0.000196s ]
INFO: [ template_filter ] --END-- [ RunTime:0.000467s ]
INFO: Run Behavior\ParseTemplateBehavior [ RunTime:0.022724s ]
INFO: [ view_parse ] --END-- [ RunTime:0.022986s ]
INFO: [ view_filter ] --START--
INFO: Run Behavior\WriteHtmlCacheBehavior [ RunTime:0.000886s ]
INFO: [ view_filter ] --END-- [ RunTime:0.001122s ]
INFO: [ app_end ] --START--
INFO: Run Behavior\ShowPageTraceBehavior [ RunTime:0.001344s ]
INFO: [ app_end ] --END-- [ RunTime:0.001588s ]

[ 2018-03-26T12:58:39+08:00 ] 127.0.0.1 /index.php/Admin/Goods/goods_number/id/1.html
INFO: [ app_init ] --START--
INFO: Run Behavior\BuildLiteBehavior [ RunTime:0.000023s ]
INFO: [ app_init ] --END-- [ RunTime:0.000526s ]
INFO: [ app_begin ] --START--
INFO: Run Behavior\ReadHtmlCacheBehavior [ RunTime:0.000592s ]
INFO: [ app_begin ] --END-- [ RunTime:0.000729s ]
SQL: SHOW COLUMNS FROM `jii_goods_number` [ RunTime:0.0005s ]
SQL: SHOW COLUMNS FROM `jii_goods_attr` [ RunTime:0.0004s ]
SQL: SELECT a.*,b.attr_name,b.attr_type,b.attr_option_values,b.type_id FROM jii_goods_attr a LEFT JOIN jii_attribute b ON a.attr_id=b.id  WHERE a.goods_id = '1' AND b.attr_type = '2'  [ RunTime:0.0004s ]
SQL: UPDATE `jii_goods_number` SET `goods_id`='1',`goods_attr_id`='1,2',`goods_number`='0',`goods_price`='1270' WHERE ( id=1 ) [ RunTime:0.0038s ]
SQL: UPDATE `jii_goods_number` SET `goods_id`='1',`goods_attr_id`='1,67',`goods_number`='65',`goods_price`='1271' WHERE ( id=2 ) [ RunTime:0.0025s ]
SQL: UPDATE `jii_goods_number` SET `goods_id`='1',`goods_attr_id`='2,65',`goods_number`='0',`goods_price`='1273' WHERE ( id=3 ) [ RunTime:0.0024s ]
SQL: UPDATE `jii_goods_number` SET `goods_id`='1',`goods_attr_id`='65,67',`goods_number`='0',`goods_price`='1274' WHERE ( id=4 ) [ RunTime:0.0027s ]
SQL: UPDATE `jii_goods_number` SET `goods_id`='1',`goods_attr_id`='2,66',`goods_number`='46',`goods_price`='1275' WHERE ( id=5 ) [ RunTime:0.0023s ]
SQL: UPDATE `jii_goods_number` SET `goods_id`='1',`goods_attr_id`='66,67',`goods_number`='98',`goods_price`='1276' WHERE ( id=6 ) [ RunTime:0.0025s ]
SQL: SELECT * FROM `jii_goods_number` WHERE `goods_id` = '1'  [ RunTime:0.0003s ]
INFO: [ view_parse ] --START--
INFO: [ template_filter ] --START--
INFO: Run Behavior\ContentReplaceBehavior [ RunTime:0.000097s ]
INFO: [ template_filter ] --END-- [ RunTime:0.000215s ]
INFO: Run Behavior\ParseTemplateBehavior [ RunTime:0.011940s ]
INFO: [ view_parse ] --END-- [ RunTime:0.012081s ]
INFO: [ view_filter ] --START--
INFO: Run Behavior\WriteHtmlCacheBehavior [ RunTime:0.000441s ]
INFO: [ view_filter ] --END-- [ RunTime:0.000544s ]
INFO: [ app_end ] --START--
INFO: Run Behavior\ShowPageTraceBehavior [ RunTime:0.000566s ]
INFO: [ app_end ] --END-- [ RunTime:0.000699s ]

[ 2018-03-26T13:30:55+08:00 ] 127.0.0.1 /index.php/Admin/Brand/lst.html
INFO: [ app_init ] --START--
INFO: Run Behavior\BuildLiteBehavior [ RunTime:0.000023s ]
INFO: [ app_init ] --END-- [ RunTime:0.000504s ]
INFO: [ app_begin ] --START--
INFO: Run Behavior\ReadHtmlCacheBehavior [ RunTime:0.000620s ]
INFO: [ app_begin ] --END-- [ RunTime:0.000754s ]
SQL: SHOW COLUMNS FROM `jii_brand` [ RunTime:0.0007s ]
SQL: SELECT COUNT(*) AS tp_count FROM `jii_brand` LIMIT 1   [ RunTime:0.0004s ]
NOTIC: [8] Undefined variable: perPage D:\wamp\wamp64\www\jiiMarket\Application\Admin\Model\BrandModel.class.php 第 31 行.
NOTIC: [2] Division by zero D:\wamp\wamp64\www\jiiMarket\ThinkPHP\Library\Think\Page.class.php 第 84 行.
SQL: SELECT * FROM `jii_brand`  [ RunTime:0.0004s ]
INFO: [ view_parse ] --START--
INFO: [ template_filter ] --START--
INFO: Run Behavior\ContentReplaceBehavior [ RunTime:0.000087s ]
INFO: [ template_filter ] --END-- [ RunTime:0.000210s ]
INFO: Run Behavior\ParseTemplateBehavior [ RunTime:0.011094s ]
INFO: [ view_parse ] --END-- [ RunTime:0.011236s ]
INFO: [ view_filter ] --START--
INFO: Run Behavior\WriteHtmlCacheBehavior [ RunTime:0.000419s ]
INFO: [ view_filter ] --END-- [ RunTime:0.000524s ]
INFO: [ app_end ] --START--
INFO: Run Behavior\ShowPageTraceBehavior [ RunTime:0.000537s ]
INFO: [ app_end ] --END-- [ RunTime:0.000664s ]

[ 2018-03-26T13:30:57+08:00 ] 127.0.0.1 /index.php/Admin/Brand/edit/id/3.html
INFO: [ app_init ] --START--
INFO: Run Behavior\BuildLiteBehavior [ RunTime:0.000023s ]
INFO: [ app_init ] --END-- [ RunTime:0.000466s ]
INFO: [ app_begin ] --START--
INFO: Run Behavior\ReadHtmlCacheBehavior [ RunTime:0.000664s ]
INFO: [ app_begin ] --END-- [ RunTime:0.000774s ]
SQL: SHOW COLUMNS FROM `jii_brand` [ RunTime:0.0006s ]
SQL: SELECT * FROM `jii_brand` WHERE `id` = 3 LIMIT 1   [ RunTime:0.0002s ]
INFO: [ view_parse ] --START--
INFO: [ template_filter ] --START--
INFO: Run Behavior\ContentReplaceBehavior [ RunTime:0.000188s ]
INFO: [ template_filter ] --END-- [ RunTime:0.000496s ]
INFO: Run Behavior\ParseTemplateBehavior [ RunTime:0.017457s ]
INFO: [ view_parse ] --END-- [ RunTime:0.017694s ]
INFO: [ view_filter ] --START--
INFO: Run Behavior\WriteHtmlCacheBehavior [ RunTime:0.001076s ]
INFO: [ view_filter ] --END-- [ RunTime:0.001371s ]
INFO: [ app_end ] --START--
INFO: Run Behavior\ShowPageTraceBehavior [ RunTime:0.001502s ]
INFO: [ app_end ] --END-- [ RunTime:0.001765s ]

[ 2018-03-26T13:31:10+08:00 ] 127.0.0.1 /index.php/Admin/Brand/edit/id/3.html
INFO: [ app_init ] --START--
INFO: Run Behavior\BuildLiteBehavior [ RunTime:0.000023s ]
INFO: [ app_init ] --END-- [ RunTime:0.000462s ]
INFO: [ app_begin ] --START--
INFO: Run Behavior\ReadHtmlCacheBehavior [ RunTime:0.000651s ]
INFO: [ app_begin ] --END-- [ RunTime:0.000765s ]
SQL: SHOW COLUMNS FROM `jii_brand` [ RunTime:0.0005s ]
SQL: SELECT * FROM `jii_brand` WHERE `id` = 3 LIMIT 1   [ RunTime:0.0002s ]
NOTIC: [8] Undefined index: validate D:\wamp\wamp64\www\jiiMarket\ThinkPHP\Library\Think\Model.class.php 第 1185 行.
NOTIC: [8] Undefined index: auto D:\wamp\wamp64\www\jiiMarket\ThinkPHP\Library\Think\Model.class.php 第 1128 行.
SQL: UPDATE `jii_brand` SET `name`='umbra',`desc`='Paul Rowan (保罗‧罗曼) 及 Les Mandelbaum (乐斯‧曼特巴)在1979年创立了Umbra。
Umbra是拉丁语“窗帘”的意思，两位创始人当年苦于无法购买到自己喜欢的窗帘，无奈自己设计了一款，不料却迅速风靡市场，umbra品牌就此诞生。
作为当代时尚休闲家居用品的领导者，Umbra尽管每件产品都经过精心设计和选材，但价格合理公道为大众所接受。
Umbra是全世界提供原创、摩登、休闲且超值的时尚家居家饰产品的行业领袖。Umbra公司成立于1979年，总部位于加拿大多伦多。
30多年来，Umbra在休闲时尚的家居设计行业独树一帜，公司产品覆盖118个国家的35，000 家零售店。
来自全球各国的30多位男女设计师组成了Umbra 的明星设计团队，他们为每间居室设计与众不同的家居产品。',`order_id`='100',`is_index`='1',`first_char`='U' WHERE `id` = 3 [ RunTime:0.0026s ]
INFO: [ view_parse ] --START--
INFO: [ template_filter ] --START--
INFO: Run Behavior\ContentReplaceBehavior [ RunTime:0.000073s ]
INFO: [ template_filter ] --END-- [ RunTime:0.000209s ]
INFO: Run Behavior\ParseTemplateBehavior [ RunTime:0.009080s ]
INFO: [ view_parse ] --END-- [ RunTime:0.009218s ]
INFO: [ view_filter ] --START--
INFO: Run Behavior\WriteHtmlCacheBehavior [ RunTime:0.000510s ]
INFO: [ view_filter ] --END-- [ RunTime:0.000633s ]
INFO: [ view_parse ] --START--
INFO: [ template_filter ] --START--
INFO: Run Behavior\ContentReplaceBehavior [ RunTime:0.000063s ]
INFO: [ template_filter ] --END-- [ RunTime:-0.005986s ]
INFO: Run Behavior\ParseTemplateBehavior [ RunTime:0.004706s ]
INFO: [ view_parse ] --END-- [ RunTime:-0.001083s ]
INFO: [ view_filter ] --START--
INFO: Run Behavior\WriteHtmlCacheBehavior [ RunTime:0.000031s ]
INFO: [ view_filter ] --END-- [ RunTime:-0.005268s ]

[ 2018-03-26T13:31:11+08:00 ] 127.0.0.1 /index.php/Admin/Brand/lst.html
INFO: [ app_init ] --START--
INFO: Run Behavior\BuildLiteBehavior [ RunTime:0.000047s ]
INFO: [ app_init ] --END-- [ RunTime:0.000932s ]
INFO: [ app_begin ] --START--
INFO: Run Behavior\ReadHtmlCacheBehavior [ RunTime:0.001505s ]
INFO: [ app_begin ] --END-- [ RunTime:0.001758s ]
SQL: SHOW COLUMNS FROM `jii_brand` [ RunTime:0.0010s ]
SQL: SELECT COUNT(*) AS tp_count FROM `jii_brand` LIMIT 1   [ RunTime:0.0002s ]
NOTIC: [8] Undefined variable: perPage D:\wamp\wamp64\www\jiiMarket\Application\Admin\Model\BrandModel.class.php 第 31 行.
NOTIC: [2] Division by zero D:\wamp\wamp64\www\jiiMarket\ThinkPHP\Library\Think\Page.class.php 第 84 行.
SQL: SELECT * FROM `jii_brand`  [ RunTime:0.0005s ]
INFO: [ view_parse ] --START--
INFO: [ template_filter ] --START--
INFO: Run Behavior\ContentReplaceBehavior [ RunTime:0.000105s ]
INFO: [ template_filter ] --END-- [ RunTime:0.000251s ]
INFO: Run Behavior\ParseTemplateBehavior [ RunTime:0.016184s ]
INFO: [ view_parse ] --END-- [ RunTime:0.016416s ]
INFO: [ view_filter ] --START--
INFO: Run Behavior\WriteHtmlCacheBehavior [ RunTime:0.000681s ]
INFO: [ view_filter ] --END-- [ RunTime:0.000819s ]
INFO: [ app_end ] --START--
INFO: Run Behavior\ShowPageTraceBehavior [ RunTime:0.000786s ]
INFO: [ app_end ] --END-- [ RunTime:0.000907s ]

[ 2018-03-26T13:31:35+08:00 ] 127.0.0.1 /index.php/Admin/Brand/edit/id/3.html
INFO: [ app_init ] --START--
INFO: Run Behavior\BuildLiteBehavior [ RunTime:0.000025s ]
INFO: [ app_init ] --END-- [ RunTime:0.000481s ]
INFO: [ app_begin ] --START--
INFO: Run Behavior\ReadHtmlCacheBehavior [ RunTime:0.000667s ]
INFO: [ app_begin ] --END-- [ RunTime:0.000820s ]
SQL: SHOW COLUMNS FROM `jii_brand` [ RunTime:0.0006s ]
SQL: SELECT * FROM `jii_brand` WHERE `id` = 3 LIMIT 1   [ RunTime:0.0004s ]
INFO: [ view_parse ] --START--
INFO: [ template_filter ] --START--
INFO: Run Behavior\ContentReplaceBehavior [ RunTime:0.000088s ]
INFO: [ template_filter ] --END-- [ RunTime:0.000221s ]
INFO: Run Behavior\ParseTemplateBehavior [ RunTime:0.009273s ]
INFO: [ view_parse ] --END-- [ RunTime:0.009418s ]
INFO: [ view_filter ] --START--
INFO: Run Behavior\WriteHtmlCacheBehavior [ RunTime:0.000468s ]
INFO: [ view_filter ] --END-- [ RunTime:0.000596s ]
INFO: [ app_end ] --START--
INFO: Run Behavior\ShowPageTraceBehavior [ RunTime:0.000519s ]
INFO: [ app_end ] --END-- [ RunTime:0.000625s ]

[ 2018-03-26T13:32:05+08:00 ] 127.0.0.1 /index.php/Admin/Brand/edit/id/3.html
INFO: [ app_init ] --START--
INFO: Run Behavior\BuildLiteBehavior [ RunTime:0.000024s ]
INFO: [ app_init ] --END-- [ RunTime:0.000474s ]
INFO: [ app_begin ] --START--
INFO: Run Behavior\ReadHtmlCacheBehavior [ RunTime:0.000774s ]
INFO: [ app_begin ] --END-- [ RunTime:0.000905s ]
SQL: SHOW COLUMNS FROM `jii_brand` [ RunTime:0.0005s ]
SQL: SELECT * FROM `jii_brand` WHERE `id` = 3 LIMIT 1   [ RunTime:0.0002s ]
NOTIC: [8] Undefined index: validate D:\wamp\wamp64\www\jiiMarket\ThinkPHP\Library\Think\Model.class.php 第 1185 行.
NOTIC: [8] Undefined index: auto D:\wamp\wamp64\www\jiiMarket\ThinkPHP\Library\Think\Model.class.php 第 1128 行.
SQL: UPDATE `jii_brand` SET `name`='umbra',`desc`='Paul Rowan (保罗‧罗曼) 及 Les Mandelbaum (乐斯‧曼特巴)在1979年创立了Umbra。
Umbra是拉丁语“窗帘”的意思，两位创始人当年苦于无法购买到自己喜欢的窗帘，无奈自己设计了一款，不料却迅速风靡市场，umbra品牌就此诞生。作为当代时尚休闲家居用品的领导者，Umbra尽管每件产品都经过精心设计和选材，但价格合理公道为大众所接受。
Umbra是全世界提供原创、摩登、休闲且超值的时尚家居家饰产品的行业领袖。Umbra公司成立于1979年，总部位于加拿大多伦多。
30多年来，Umbra在休闲时尚的家居设计行业独树一帜，公司产品覆盖118个国家的35，000 家零售店。来自全球各国的30多位男女设计师组成了Umbra 的明星设计团队，他们为每间居室设计与众不同的家居产品。',`order_id`='100',`is_index`='1',`first_char`='U' WHERE `id` = 3 [ RunTime:0.0024s ]
INFO: [ view_parse ] --START--
INFO: [ template_filter ] --START--
INFO: Run Behavior\ContentReplaceBehavior [ RunTime:0.000061s ]
INFO: [ template_filter ] --END-- [ RunTime:0.000168s ]
INFO: Run Behavior\ParseTemplateBehavior [ RunTime:0.009588s ]
INFO: [ view_parse ] --END-- [ RunTime:0.009763s ]
INFO: [ view_filter ] --START--
INFO: Run Behavior\WriteHtmlCacheBehavior [ RunTime:0.000595s ]
INFO: [ view_filter ] --END-- [ RunTime:0.000725s ]
INFO: [ view_parse ] --START--
INFO: [ template_filter ] --START--
INFO: Run Behavior\ContentReplaceBehavior [ RunTime:0.000062s ]
INFO: [ template_filter ] --END-- [ RunTime:-0.007297s ]
INFO: Run Behavior\ParseTemplateBehavior [ RunTime:0.005595s ]
INFO: [ view_parse ] --END-- [ RunTime:-0.001152s ]
INFO: [ view_filter ] --START--
INFO: Run Behavior\WriteHtmlCacheBehavior [ RunTime:0.000039s ]
INFO: [ view_filter ] --END-- [ RunTime:-0.006170s ]

[ 2018-03-26T13:32:06+08:00 ] 127.0.0.1 /index.php/Admin/Brand/lst.html
INFO: [ app_init ] --START--
INFO: Run Behavior\BuildLiteBehavior [ RunTime:0.000051s ]
INFO: [ app_init ] --END-- [ RunTime:0.001044s ]
INFO: [ app_begin ] --START--
INFO: Run Behavior\ReadHtmlCacheBehavior [ RunTime:0.001380s ]
INFO: [ app_begin ] --END-- [ RunTime:0.001790s ]
SQL: SHOW COLUMNS FROM `jii_brand` [ RunTime:0.0009s ]
SQL: SELECT COUNT(*) AS tp_count FROM `jii_brand` LIMIT 1   [ RunTime:0.0003s ]
NOTIC: [8] Undefined variable: perPage D:\wamp\wamp64\www\jiiMarket\Application\Admin\Model\BrandModel.class.php 第 31 行.
NOTIC: [2] Division by zero D:\wamp\wamp64\www\jiiMarket\ThinkPHP\Library\Think\Page.class.php 第 84 行.
SQL: SELECT * FROM `jii_brand`  [ RunTime:0.0005s ]
INFO: [ view_parse ] --START--
INFO: [ template_filter ] --START--
INFO: Run Behavior\ContentReplaceBehavior [ RunTime:0.000091s ]
INFO: [ template_filter ] --END-- [ RunTime:0.000218s ]
INFO: Run Behavior\ParseTemplateBehavior [ RunTime:0.010115s ]
INFO: [ view_parse ] --END-- [ RunTime:0.010269s ]
INFO: [ view_filter ] --START--
INFO: Run Behavior\WriteHtmlCacheBehavior [ RunTime:0.000496s ]
INFO: [ view_filter ] --END-- [ RunTime:0.000625s ]
INFO: [ app_end ] --START--
INFO: Run Behavior\ShowPageTraceBehavior [ RunTime:0.000538s ]
INFO: [ app_end ] --END-- [ RunTime:0.000645s ]

[ 2018-03-26T13:35:33+08:00 ] 127.0.0.1 /index.php/Admin/Goods/lst.html
INFO: [ app_init ] --START--
INFO: Run Behavior\BuildLiteBehavior [ RunTime:0.000024s ]
INFO: [ app_init ] --END-- [ RunTime:0.000491s ]
INFO: [ app_begin ] --START--
INFO: Run Behavior\ReadHtmlCacheBehavior [ RunTime:0.000679s ]
INFO: [ app_begin ] --END-- [ RunTime:0.000826s ]
SQL: SHOW COLUMNS FROM `jii_goods` [ RunTime:0.0006s ]
SQL: SELECT COUNT(*) AS tp_count FROM `jii_goods` LIMIT 1   [ RunTime:0.0002s ]
SQL: SELECT a.*,b.name as brand_name,c.name as cat_name FROM jii_goods a LEFT JOIN jii_brand b ON a.brand_id=b.id
		        LEFT JOIN jii_category c ON a.cat_id=c.id  ORDER BY order_id asc LIMIT 0,15   [ RunTime:0.0008s ]
INFO: [ view_parse ] --START--
INFO: [ template_filter ] --START--
INFO: Run Behavior\ContentReplaceBehavior [ RunTime:0.000127s ]
INFO: [ template_filter ] --END-- [ RunTime:0.000327s ]
NOTIC: [8] Undefined variable: cat_list D:\wamp\wamp64\www\jiiMarket\Application\Runtime\Cache\Admin\12cf6a5c74297688873998de0720405d.php 第 26 行.
SQL: SHOW COLUMNS FROM `jii_brand` [ RunTime:0.0006s ]
SQL: SELECT `id`,`name` FROM `jii_brand`  [ RunTime:0.0002s ]
NOTIC: [8] Undefined variable: val D:\wamp\wamp64\www\jiiMarket\Application\Runtime\Cache\Admin\12cf6a5c74297688873998de0720405d.php 第 72 行.
NOTIC: [8] Undefined variable: val D:\wamp\wamp64\www\jiiMarket\Application\Runtime\Cache\Admin\12cf6a5c74297688873998de0720405d.php 第 73 行.
NOTIC: [8] Undefined variable: val D:\wamp\wamp64\www\jiiMarket\Application\Runtime\Cache\Admin\12cf6a5c74297688873998de0720405d.php 第 74 行.
NOTIC: [8] Undefined variable: val D:\wamp\wamp64\www\jiiMarket\Application\Runtime\Cache\Admin\12cf6a5c74297688873998de0720405d.php 第 72 行.
NOTIC: [8] Undefined variable: val D:\wamp\wamp64\www\jiiMarket\Application\Runtime\Cache\Admin\12cf6a5c74297688873998de0720405d.php 第 73 行.
NOTIC: [8] Undefined variable: val D:\wamp\wamp64\www\jiiMarket\Application\Runtime\Cache\Admin\12cf6a5c74297688873998de0720405d.php 第 74 行.
NOTIC: [8] Undefined variable: val D:\wamp\wamp64\www\jiiMarket\Application\Runtime\Cache\Admin\12cf6a5c74297688873998de0720405d.php 第 72 行.
NOTIC: [8] Undefined variable: val D:\wamp\wamp64\www\jiiMarket\Application\Runtime\Cache\Admin\12cf6a5c74297688873998de0720405d.php 第 73 行.
NOTIC: [8] Undefined variable: val D:\wamp\wamp64\www\jiiMarket\Application\Runtime\Cache\Admin\12cf6a5c74297688873998de0720405d.php 第 74 行.
NOTIC: [8] Undefined variable: val D:\wamp\wamp64\www\jiiMarket\Application\Runtime\Cache\Admin\12cf6a5c74297688873998de0720405d.php 第 72 行.
NOTIC: [8] Undefined variable: val D:\wamp\wamp64\www\jiiMarket\Application\Runtime\Cache\Admin\12cf6a5c74297688873998de0720405d.php 第 73 行.
NOTIC: [8] Undefined variable: val D:\wamp\wamp64\www\jiiMarket\Application\Runtime\Cache\Admin\12cf6a5c74297688873998de0720405d.php 第 74 行.
NOTIC: [8] Undefined variable: val D:\wamp\wamp64\www\jiiMarket\Application\Runtime\Cache\Admin\12cf6a5c74297688873998de0720405d.php 第 72 行.
NOTIC: [8] Undefined variable: val D:\wamp\wamp64\www\jiiMarket\Application\Runtime\Cache\Admin\12cf6a5c74297688873998de0720405d.php 第 73 行.
NOTIC: [8] Undefined variable: val D:\wamp\wamp64\www\jiiMarket\Application\Runtime\Cache\Admin\12cf6a5c74297688873998de0720405d.php 第 74 行.
NOTIC: [8] Undefined variable: val D:\wamp\wamp64\www\jiiMarket\Application\Runtime\Cache\Admin\12cf6a5c74297688873998de0720405d.php 第 72 行.
NOTIC: [8] Undefined variable: val D:\wamp\wamp64\www\jiiMarket\Application\Runtime\Cache\Admin\12cf6a5c74297688873998de0720405d.php 第 73 行.
NOTIC: [8] Undefined variable: val D:\wamp\wamp64\www\jiiMarket\Application\Runtime\Cache\Admin\12cf6a5c74297688873998de0720405d.php 第 74 行.
NOTIC: [8] Undefined variable: val D:\wamp\wamp64\www\jiiMarket\Application\Runtime\Cache\Admin\12cf6a5c74297688873998de0720405d.php 第 72 行.
NOTIC: [8] Undefined variable: val D:\wamp\wamp64\www\jiiMarket\Application\Runtime\Cache\Admin\12cf6a5c74297688873998de0720405d.php 第 73 行.
NOTIC: [8] Undefined variable: val D:\wamp\wamp64\www\jiiMarket\Application\Runtime\Cache\Admin\12cf6a5c74297688873998de0720405d.php 第 74 行.
NOTIC: [8] Undefined variable: val D:\wamp\wamp64\www\jiiMarket\Application\Runtime\Cache\Admin\12cf6a5c74297688873998de0720405d.php 第 72 行.
NOTIC: [8] Undefined variable: val D:\wamp\wamp64\www\jiiMarket\Application\Runtime\Cache\Admin\12cf6a5c74297688873998de0720405d.php 第 73 行.
NOTIC: [8] Undefined variable: val D:\wamp\wamp64\www\jiiMarket\Application\Runtime\Cache\Admin\12cf6a5c74297688873998de0720405d.php 第 74 行.
NOTIC: [8] Undefined variable: val D:\wamp\wamp64\www\jiiMarket\Application\Runtime\Cache\Admin\12cf6a5c74297688873998de0720405d.php 第 72 行.
NOTIC: [8] Undefined variable: val D:\wamp\wamp64\www\jiiMarket\Application\Runtime\Cache\Admin\12cf6a5c74297688873998de0720405d.php 第 73 行.
NOTIC: [8] Undefined variable: val D:\wamp\wamp64\www\jiiMarket\Application\Runtime\Cache\Admin\12cf6a5c74297688873998de0720405d.php 第 74 行.
NOTIC: [8] Undefined variable: val D:\wamp\wamp64\www\jiiMarket\Application\Runtime\Cache\Admin\12cf6a5c74297688873998de0720405d.php 第 72 行.
NOTIC: [8] Undefined variable: val D:\wamp\wamp64\www\jiiMarket\Application\Runtime\Cache\Admin\12cf6a5c74297688873998de0720405d.php 第 73 行.
NOTIC: [8] Undefined variable: val D:\wamp\wamp64\www\jiiMarket\Application\Runtime\Cache\Admin\12cf6a5c74297688873998de0720405d.php 第 74 行.
NOTIC: [8] Undefined variable: val D:\wamp\wamp64\www\jiiMarket\Application\Runtime\Cache\Admin\12cf6a5c74297688873998de0720405d.php 第 72 行.
NOTIC: [8] Undefined variable: val D:\wamp\wamp64\www\jiiMarket\Application\Runtime\Cache\Admin\12cf6a5c74297688873998de0720405d.php 第 73 行.
NOTIC: [8] Undefined variable: val D:\wamp\wamp64\www\jiiMarket\Application\Runtime\Cache\Admin\12cf6a5c74297688873998de0720405d.php 第 74 行.
NOTIC: [8] Undefined variable: val D:\wamp\wamp64\www\jiiMarket\Application\Runtime\Cache\Admin\12cf6a5c74297688873998de0720405d.php 第 72 行.
NOTIC: [8] Undefined variable: val D:\wamp\wamp64\www\jiiMarket\Application\Runtime\Cache\Admin\12cf6a5c74297688873998de0720405d.php 第 73 行.
NOTIC: [8] Undefined variable: val D:\wamp\wamp64\www\jiiMarket\Application\Runtime\Cache\Admin\12cf6a5c74297688873998de0720405d.php 第 74 行.
INFO: Run Behavior\ParseTemplateBehavior [ RunTime:0.024138s ]
INFO: [ view_parse ] --END-- [ RunTime:0.024268s ]
INFO: [ view_filter ] --START--
INFO: Run Behavior\WriteHtmlCacheBehavior [ RunTime:0.000625s ]
INFO: [ view_filter ] --END-- [ RunTime:0.000750s ]
INFO: [ app_end ] --START--
INFO: Run Behavior\ShowPageTraceBehavior [ RunTime:0.001142s ]
INFO: [ app_end ] --END-- [ RunTime:0.001301s ]

[ 2018-03-26T13:35:36+08:00 ] 127.0.0.1 /index.php/Admin/Goods/goods_number/id/1.html
INFO: [ app_init ] --START--
INFO: Run Behavior\BuildLiteBehavior [ RunTime:0.000026s ]
INFO: [ app_init ] --END-- [ RunTime:0.000618s ]
INFO: [ app_begin ] --START--
INFO: Run Behavior\ReadHtmlCacheBehavior [ RunTime:0.000797s ]
INFO: [ app_begin ] --END-- [ RunTime:0.000938s ]
SQL: SHOW COLUMNS FROM `jii_goods_number` [ RunTime:0.0005s ]
SQL: SHOW COLUMNS FROM `jii_goods_attr` [ RunTime:0.0004s ]
SQL: SELECT a.*,b.attr_name,b.attr_type,b.attr_option_values,b.type_id FROM jii_goods_attr a LEFT JOIN jii_attribute b ON a.attr_id=b.id  WHERE a.goods_id = '1' AND b.attr_type = '2'  [ RunTime:0.0003s ]
SQL: SELECT * FROM `jii_goods_number` WHERE `goods_id` = '1'  [ RunTime:0.0002s ]
INFO: [ view_parse ] --START--
INFO: [ template_filter ] --START--
INFO: Run Behavior\ContentReplaceBehavior [ RunTime:0.000108s ]
INFO: [ template_filter ] --END-- [ RunTime:0.000236s ]
INFO: Run Behavior\ParseTemplateBehavior [ RunTime:0.013663s ]
INFO: [ view_parse ] --END-- [ RunTime:0.013813s ]
INFO: [ view_filter ] --START--
INFO: Run Behavior\WriteHtmlCacheBehavior [ RunTime:0.000521s ]
INFO: [ view_filter ] --END-- [ RunTime:0.000692s ]
INFO: [ app_end ] --START--
INFO: Run Behavior\ShowPageTraceBehavior [ RunTime:0.000603s ]
INFO: [ app_end ] --END-- [ RunTime:0.000722s ]

[ 2018-03-26T15:35:56+08:00 ] 127.0.0.1 /index.php/Admin/Goods/lst.html
INFO: [ app_init ] --START--
INFO: Run Behavior\BuildLiteBehavior [ RunTime:0.000023s ]
INFO: [ app_init ] --END-- [ RunTime:0.000464s ]
INFO: [ app_begin ] --START--
INFO: Run Behavior\ReadHtmlCacheBehavior [ RunTime:0.000679s ]
INFO: [ app_begin ] --END-- [ RunTime:0.000791s ]
SQL: SHOW COLUMNS FROM `jii_goods` [ RunTime:0.0008s ]
SQL: SELECT COUNT(*) AS tp_count FROM `jii_goods` LIMIT 1   [ RunTime:0.0003s ]
SQL: SELECT a.*,b.name as brand_name,c.name as cat_name FROM jii_goods a LEFT JOIN jii_brand b ON a.brand_id=b.id
		        LEFT JOIN jii_category c ON a.cat_id=c.id  ORDER BY order_id asc LIMIT 0,15   [ RunTime:0.0015s ]
INFO: [ view_parse ] --START--
INFO: [ template_filter ] --START--
INFO: Run Behavior\ContentReplaceBehavior [ RunTime:0.000094s ]
INFO: [ template_filter ] --END-- [ RunTime:0.000210s ]
NOTIC: [8] Undefined variable: cat_list D:\wamp\wamp64\www\jiiMarket\Application\Runtime\Cache\Admin\12cf6a5c74297688873998de0720405d.php 第 26 行.
SQL: SHOW COLUMNS FROM `jii_brand` [ RunTime:0.0010s ]
SQL: SELECT `id`,`name` FROM `jii_brand`  [ RunTime:0.0003s ]
NOTIC: [8] Undefined variable: val D:\wamp\wamp64\www\jiiMarket\Application\Runtime\Cache\Admin\12cf6a5c74297688873998de0720405d.php 第 72 行.
NOTIC: [8] Undefined variable: val D:\wamp\wamp64\www\jiiMarket\Application\Runtime\Cache\Admin\12cf6a5c74297688873998de0720405d.php 第 73 行.
NOTIC: [8] Undefined variable: val D:\wamp\wamp64\www\jiiMarket\Application\Runtime\Cache\Admin\12cf6a5c74297688873998de0720405d.php 第 74 行.
NOTIC: [8] Undefined variable: val D:\wamp\wamp64\www\jiiMarket\Application\Runtime\Cache\Admin\12cf6a5c74297688873998de0720405d.php 第 72 行.
NOTIC: [8] Undefined variable: val D:\wamp\wamp64\www\jiiMarket\Application\Runtime\Cache\Admin\12cf6a5c74297688873998de0720405d.php 第 73 行.
NOTIC: [8] Undefined variable: val D:\wamp\wamp64\www\jiiMarket\Application\Runtime\Cache\Admin\12cf6a5c74297688873998de0720405d.php 第 74 行.
NOTIC: [8] Undefined variable: val D:\wamp\wamp64\www\jiiMarket\Application\Runtime\Cache\Admin\12cf6a5c74297688873998de0720405d.php 第 72 行.
NOTIC: [8] Undefined variable: val D:\wamp\wamp64\www\jiiMarket\Application\Runtime\Cache\Admin\12cf6a5c74297688873998de0720405d.php 第 73 行.
NOTIC: [8] Undefined variable: val D:\wamp\wamp64\www\jiiMarket\Application\Runtime\Cache\Admin\12cf6a5c74297688873998de0720405d.php 第 74 行.
NOTIC: [8] Undefined variable: val D:\wamp\wamp64\www\jiiMarket\Application\Runtime\Cache\Admin\12cf6a5c74297688873998de0720405d.php 第 72 行.
NOTIC: [8] Undefined variable: val D:\wamp\wamp64\www\jiiMarket\Application\Runtime\Cache\Admin\12cf6a5c74297688873998de0720405d.php 第 73 行.
NOTIC: [8] Undefined variable: val D:\wamp\wamp64\www\jiiMarket\Application\Runtime\Cache\Admin\12cf6a5c74297688873998de0720405d.php 第 74 行.
NOTIC: [8] Undefined variable: val D:\wamp\wamp64\www\jiiMarket\Application\Runtime\Cache\Admin\12cf6a5c74297688873998de0720405d.php 第 72 行.
NOTIC: [8] Undefined variable: val D:\wamp\wamp64\www\jiiMarket\Application\Runtime\Cache\Admin\12cf6a5c74297688873998de0720405d.php 第 73 行.
NOTIC: [8] Undefined variable: val D:\wamp\wamp64\www\jiiMarket\Application\Runtime\Cache\Admin\12cf6a5c74297688873998de0720405d.php 第 74 行.
NOTIC: [8] Undefined variable: val D:\wamp\wamp64\www\jiiMarket\Application\Runtime\Cache\Admin\12cf6a5c74297688873998de0720405d.php 第 72 行.
NOTIC: [8] Undefined variable: val D:\wamp\wamp64\www\jiiMarket\Application\Runtime\Cache\Admin\12cf6a5c74297688873998de0720405d.php 第 73 行.
NOTIC: [8] Undefined variable: val D:\wamp\wamp64\www\jiiMarket\Application\Runtime\Cache\Admin\12cf6a5c74297688873998de0720405d.php 第 74 行.
NOTIC: [8] Undefined variable: val D:\wamp\wamp64\www\jiiMarket\Application\Runtime\Cache\Admin\12cf6a5c74297688873998de0720405d.php 第 72 行.
NOTIC: [8] Undefined variable: val D:\wamp\wamp64\www\jiiMarket\Application\Runtime\Cache\Admin\12cf6a5c74297688873998de0720405d.php 第 73 行.
NOTIC: [8] Undefined variable: val D:\wamp\wamp64\www\jiiMarket\Application\Runtime\Cache\Admin\12cf6a5c74297688873998de0720405d.php 第 74 行.
NOTIC: [8] Undefined variable: val D:\wamp\wamp64\www\jiiMarket\Application\Runtime\Cache\Admin\12cf6a5c74297688873998de0720405d.php 第 72 行.
NOTIC: [8] Undefined variable: val D:\wamp\wamp64\www\jiiMarket\Application\Runtime\Cache\Admin\12cf6a5c74297688873998de0720405d.php 第 73 行.
NOTIC: [8] Undefined variable: val D:\wamp\wamp64\www\jiiMarket\Application\Runtime\Cache\Admin\12cf6a5c74297688873998de0720405d.php 第 74 行.
NOTIC: [8] Undefined variable: val D:\wamp\wamp64\www\jiiMarket\Application\Runtime\Cache\Admin\12cf6a5c74297688873998de0720405d.php 第 72 行.
NOTIC: [8] Undefined variable: val D:\wamp\wamp64\www\jiiMarket\Application\Runtime\Cache\Admin\12cf6a5c74297688873998de0720405d.php 第 73 行.
NOTIC: [8] Undefined variable: val D:\wamp\wamp64\www\jiiMarket\Application\Runtime\Cache\Admin\12cf6a5c74297688873998de0720405d.php 第 74 行.
NOTIC: [8] Undefined variable: val D:\wamp\wamp64\www\jiiMarket\Application\Runtime\Cache\Admin\12cf6a5c74297688873998de0720405d.php 第 72 行.
NOTIC: [8] Undefined variable: val D:\wamp\wamp64\www\jiiMarket\Application\Runtime\Cache\Admin\12cf6a5c74297688873998de0720405d.php 第 73 行.
NOTIC: [8] Undefined variable: val D:\wamp\wamp64\www\jiiMarket\Application\Runtime\Cache\Admin\12cf6a5c74297688873998de0720405d.php 第 74 行.
NOTIC: [8] Undefined variable: val D:\wamp\wamp64\www\jiiMarket\Application\Runtime\Cache\Admin\12cf6a5c74297688873998de0720405d.php 第 72 行.
NOTIC: [8] Undefined variable: val D:\wamp\wamp64\www\jiiMarket\Application\Runtime\Cache\Admin\12cf6a5c74297688873998de0720405d.php 第 73 行.
NOTIC: [8] Undefined variable: val D:\wamp\wamp64\www\jiiMarket\Application\Runtime\Cache\Admin\12cf6a5c74297688873998de0720405d.php 第 74 行.
NOTIC: [8] Undefined variable: val D:\wamp\wamp64\www\jiiMarket\Application\Runtime\Cache\Admin\12cf6a5c74297688873998de0720405d.php 第 72 行.
NOTIC: [8] Undefined variable: val D:\wamp\wamp64\www\jiiMarket\Application\Runtime\Cache\Admin\12cf6a5c74297688873998de0720405d.php 第 73 行.
NOTIC: [8] Undefined variable: val D:\wamp\wamp64\www\jiiMarket\Application\Runtime\Cache\Admin\12cf6a5c74297688873998de0720405d.php 第 74 行.
INFO: Run Behavior\ParseTemplateBehavior [ RunTime:0.023519s ]
INFO: [ view_parse ] --END-- [ RunTime:0.023716s ]
INFO: [ view_filter ] --START--
INFO: Run Behavior\WriteHtmlCacheBehavior [ RunTime:0.000649s ]
INFO: [ view_filter ] --END-- [ RunTime:0.000753s ]
INFO: [ app_end ] --START--
INFO: Run Behavior\ShowPageTraceBehavior [ RunTime:0.000809s ]
INFO: [ app_end ] --END-- [ RunTime:0.000929s ]

[ 2018-03-26T15:36:01+08:00 ] 127.0.0.1 /index.php/Admin/Goods/goods_number/id/1.html
INFO: [ app_init ] --START--
INFO: Run Behavior\BuildLiteBehavior [ RunTime:0.000025s ]
INFO: [ app_init ] --END-- [ RunTime:0.000456s ]
INFO: [ app_begin ] --START--
INFO: Run Behavior\ReadHtmlCacheBehavior [ RunTime:0.000540s ]
INFO: [ app_begin ] --END-- [ RunTime:0.000677s ]
SQL: SHOW COLUMNS FROM `jii_goods_number` [ RunTime:0.0005s ]
SQL: SHOW COLUMNS FROM `jii_goods_attr` [ RunTime:0.0004s ]
SQL: SELECT a.*,b.attr_name,b.attr_type,b.attr_option_values,b.type_id FROM jii_goods_attr a LEFT JOIN jii_attribute b ON a.attr_id=b.id  WHERE a.goods_id = '1' AND b.attr_type = '2'  [ RunTime:0.0004s ]
SQL: SELECT * FROM `jii_goods_number` WHERE `goods_id` = '1'  [ RunTime:0.0002s ]
INFO: [ view_parse ] --START--
INFO: [ template_filter ] --START--
INFO: Run Behavior\ContentReplaceBehavior [ RunTime:0.000102s ]
INFO: [ template_filter ] --END-- [ RunTime:0.000235s ]
INFO: Run Behavior\ParseTemplateBehavior [ RunTime:0.011042s ]
INFO: [ view_parse ] --END-- [ RunTime:0.011170s ]
INFO: [ view_filter ] --START--
INFO: Run Behavior\WriteHtmlCacheBehavior [ RunTime:0.000442s ]
INFO: [ view_filter ] --END-- [ RunTime:0.000555s ]
INFO: [ app_end ] --START--
INFO: Run Behavior\ShowPageTraceBehavior [ RunTime:0.000565s ]
INFO: [ app_end ] --END-- [ RunTime:0.000676s ]

[ 2018-03-26T17:06:29+08:00 ] 127.0.0.1 /index.php/Admin/Goods/lst.html
INFO: [ app_init ] --START--
INFO: Run Behavior\BuildLiteBehavior [ RunTime:0.000028s ]
INFO: [ app_init ] --END-- [ RunTime:0.000562s ]
INFO: [ app_begin ] --START--
INFO: Run Behavior\ReadHtmlCacheBehavior [ RunTime:0.000654s ]
INFO: [ app_begin ] --END-- [ RunTime:0.000767s ]
SQL: SHOW COLUMNS FROM `jii_goods` [ RunTime:0.0006s ]
SQL: SELECT COUNT(*) AS tp_count FROM `jii_goods` LIMIT 1   [ RunTime:0.0003s ]
SQL: SELECT a.*,b.name as brand_name,c.name as cat_name FROM jii_goods a LEFT JOIN jii_brand b ON a.brand_id=b.id
		        LEFT JOIN jii_category c ON a.cat_id=c.id  ORDER BY order_id asc LIMIT 0,15   [ RunTime:0.0008s ]
INFO: [ view_parse ] --START--
INFO: [ template_filter ] --START--
INFO: Run Behavior\ContentReplaceBehavior [ RunTime:0.000086s ]
INFO: [ template_filter ] --END-- [ RunTime:0.000202s ]
NOTIC: [8] Undefined variable: cat_list D:\wamp\wamp64\www\jiiMarket\Application\Runtime\Cache\Admin\12cf6a5c74297688873998de0720405d.php 第 26 行.
SQL: SHOW COLUMNS FROM `jii_brand` [ RunTime:0.0006s ]
SQL: SELECT `id`,`name` FROM `jii_brand`  [ RunTime:0.0002s ]
NOTIC: [8] Undefined variable: val D:\wamp\wamp64\www\jiiMarket\Application\Runtime\Cache\Admin\12cf6a5c74297688873998de0720405d.php 第 72 行.
NOTIC: [8] Undefined variable: val D:\wamp\wamp64\www\jiiMarket\Application\Runtime\Cache\Admin\12cf6a5c74297688873998de0720405d.php 第 73 行.
NOTIC: [8] Undefined variable: val D:\wamp\wamp64\www\jiiMarket\Application\Runtime\Cache\Admin\12cf6a5c74297688873998de0720405d.php 第 74 行.
NOTIC: [8] Undefined variable: val D:\wamp\wamp64\www\jiiMarket\Application\Runtime\Cache\Admin\12cf6a5c74297688873998de0720405d.php 第 72 行.
NOTIC: [8] Undefined variable: val D:\wamp\wamp64\www\jiiMarket\Application\Runtime\Cache\Admin\12cf6a5c74297688873998de0720405d.php 第 73 行.
NOTIC: [8] Undefined variable: val D:\wamp\wamp64\www\jiiMarket\Application\Runtime\Cache\Admin\12cf6a5c74297688873998de0720405d.php 第 74 行.
NOTIC: [8] Undefined variable: val D:\wamp\wamp64\www\jiiMarket\Application\Runtime\Cache\Admin\12cf6a5c74297688873998de0720405d.php 第 72 行.
NOTIC: [8] Undefined variable: val D:\wamp\wamp64\www\jiiMarket\Application\Runtime\Cache\Admin\12cf6a5c74297688873998de0720405d.php 第 73 行.
NOTIC: [8] Undefined variable: val D:\wamp\wamp64\www\jiiMarket\Application\Runtime\Cache\Admin\12cf6a5c74297688873998de0720405d.php 第 74 行.
NOTIC: [8] Undefined variable: val D:\wamp\wamp64\www\jiiMarket\Application\Runtime\Cache\Admin\12cf6a5c74297688873998de0720405d.php 第 72 行.
NOTIC: [8] Undefined variable: val D:\wamp\wamp64\www\jiiMarket\Application\Runtime\Cache\Admin\12cf6a5c74297688873998de0720405d.php 第 73 行.
NOTIC: [8] Undefined variable: val D:\wamp\wamp64\www\jiiMarket\Application\Runtime\Cache\Admin\12cf6a5c74297688873998de0720405d.php 第 74 行.
NOTIC: [8] Undefined variable: val D:\wamp\wamp64\www\jiiMarket\Application\Runtime\Cache\Admin\12cf6a5c74297688873998de0720405d.php 第 72 行.
NOTIC: [8] Undefined variable: val D:\wamp\wamp64\www\jiiMarket\Application\Runtime\Cache\Admin\12cf6a5c74297688873998de0720405d.php 第 73 行.
NOTIC: [8] Undefined variable: val D:\wamp\wamp64\www\jiiMarket\Application\Runtime\Cache\Admin\12cf6a5c74297688873998de0720405d.php 第 74 行.
NOTIC: [8] Undefined variable: val D:\wamp\wamp64\www\jiiMarket\Application\Runtime\Cache\Admin\12cf6a5c74297688873998de0720405d.php 第 72 行.
NOTIC: [8] Undefined variable: val D:\wamp\wamp64\www\jiiMarket\Application\Runtime\Cache\Admin\12cf6a5c74297688873998de0720405d.php 第 73 行.
NOTIC: [8] Undefined variable: val D:\wamp\wamp64\www\jiiMarket\Application\Runtime\Cache\Admin\12cf6a5c74297688873998de0720405d.php 第 74 行.
NOTIC: [8] Undefined variable: val D:\wamp\wamp64\www\jiiMarket\Application\Runtime\Cache\Admin\12cf6a5c74297688873998de0720405d.php 第 72 行.
NOTIC: [8] Undefined variable: val D:\wamp\wamp64\www\jiiMarket\Application\Runtime\Cache\Admin\12cf6a5c74297688873998de0720405d.php 第 73 行.
NOTIC: [8] Undefined variable: val D:\wamp\wamp64\www\jiiMarket\Application\Runtime\Cache\Admin\12cf6a5c74297688873998de0720405d.php 第 74 行.
NOTIC: [8] Undefined variable: val D:\wamp\wamp64\www\jiiMarket\Application\Runtime\Cache\Admin\12cf6a5c74297688873998de0720405d.php 第 72 行.
NOTIC: [8] Undefined variable: val D:\wamp\wamp64\www\jiiMarket\Application\Runtime\Cache\Admin\12cf6a5c74297688873998de0720405d.php 第 73 行.
NOTIC: [8] Undefined variable: val D:\wamp\wamp64\www\jiiMarket\Application\Runtime\Cache\Admin\12cf6a5c74297688873998de0720405d.php 第 74 行.
NOTIC: [8] Undefined variable: val D:\wamp\wamp64\www\jiiMarket\Application\Runtime\Cache\Admin\12cf6a5c74297688873998de0720405d.php 第 72 行.
NOTIC: [8] Undefined variable: val D:\wamp\wamp64\www\jiiMarket\Application\Runtime\Cache\Admin\12cf6a5c74297688873998de0720405d.php 第 73 行.
NOTIC: [8] Undefined variable: val D:\wamp\wamp64\www\jiiMarket\Application\Runtime\Cache\Admin\12cf6a5c74297688873998de0720405d.php 第 74 行.
NOTIC: [8] Undefined variable: val D:\wamp\wamp64\www\jiiMarket\Application\Runtime\Cache\Admin\12cf6a5c74297688873998de0720405d.php 第 72 行.
NOTIC: [8] Undefined variable: val D:\wamp\wamp64\www\jiiMarket\Application\Runtime\Cache\Admin\12cf6a5c74297688873998de0720405d.php 第 73 行.
NOTIC: [8] Undefined variable: val D:\wamp\wamp64\www\jiiMarket\Application\Runtime\Cache\Admin\12cf6a5c74297688873998de0720405d.php 第 74 行.
NOTIC: [8] Undefined variable: val D:\wamp\wamp64\www\jiiMarket\Application\Runtime\Cache\Admin\12cf6a5c74297688873998de0720405d.php 第 72 行.
NOTIC: [8] Undefined variable: val D:\wamp\wamp64\www\jiiMarket\Application\Runtime\Cache\Admin\12cf6a5c74297688873998de0720405d.php 第 73 行.
NOTIC: [8] Undefined variable: val D:\wamp\wamp64\www\jiiMarket\Application\Runtime\Cache\Admin\12cf6a5c74297688873998de0720405d.php 第 74 行.
NOTIC: [8] Undefined variable: val D:\wamp\wamp64\www\jiiMarket\Application\Runtime\Cache\Admin\12cf6a5c74297688873998de0720405d.php 第 72 行.
NOTIC: [8] Undefined variable: val D:\wamp\wamp64\www\jiiMarket\Application\Runtime\Cache\Admin\12cf6a5c74297688873998de0720405d.php 第 73 行.
NOTIC: [8] Undefined variable: val D:\wamp\wamp64\www\jiiMarket\Application\Runtime\Cache\Admin\12cf6a5c74297688873998de0720405d.php 第 74 行.
INFO: Run Behavior\ParseTemplateBehavior [ RunTime:0.021152s ]
INFO: [ view_parse ] --END-- [ RunTime:0.021295s ]
INFO: [ view_filter ] --START--
INFO: Run Behavior\WriteHtmlCacheBehavior [ RunTime:0.000571s ]
INFO: [ view_filter ] --END-- [ RunTime:0.000707s ]
INFO: [ app_end ] --START--
INFO: Run Behavior\ShowPageTraceBehavior [ RunTime:0.000638s ]
INFO: [ app_end ] --END-- [ RunTime:0.000751s ]

[ 2018-03-26T17:06:31+08:00 ] 127.0.0.1 /index.php/Admin/Goods/edit/id/1.html
INFO: [ app_init ] --START--
INFO: Run Behavior\BuildLiteBehavior [ RunTime:0.000023s ]
INFO: [ app_init ] --END-- [ RunTime:0.000432s ]
INFO: [ app_begin ] --START--
INFO: Run Behavior\ReadHtmlCacheBehavior [ RunTime:0.000588s ]
INFO: [ app_begin ] --END-- [ RunTime:0.000701s ]
SQL: SHOW COLUMNS FROM `jii_goods` [ RunTime:0.0005s ]
SQL: SELECT * FROM `jii_goods` WHERE `id` = 1 LIMIT 1   [ RunTime:0.0002s ]
SQL: SHOW COLUMNS FROM `jii_goods_img` [ RunTime:0.0004s ]
SQL: SELECT * FROM `jii_goods_img` WHERE `goods_id` = '1'  [ RunTime:0.0002s ]
SQL: SHOW COLUMNS FROM `jii_goods_desc` [ RunTime:0.0004s ]
SQL: SELECT * FROM `jii_goods_desc` WHERE `goods_id` = '1'  [ RunTime:0.0003s ]
SQL: SHOW COLUMNS FROM `jii_category` [ RunTime:0.0005s ]
SQL: SELECT * FROM `jii_category` ORDER BY order_id asc  [ RunTime:0.0003s ]
SQL: SHOW COLUMNS FROM `jii_goods_cat` [ RunTime:0.0013s ]
SQL: SELECT * FROM `jii_goods_cat` WHERE `goods_id` = '1'  [ RunTime:0.0002s ]
SQL: SHOW COLUMNS FROM `jii_attribute` [ RunTime:0.0005s ]
SQL: SELECT a.id attr_id,a.attr_name,a.attr_type,a.attr_option_values,b.id,b.attr_value FROM jii_attribute a LEFT JOIN jii_goods_attr b ON a.id=b.attr_id AND b.goods_id=1  WHERE a.type_id = '1'  [ RunTime:0.0004s ]
INFO: [ view_parse ] --START--
INFO: [ template_filter ] --START--
INFO: Run Behavior\ContentReplaceBehavior [ RunTime:0.000190s ]
INFO: [ template_filter ] --END-- [ RunTime:0.000307s ]
SQL: SHOW COLUMNS FROM `jii_brand` [ RunTime:0.0006s ]
SQL: SELECT `id`,`name` FROM `jii_brand`  [ RunTime:0.0002s ]
SQL: SHOW COLUMNS FROM `jii_type` [ RunTime:0.0013s ]
SQL: SELECT `id`,`type_name` FROM `jii_type`  [ RunTime:0.0002s ]
INFO: Run Behavior\ParseTemplateBehavior [ RunTime:0.020545s ]
INFO: [ view_parse ] --END-- [ RunTime:0.020665s ]
INFO: [ view_filter ] --START--
INFO: Run Behavior\WriteHtmlCacheBehavior [ RunTime:0.000547s ]
INFO: [ view_filter ] --END-- [ RunTime:0.000648s ]
INFO: [ app_end ] --START--
INFO: Run Behavior\ShowPageTraceBehavior [ RunTime:0.001114s ]
INFO: [ app_end ] --END-- [ RunTime:0.001336s ]

[ 2018-03-26T18:31:28+08:00 ] 127.0.0.1 /index.php/Admin/Goods/lst.html
INFO: [ app_init ] --START--
INFO: Run Behavior\BuildLiteBehavior [ RunTime:0.000023s ]
INFO: [ app_init ] --END-- [ RunTime:0.000467s ]
INFO: [ app_begin ] --START--
INFO: Run Behavior\ReadHtmlCacheBehavior [ RunTime:0.000587s ]
INFO: [ app_begin ] --END-- [ RunTime:0.000699s ]
SQL: SHOW COLUMNS FROM `jii_goods` [ RunTime:0.0007s ]
SQL: SELECT COUNT(*) AS tp_count FROM `jii_goods` LIMIT 1   [ RunTime:0.0002s ]
SQL: SELECT a.*,b.name as brand_name,c.name as cat_name FROM jii_goods a LEFT JOIN jii_brand b ON a.brand_id=b.id
		        LEFT JOIN jii_category c ON a.cat_id=c.id  ORDER BY order_id asc LIMIT 0,15   [ RunTime:0.0013s ]
INFO: [ view_parse ] --START--
INFO: [ template_filter ] --START--
INFO: Run Behavior\ContentReplaceBehavior [ RunTime:0.000116s ]
INFO: [ template_filter ] --END-- [ RunTime:0.000274s ]
NOTIC: [8] Undefined variable: cat_list D:\wamp\wamp64\www\jiiMarket\Application\Runtime\Cache\Admin\12cf6a5c74297688873998de0720405d.php 第 26 行.
SQL: SHOW COLUMNS FROM `jii_brand` [ RunTime:0.0011s ]
SQL: SELECT `id`,`name` FROM `jii_brand`  [ RunTime:0.0002s ]
NOTIC: [8] Undefined variable: val D:\wamp\wamp64\www\jiiMarket\Application\Runtime\Cache\Admin\12cf6a5c74297688873998de0720405d.php 第 72 行.
NOTIC: [8] Undefined variable: val D:\wamp\wamp64\www\jiiMarket\Application\Runtime\Cache\Admin\12cf6a5c74297688873998de0720405d.php 第 73 行.
NOTIC: [8] Undefined variable: val D:\wamp\wamp64\www\jiiMarket\Application\Runtime\Cache\Admin\12cf6a5c74297688873998de0720405d.php 第 74 行.
NOTIC: [8] Undefined variable: val D:\wamp\wamp64\www\jiiMarket\Application\Runtime\Cache\Admin\12cf6a5c74297688873998de0720405d.php 第 72 行.
NOTIC: [8] Undefined variable: val D:\wamp\wamp64\www\jiiMarket\Application\Runtime\Cache\Admin\12cf6a5c74297688873998de0720405d.php 第 73 行.
NOTIC: [8] Undefined variable: val D:\wamp\wamp64\www\jiiMarket\Application\Runtime\Cache\Admin\12cf6a5c74297688873998de0720405d.php 第 74 行.
NOTIC: [8] Undefined variable: val D:\wamp\wamp64\www\jiiMarket\Application\Runtime\Cache\Admin\12cf6a5c74297688873998de0720405d.php 第 72 行.
NOTIC: [8] Undefined variable: val D:\wamp\wamp64\www\jiiMarket\Application\Runtime\Cache\Admin\12cf6a5c74297688873998de0720405d.php 第 73 行.
NOTIC: [8] Undefined variable: val D:\wamp\wamp64\www\jiiMarket\Application\Runtime\Cache\Admin\12cf6a5c74297688873998de0720405d.php 第 74 行.
NOTIC: [8] Undefined variable: val D:\wamp\wamp64\www\jiiMarket\Application\Runtime\Cache\Admin\12cf6a5c74297688873998de0720405d.php 第 72 行.
NOTIC: [8] Undefined variable: val D:\wamp\wamp64\www\jiiMarket\Application\Runtime\Cache\Admin\12cf6a5c74297688873998de0720405d.php 第 73 行.
NOTIC: [8] Undefined variable: val D:\wamp\wamp64\www\jiiMarket\Application\Runtime\Cache\Admin\12cf6a5c74297688873998de0720405d.php 第 74 行.
NOTIC: [8] Undefined variable: val D:\wamp\wamp64\www\jiiMarket\Application\Runtime\Cache\Admin\12cf6a5c74297688873998de0720405d.php 第 72 行.
NOTIC: [8] Undefined variable: val D:\wamp\wamp64\www\jiiMarket\Application\Runtime\Cache\Admin\12cf6a5c74297688873998de0720405d.php 第 73 行.
NOTIC: [8] Undefined variable: val D:\wamp\wamp64\www\jiiMarket\Application\Runtime\Cache\Admin\12cf6a5c74297688873998de0720405d.php 第 74 行.
NOTIC: [8] Undefined variable: val D:\wamp\wamp64\www\jiiMarket\Application\Runtime\Cache\Admin\12cf6a5c74297688873998de0720405d.php 第 72 行.
NOTIC: [8] Undefined variable: val D:\wamp\wamp64\www\jiiMarket\Application\Runtime\Cache\Admin\12cf6a5c74297688873998de0720405d.php 第 73 行.
NOTIC: [8] Undefined variable: val D:\wamp\wamp64\www\jiiMarket\Application\Runtime\Cache\Admin\12cf6a5c74297688873998de0720405d.php 第 74 行.
NOTIC: [8] Undefined variable: val D:\wamp\wamp64\www\jiiMarket\Application\Runtime\Cache\Admin\12cf6a5c74297688873998de0720405d.php 第 72 行.
NOTIC: [8] Undefined variable: val D:\wamp\wamp64\www\jiiMarket\Application\Runtime\Cache\Admin\12cf6a5c74297688873998de0720405d.php 第 73 行.
NOTIC: [8] Undefined variable: val D:\wamp\wamp64\www\jiiMarket\Application\Runtime\Cache\Admin\12cf6a5c74297688873998de0720405d.php 第 74 行.
NOTIC: [8] Undefined variable: val D:\wamp\wamp64\www\jiiMarket\Application\Runtime\Cache\Admin\12cf6a5c74297688873998de0720405d.php 第 72 行.
NOTIC: [8] Undefined variable: val D:\wamp\wamp64\www\jiiMarket\Application\Runtime\Cache\Admin\12cf6a5c74297688873998de0720405d.php 第 73 行.
NOTIC: [8] Undefined variable: val D:\wamp\wamp64\www\jiiMarket\Application\Runtime\Cache\Admin\12cf6a5c74297688873998de0720405d.php 第 74 行.
NOTIC: [8] Undefined variable: val D:\wamp\wamp64\www\jiiMarket\Application\Runtime\Cache\Admin\12cf6a5c74297688873998de0720405d.php 第 72 行.
NOTIC: [8] Undefined variable: val D:\wamp\wamp64\www\jiiMarket\Application\Runtime\Cache\Admin\12cf6a5c74297688873998de0720405d.php 第 73 行.
NOTIC: [8] Undefined variable: val D:\wamp\wamp64\www\jiiMarket\Application\Runtime\Cache\Admin\12cf6a5c74297688873998de0720405d.php 第 74 行.
NOTIC: [8] Undefined variable: val D:\wamp\wamp64\www\jiiMarket\Application\Runtime\Cache\Admin\12cf6a5c74297688873998de0720405d.php 第 72 行.
NOTIC: [8] Undefined variable: val D:\wamp\wamp64\www\jiiMarket\Application\Runtime\Cache\Admin\12cf6a5c74297688873998de0720405d.php 第 73 行.
NOTIC: [8] Undefined variable: val D:\wamp\wamp64\www\jiiMarket\Application\Runtime\Cache\Admin\12cf6a5c74297688873998de0720405d.php 第 74 行.
NOTIC: [8] Undefined variable: val D:\wamp\wamp64\www\jiiMarket\Application\Runtime\Cache\Admin\12cf6a5c74297688873998de0720405d.php 第 72 行.
NOTIC: [8] Undefined variable: val D:\wamp\wamp64\www\jiiMarket\Application\Runtime\Cache\Admin\12cf6a5c74297688873998de0720405d.php 第 73 行.
NOTIC: [8] Undefined variable: val D:\wamp\wamp64\www\jiiMarket\Application\Runtime\Cache\Admin\12cf6a5c74297688873998de0720405d.php 第 74 行.
NOTIC: [8] Undefined variable: val D:\wamp\wamp64\www\jiiMarket\Application\Runtime\Cache\Admin\12cf6a5c74297688873998de0720405d.php 第 72 行.
NOTIC: [8] Undefined variable: val D:\wamp\wamp64\www\jiiMarket\Application\Runtime\Cache\Admin\12cf6a5c74297688873998de0720405d.php 第 73 行.
NOTIC: [8] Undefined variable: val D:\wamp\wamp64\www\jiiMarket\Application\Runtime\Cache\Admin\12cf6a5c74297688873998de0720405d.php 第 74 行.
INFO: Run Behavior\ParseTemplateBehavior [ RunTime:0.023515s ]
INFO: [ view_parse ] --END-- [ RunTime:0.023646s ]
INFO: [ view_filter ] --START--
INFO: Run Behavior\WriteHtmlCacheBehavior [ RunTime:0.000547s ]
INFO: [ view_filter ] --END-- [ RunTime:0.000671s ]
INFO: [ app_end ] --START--
INFO: Run Behavior\ShowPageTraceBehavior [ RunTime:0.000615s ]
INFO: [ app_end ] --END-- [ RunTime:0.000725s ]

[ 2018-03-26T18:31:30+08:00 ] 127.0.0.1 /index.php/Admin/Goods/goods_number/id/1.html
INFO: [ app_init ] --START--
INFO: Run Behavior\BuildLiteBehavior [ RunTime:0.000024s ]
INFO: [ app_init ] --END-- [ RunTime:0.000507s ]
INFO: [ app_begin ] --START--
INFO: Run Behavior\ReadHtmlCacheBehavior [ RunTime:0.000615s ]
INFO: [ app_begin ] --END-- [ RunTime:0.000735s ]
SQL: SHOW COLUMNS FROM `jii_goods_number` [ RunTime:0.0006s ]
SQL: SHOW COLUMNS FROM `jii_goods_attr` [ RunTime:0.0005s ]
SQL: SELECT a.*,b.attr_name,b.attr_type,b.attr_option_values,b.type_id FROM jii_goods_attr a LEFT JOIN jii_attribute b ON a.attr_id=b.id  WHERE a.goods_id = '1' AND b.attr_type = '2'  [ RunTime:0.0004s ]
SQL: SELECT * FROM `jii_goods_number` WHERE `goods_id` = '1'  [ RunTime:0.0005s ]
INFO: [ view_parse ] --START--
INFO: [ template_filter ] --START--
INFO: Run Behavior\ContentReplaceBehavior [ RunTime:0.000099s ]
INFO: [ template_filter ] --END-- [ RunTime:0.000221s ]
INFO: Run Behavior\ParseTemplateBehavior [ RunTime:0.011406s ]
INFO: [ view_parse ] --END-- [ RunTime:0.011561s ]
INFO: [ view_filter ] --START--
INFO: Run Behavior\WriteHtmlCacheBehavior [ RunTime:0.000486s ]
INFO: [ view_filter ] --END-- [ RunTime:0.000617s ]
INFO: [ app_end ] --START--
INFO: Run Behavior\ShowPageTraceBehavior [ RunTime:0.000559s ]
INFO: [ app_end ] --END-- [ RunTime:0.000668s ]

