[ 2018-03-27T08:37:25+08:00 ] 127.0.0.1 /index.php/admin/brand/add
INFO: [ app_init ] --START--
INFO: Run Behavior\BuildLiteBehavior [ RunTime:0.000024s ]
INFO: [ app_init ] --END-- [ RunTime:0.000466s ]
INFO: [ app_begin ] --START--
INFO: Run Behavior\ReadHtmlCacheBehavior [ RunTime:0.000664s ]
INFO: [ app_begin ] --END-- [ RunTime:0.000846s ]
SQL: SHOW COLUMNS FROM `jii_brand` [ RunTime:0.0014s ]
INFO: [ view_parse ] --START--
INFO: [ template_filter ] --START--
INFO: Run Behavior\ContentReplaceBehavior [ RunTime:0.000865s ]
INFO: [ template_filter ] --END-- [ RunTime:0.000995s ]
INFO: Run Behavior\ParseTemplateBehavior [ RunTime:0.013119s ]
INFO: [ view_parse ] --END-- [ RunTime:0.013265s ]
INFO: [ view_filter ] --START--
INFO: Run Behavior\WriteHtmlCacheBehavior [ RunTime:0.000859s ]
INFO: [ view_filter ] --END-- [ RunTime:0.001008s ]
INFO: [ app_end ] --START--
INFO: Run Behavior\ShowPageTraceBehavior [ RunTime:0.000561s ]
INFO: [ app_end ] --END-- [ RunTime:0.000693s ]

[ 2018-03-27T08:37:29+08:00 ] 127.0.0.1 /index.php/admin/index/index
INFO: [ app_init ] --START--
INFO: Run Behavior\BuildLiteBehavior [ RunTime:0.000024s ]
INFO: [ app_init ] --END-- [ RunTime:0.000454s ]
INFO: [ app_begin ] --START--
INFO: Run Behavior\ReadHtmlCacheBehavior [ RunTime:0.000469s ]
INFO: [ app_begin ] --END-- [ RunTime:0.000581s ]
INFO: [ view_parse ] --START--
INFO: [ template_filter ] --START--
INFO: Run Behavior\ContentReplaceBehavior [ RunTime:0.000123s ]
INFO: [ template_filter ] --END-- [ RunTime:0.000398s ]
INFO: Run Behavior\ParseTemplateBehavior [ RunTime:0.007596s ]
INFO: [ view_parse ] --END-- [ RunTime:0.007728s ]
INFO: [ view_filter ] --START--
INFO: Run Behavior\WriteHtmlCacheBehavior [ RunTime:0.000454s ]
INFO: [ view_filter ] --END-- [ RunTime:0.000559s ]
INFO: [ app_end ] --START--
INFO: Run Behavior\ShowPageTraceBehavior [ RunTime:0.000514s ]
INFO: [ app_end ] --END-- [ RunTime:0.000633s ]

[ 2018-03-27T08:37:29+08:00 ] 127.0.0.1 /index.php/admin/index/menu.html
INFO: [ app_init ] --START--
INFO: Run Behavior\BuildLiteBehavior [ RunTime:0.000025s ]
INFO: [ app_init ] --END-- [ RunTime:0.000471s ]
INFO: [ app_begin ] --START--
INFO: Run Behavior\ReadHtmlCacheBehavior [ RunTime:0.000492s ]
INFO: [ app_begin ] --END-- [ RunTime:0.000611s ]
INFO: [ view_parse ] --START--
INFO: [ template_filter ] --START--
INFO: Run Behavior\ContentReplaceBehavior [ RunTime:0.000110s ]
INFO: [ template_filter ] --END-- [ RunTime:0.000225s ]
INFO: Run Behavior\ParseTemplateBehavior [ RunTime:0.008710s ]
INFO: [ view_parse ] --END-- [ RunTime:0.008827s ]
INFO: [ view_filter ] --START--
INFO: Run Behavior\WriteHtmlCacheBehavior [ RunTime:0.000400s ]
INFO: [ view_filter ] --END-- [ RunTime:0.000504s ]
INFO: [ app_end ] --START--
INFO: Run Behavior\ShowPageTraceBehavior [ RunTime:0.000509s ]
INFO: [ app_end ] --END-- [ RunTime:0.000633s ]

[ 2018-03-27T08:37:29+08:00 ] 127.0.0.1 /index.php/admin/index/top.html
INFO: [ app_init ] --START--
INFO: Run Behavior\BuildLiteBehavior [ RunTime:0.000025s ]
INFO: [ app_init ] --END-- [ RunTime:0.000504s ]
INFO: [ app_begin ] --START--
INFO: Run Behavior\ReadHtmlCacheBehavior [ RunTime:0.000479s ]
INFO: [ app_begin ] --END-- [ RunTime:0.000625s ]
INFO: [ view_parse ] --START--
INFO: [ template_filter ] --START--
INFO: Run Behavior\ContentReplaceBehavior [ RunTime:0.000080s ]
INFO: [ template_filter ] --END-- [ RunTime:0.000206s ]
INFO: Run Behavior\ParseTemplateBehavior [ RunTime:0.009007s ]
INFO: [ view_parse ] --END-- [ RunTime:0.009192s ]
INFO: [ view_filter ] --START--
INFO: Run Behavior\WriteHtmlCacheBehavior [ RunTime:0.000513s ]
INFO: [ view_filter ] --END-- [ RunTime:0.000623s ]
INFO: [ app_end ] --START--
INFO: Run Behavior\ShowPageTraceBehavior [ RunTime:0.000519s ]
INFO: [ app_end ] --END-- [ RunTime:0.000633s ]

[ 2018-03-27T08:37:29+08:00 ] 127.0.0.1 /index.php/admin/index/main.html
INFO: [ app_init ] --START--
INFO: Run Behavior\BuildLiteBehavior [ RunTime:0.000024s ]
INFO: [ app_init ] --END-- [ RunTime:0.000497s ]
INFO: [ app_begin ] --START--
INFO: Run Behavior\ReadHtmlCacheBehavior [ RunTime:0.000575s ]
INFO: [ app_begin ] --END-- [ RunTime:0.000686s ]
INFO: [ view_parse ] --START--
INFO: [ template_filter ] --START--
INFO: Run Behavior\ContentReplaceBehavior [ RunTime:0.000081s ]
INFO: [ template_filter ] --END-- [ RunTime:0.000206s ]
INFO: Run Behavior\ParseTemplateBehavior [ RunTime:0.007637s ]
INFO: [ view_parse ] --END-- [ RunTime:0.007771s ]
INFO: [ view_filter ] --START--
INFO: Run Behavior\WriteHtmlCacheBehavior [ RunTime:0.000590s ]
INFO: [ view_filter ] --END-- [ RunTime:0.000738s ]
INFO: [ app_end ] --START--
INFO: Run Behavior\ShowPageTraceBehavior [ RunTime:0.000954s ]
INFO: [ app_end ] --END-- [ RunTime:0.001089s ]

[ 2018-03-27T08:37:30+08:00 ] 127.0.0.1 /index.php/Admin/Goods/lst.html
INFO: [ app_init ] --START--
INFO: Run Behavior\BuildLiteBehavior [ RunTime:0.000069s ]
INFO: [ app_init ] --END-- [ RunTime:0.000497s ]
INFO: [ app_begin ] --START--
INFO: Run Behavior\ReadHtmlCacheBehavior [ RunTime:0.000504s ]
INFO: [ app_begin ] --END-- [ RunTime:0.000621s ]
SQL: SHOW COLUMNS FROM `jii_goods` [ RunTime:0.0005s ]
SQL: SELECT COUNT(*) AS tp_count FROM `jii_goods` LIMIT 1   [ RunTime:0.0004s ]
SQL: SELECT a.*,b.name as brand_name,c.name as cat_name FROM jii_goods a LEFT JOIN jii_brand b ON a.brand_id=b.id
		        LEFT JOIN jii_category c ON a.cat_id=c.id  ORDER BY order_id asc LIMIT 0,15   [ RunTime:0.0028s ]
INFO: [ view_parse ] --START--
INFO: [ template_filter ] --START--
INFO: Run Behavior\ContentReplaceBehavior [ RunTime:0.000092s ]
INFO: [ template_filter ] --END-- [ RunTime:0.000210s ]
NOTIC: [8] Undefined variable: cat_list D:\wamp\wamp64\www\jiiMarket\Application\Runtime\Cache\Admin\12cf6a5c74297688873998de0720405d.php 第 26 行.
SQL: SHOW COLUMNS FROM `jii_brand` [ RunTime:0.0006s ]
SQL: SELECT `id`,`name` FROM `jii_brand`  [ RunTime:0.0002s ]
NOTIC: [8] Undefined variable: val D:\wamp\wamp64\www\jiiMarket\Application\Runtime\Cache\Admin\12cf6a5c74297688873998de0720405d.php 第 72 行.
NOTIC: [8] Undefined variable: val D:\wamp\wamp64\www\jiiMarket\Application\Runtime\Cache\Admin\12cf6a5c74297688873998de0720405d.php 第 73 行.
NOTIC: [8] Undefined variable: val D:\wamp\wamp64\www\jiiMarket\Application\Runtime\Cache\Admin\12cf6a5c74297688873998de0720405d.php 第 74 行.
NOTIC: [8] Undefined variable: val D:\wamp\wamp64\www\jiiMarket\Application\Runtime\Cache\Admin\12cf6a5c74297688873998de0720405d.php 第 72 行.
NOTIC: [8] Undefined variable: val D:\wamp\wamp64\www\jiiMarket\Application\Runtime\Cache\Admin\12cf6a5c74297688873998de0720405d.php 第 73 行.
NOTIC: [8] Undefined variable: val D:\wamp\wamp64\www\jiiMarket\Application\Runtime\Cache\Admin\12cf6a5c74297688873998de0720405d.php 第 74 行.
NOTIC: [8] Undefined variable: val D:\wamp\wamp64\www\jiiMarket\Application\Runtime\Cache\Admin\12cf6a5c74297688873998de0720405d.php 第 72 行.
NOTIC: [8] Undefined variable: val D:\wamp\wamp64\www\jiiMarket\Application\Runtime\Cache\Admin\12cf6a5c74297688873998de0720405d.php 第 73 行.
NOTIC: [8] Undefined variable: val D:\wamp\wamp64\www\jiiMarket\Application\Runtime\Cache\Admin\12cf6a5c74297688873998de0720405d.php 第 74 行.
NOTIC: [8] Undefined variable: val D:\wamp\wamp64\www\jiiMarket\Application\Runtime\Cache\Admin\12cf6a5c74297688873998de0720405d.php 第 72 行.
NOTIC: [8] Undefined variable: val D:\wamp\wamp64\www\jiiMarket\Application\Runtime\Cache\Admin\12cf6a5c74297688873998de0720405d.php 第 73 行.
NOTIC: [8] Undefined variable: val D:\wamp\wamp64\www\jiiMarket\Application\Runtime\Cache\Admin\12cf6a5c74297688873998de0720405d.php 第 74 行.
NOTIC: [8] Undefined variable: val D:\wamp\wamp64\www\jiiMarket\Application\Runtime\Cache\Admin\12cf6a5c74297688873998de0720405d.php 第 72 行.
NOTIC: [8] Undefined variable: val D:\wamp\wamp64\www\jiiMarket\Application\Runtime\Cache\Admin\12cf6a5c74297688873998de0720405d.php 第 73 行.
NOTIC: [8] Undefined variable: val D:\wamp\wamp64\www\jiiMarket\Application\Runtime\Cache\Admin\12cf6a5c74297688873998de0720405d.php 第 74 行.
NOTIC: [8] Undefined variable: val D:\wamp\wamp64\www\jiiMarket\Application\Runtime\Cache\Admin\12cf6a5c74297688873998de0720405d.php 第 72 行.
NOTIC: [8] Undefined variable: val D:\wamp\wamp64\www\jiiMarket\Application\Runtime\Cache\Admin\12cf6a5c74297688873998de0720405d.php 第 73 行.
NOTIC: [8] Undefined variable: val D:\wamp\wamp64\www\jiiMarket\Application\Runtime\Cache\Admin\12cf6a5c74297688873998de0720405d.php 第 74 行.
NOTIC: [8] Undefined variable: val D:\wamp\wamp64\www\jiiMarket\Application\Runtime\Cache\Admin\12cf6a5c74297688873998de0720405d.php 第 72 行.
NOTIC: [8] Undefined variable: val D:\wamp\wamp64\www\jiiMarket\Application\Runtime\Cache\Admin\12cf6a5c74297688873998de0720405d.php 第 73 行.
NOTIC: [8] Undefined variable: val D:\wamp\wamp64\www\jiiMarket\Application\Runtime\Cache\Admin\12cf6a5c74297688873998de0720405d.php 第 74 行.
NOTIC: [8] Undefined variable: val D:\wamp\wamp64\www\jiiMarket\Application\Runtime\Cache\Admin\12cf6a5c74297688873998de0720405d.php 第 72 行.
NOTIC: [8] Undefined variable: val D:\wamp\wamp64\www\jiiMarket\Application\Runtime\Cache\Admin\12cf6a5c74297688873998de0720405d.php 第 73 行.
NOTIC: [8] Undefined variable: val D:\wamp\wamp64\www\jiiMarket\Application\Runtime\Cache\Admin\12cf6a5c74297688873998de0720405d.php 第 74 行.
NOTIC: [8] Undefined variable: val D:\wamp\wamp64\www\jiiMarket\Application\Runtime\Cache\Admin\12cf6a5c74297688873998de0720405d.php 第 72 行.
NOTIC: [8] Undefined variable: val D:\wamp\wamp64\www\jiiMarket\Application\Runtime\Cache\Admin\12cf6a5c74297688873998de0720405d.php 第 73 行.
NOTIC: [8] Undefined variable: val D:\wamp\wamp64\www\jiiMarket\Application\Runtime\Cache\Admin\12cf6a5c74297688873998de0720405d.php 第 74 行.
NOTIC: [8] Undefined variable: val D:\wamp\wamp64\www\jiiMarket\Application\Runtime\Cache\Admin\12cf6a5c74297688873998de0720405d.php 第 72 行.
NOTIC: [8] Undefined variable: val D:\wamp\wamp64\www\jiiMarket\Application\Runtime\Cache\Admin\12cf6a5c74297688873998de0720405d.php 第 73 行.
NOTIC: [8] Undefined variable: val D:\wamp\wamp64\www\jiiMarket\Application\Runtime\Cache\Admin\12cf6a5c74297688873998de0720405d.php 第 74 行.
NOTIC: [8] Undefined variable: val D:\wamp\wamp64\www\jiiMarket\Application\Runtime\Cache\Admin\12cf6a5c74297688873998de0720405d.php 第 72 行.
NOTIC: [8] Undefined variable: val D:\wamp\wamp64\www\jiiMarket\Application\Runtime\Cache\Admin\12cf6a5c74297688873998de0720405d.php 第 73 行.
NOTIC: [8] Undefined variable: val D:\wamp\wamp64\www\jiiMarket\Application\Runtime\Cache\Admin\12cf6a5c74297688873998de0720405d.php 第 74 行.
NOTIC: [8] Undefined variable: val D:\wamp\wamp64\www\jiiMarket\Application\Runtime\Cache\Admin\12cf6a5c74297688873998de0720405d.php 第 72 行.
NOTIC: [8] Undefined variable: val D:\wamp\wamp64\www\jiiMarket\Application\Runtime\Cache\Admin\12cf6a5c74297688873998de0720405d.php 第 73 行.
NOTIC: [8] Undefined variable: val D:\wamp\wamp64\www\jiiMarket\Application\Runtime\Cache\Admin\12cf6a5c74297688873998de0720405d.php 第 74 行.
INFO: Run Behavior\ParseTemplateBehavior [ RunTime:0.019125s ]
INFO: [ view_parse ] --END-- [ RunTime:0.019236s ]
INFO: [ view_filter ] --START--
INFO: Run Behavior\WriteHtmlCacheBehavior [ RunTime:0.000451s ]
INFO: [ view_filter ] --END-- [ RunTime:0.000557s ]
INFO: [ app_end ] --START--
INFO: Run Behavior\ShowPageTraceBehavior [ RunTime:0.000721s ]
INFO: [ app_end ] --END-- [ RunTime:0.000839s ]

[ 2018-03-27T08:37:36+08:00 ] 127.0.0.1 /index.php/Admin/Goods/edit/id/1.html
INFO: [ app_init ] --START--
INFO: Run Behavior\BuildLiteBehavior [ RunTime:0.000032s ]
INFO: [ app_init ] --END-- [ RunTime:0.000511s ]
INFO: [ app_begin ] --START--
INFO: Run Behavior\ReadHtmlCacheBehavior [ RunTime:0.000559s ]
INFO: [ app_begin ] --END-- [ RunTime:0.000688s ]
SQL: SHOW COLUMNS FROM `jii_goods` [ RunTime:0.0005s ]
SQL: SELECT * FROM `jii_goods` WHERE `id` = 1 LIMIT 1   [ RunTime:0.0003s ]
SQL: SHOW COLUMNS FROM `jii_goods_img` [ RunTime:0.0003s ]
SQL: SELECT * FROM `jii_goods_img` WHERE `goods_id` = '1'  [ RunTime:0.0002s ]
SQL: SHOW COLUMNS FROM `jii_goods_desc` [ RunTime:0.0012s ]
SQL: SELECT * FROM `jii_goods_desc` WHERE `goods_id` = '1'  [ RunTime:0.0002s ]
SQL: SHOW COLUMNS FROM `jii_category` [ RunTime:0.0014s ]
SQL: SELECT * FROM `jii_category` ORDER BY order_id asc  [ RunTime:0.0003s ]
SQL: SHOW COLUMNS FROM `jii_goods_cat` [ RunTime:0.0021s ]
SQL: SELECT * FROM `jii_goods_cat` WHERE `goods_id` = '1'  [ RunTime:0.0002s ]
SQL: SHOW COLUMNS FROM `jii_attribute` [ RunTime:0.0015s ]
SQL: SELECT a.id attr_id,a.attr_name,a.attr_type,a.attr_option_values,b.id,b.attr_value FROM jii_attribute a LEFT JOIN jii_goods_attr b ON a.id=b.attr_id AND b.goods_id=1  WHERE a.type_id = '1'  [ RunTime:0.0017s ]
INFO: [ view_parse ] --START--
INFO: [ template_filter ] --START--
INFO: Run Behavior\ContentReplaceBehavior [ RunTime:0.000198s ]
INFO: [ template_filter ] --END-- [ RunTime:0.000353s ]
SQL: SHOW COLUMNS FROM `jii_brand` [ RunTime:0.0010s ]
SQL: SELECT `id`,`name` FROM `jii_brand`  [ RunTime:0.0003s ]
SQL: SHOW COLUMNS FROM `jii_type` [ RunTime:0.0039s ]
SQL: SELECT `id`,`type_name` FROM `jii_type`  [ RunTime:0.0003s ]
INFO: Run Behavior\ParseTemplateBehavior [ RunTime:0.024341s ]
INFO: [ view_parse ] --END-- [ RunTime:0.024548s ]
INFO: [ view_filter ] --START--
INFO: Run Behavior\WriteHtmlCacheBehavior [ RunTime:0.000592s ]
INFO: [ view_filter ] --END-- [ RunTime:0.000709s ]
INFO: [ app_end ] --START--
INFO: Run Behavior\ShowPageTraceBehavior [ RunTime:0.000746s ]
INFO: [ app_end ] --END-- [ RunTime:0.000868s ]

[ 2018-03-27T08:37:48+08:00 ] 127.0.0.1 /index.php/Admin/Type/lst.html
INFO: [ app_init ] --START--
INFO: Run Behavior\BuildLiteBehavior [ RunTime:0.000026s ]
INFO: [ app_init ] --END-- [ RunTime:0.000507s ]
INFO: [ app_begin ] --START--
INFO: Run Behavior\ReadHtmlCacheBehavior [ RunTime:0.000676s ]
INFO: [ app_begin ] --END-- [ RunTime:0.000797s ]
SQL: SHOW COLUMNS FROM `jii_type` [ RunTime:0.0013s ]
SQL: SELECT COUNT(*) AS tp_count FROM `jii_type` LIMIT 1   [ RunTime:0.0002s ]
SQL: SELECT * FROM `jii_type` LIMIT 0,10   [ RunTime:0.0002s ]
INFO: [ view_parse ] --START--
INFO: [ template_filter ] --START--
INFO: Run Behavior\ContentReplaceBehavior [ RunTime:0.000093s ]
INFO: [ template_filter ] --END-- [ RunTime:0.000233s ]
INFO: Run Behavior\ParseTemplateBehavior [ RunTime:0.008537s ]
INFO: [ view_parse ] --END-- [ RunTime:0.008677s ]
INFO: [ view_filter ] --START--
INFO: Run Behavior\WriteHtmlCacheBehavior [ RunTime:0.000496s ]
INFO: [ view_filter ] --END-- [ RunTime:0.000650s ]
INFO: [ app_end ] --START--
INFO: Run Behavior\ShowPageTraceBehavior [ RunTime:0.000693s ]
INFO: [ app_end ] --END-- [ RunTime:0.000811s ]

[ 2018-03-27T08:37:50+08:00 ] 127.0.0.1 /index.php/Admin/attribute/lst/type_id/1.html
INFO: [ app_init ] --START--
INFO: Run Behavior\BuildLiteBehavior [ RunTime:0.000021s ]
INFO: [ app_init ] --END-- [ RunTime:0.000410s ]
INFO: [ app_begin ] --START--
INFO: Run Behavior\ReadHtmlCacheBehavior [ RunTime:0.000427s ]
INFO: [ app_begin ] --END-- [ RunTime:0.000531s ]
SQL: SHOW COLUMNS FROM `jii_attribute` [ RunTime:0.0024s ]
SQL: SELECT COUNT(*) AS tp_count FROM `jii_attribute` WHERE `type_id` = '1' LIMIT 1   [ RunTime:0.0004s ]
SQL: SELECT a.*,b.type_name FROM jii_attribute a LEFT JOIN jii_type b ON a.type_id=b.id  WHERE `type_id` = '1' LIMIT 0,10   [ RunTime:0.0022s ]
INFO: [ view_parse ] --START--
INFO: [ template_filter ] --START--
INFO: Run Behavior\ContentReplaceBehavior [ RunTime:0.000089s ]
INFO: [ template_filter ] --END-- [ RunTime:0.000231s ]
SQL: SHOW COLUMNS FROM `jii_type` [ RunTime:0.0008s ]
SQL: SELECT `id`,`type_name` FROM `jii_type`  [ RunTime:0.0002s ]
INFO: Run Behavior\ParseTemplateBehavior [ RunTime:0.013956s ]
INFO: [ view_parse ] --END-- [ RunTime:0.014107s ]
INFO: [ view_filter ] --START--
INFO: Run Behavior\WriteHtmlCacheBehavior [ RunTime:0.000584s ]
INFO: [ view_filter ] --END-- [ RunTime:0.000721s ]
INFO: [ app_end ] --START--
INFO: Run Behavior\ShowPageTraceBehavior [ RunTime:0.001131s ]
INFO: [ app_end ] --END-- [ RunTime:0.001355s ]

[ 2018-03-27T08:37:57+08:00 ] 127.0.0.1 /index.php/Admin/Attribute/add/type_id/1.html
INFO: [ app_init ] --START--
INFO: Run Behavior\BuildLiteBehavior [ RunTime:0.000024s ]
INFO: [ app_init ] --END-- [ RunTime:0.000438s ]
INFO: [ app_begin ] --START--
INFO: Run Behavior\ReadHtmlCacheBehavior [ RunTime:0.000517s ]
INFO: [ app_begin ] --END-- [ RunTime:0.000643s ]
SQL: SHOW COLUMNS FROM `jii_attribute` [ RunTime:0.0005s ]
INFO: [ view_parse ] --START--
INFO: [ template_filter ] --START--
INFO: Run Behavior\ContentReplaceBehavior [ RunTime:0.000087s ]
INFO: [ template_filter ] --END-- [ RunTime:0.000210s ]
SQL: SHOW COLUMNS FROM `jii_type` [ RunTime:0.0015s ]
SQL: SELECT `id`,`type_name` FROM `jii_type`  [ RunTime:0.0002s ]
INFO: Run Behavior\ParseTemplateBehavior [ RunTime:0.010826s ]
INFO: [ view_parse ] --END-- [ RunTime:0.010961s ]
INFO: [ view_filter ] --START--
INFO: Run Behavior\WriteHtmlCacheBehavior [ RunTime:0.000538s ]
INFO: [ view_filter ] --END-- [ RunTime:0.000661s ]
INFO: [ app_end ] --START--
INFO: Run Behavior\ShowPageTraceBehavior [ RunTime:0.000766s ]
INFO: [ app_end ] --END-- [ RunTime:0.000875s ]

[ 2018-03-27T08:38:20+08:00 ] 127.0.0.1 /index.php/Admin/Attribute/add/type_id/1.html
INFO: [ app_init ] --START--
INFO: Run Behavior\BuildLiteBehavior [ RunTime:0.000024s ]
INFO: [ app_init ] --END-- [ RunTime:0.000610s ]
INFO: [ app_begin ] --START--
INFO: Run Behavior\ReadHtmlCacheBehavior [ RunTime:0.000476s ]
INFO: [ app_begin ] --END-- [ RunTime:0.000595s ]
SQL: SHOW COLUMNS FROM `jii_attribute` [ RunTime:0.0009s ]
NOTIC: [8] Undefined index: validate D:\wamp\wamp64\www\jiiMarket\ThinkPHP\Library\Think\Model.class.php 第 1185 行.
NOTIC: [8] Undefined index: auto D:\wamp\wamp64\www\jiiMarket\ThinkPHP\Library\Think\Model.class.php 第 1128 行.
SQL: INSERT INTO `jii_attribute` (`attr_name`,`attr_type`,`attr_option_values`,`type_id`) VALUES ('规格','2','75*85*36,85*95*46','1') [ RunTime:0.0024s ]
INFO: [ view_parse ] --START--
INFO: [ template_filter ] --START--
INFO: Run Behavior\ContentReplaceBehavior [ RunTime:0.000077s ]
INFO: [ template_filter ] --END-- [ RunTime:0.000220s ]
INFO: Run Behavior\ParseTemplateBehavior [ RunTime:0.007407s ]
INFO: [ view_parse ] --END-- [ RunTime:0.007547s ]
INFO: [ view_filter ] --START--
INFO: Run Behavior\WriteHtmlCacheBehavior [ RunTime:0.000415s ]
INFO: [ view_filter ] --END-- [ RunTime:0.000540s ]
INFO: [ view_parse ] --START--
INFO: [ template_filter ] --START--
INFO: Run Behavior\ContentReplaceBehavior [ RunTime:0.000060s ]
INFO: [ template_filter ] --END-- [ RunTime:-0.004218s ]
INFO: Run Behavior\ParseTemplateBehavior [ RunTime:0.003048s ]
INFO: [ view_parse ] --END-- [ RunTime:-0.000920s ]
INFO: [ view_filter ] --START--
INFO: Run Behavior\WriteHtmlCacheBehavior [ RunTime:0.000071s ]
INFO: [ view_filter ] --END-- [ RunTime:-0.003755s ]

[ 2018-03-27T08:38:21+08:00 ] 127.0.0.1 /index.php/Admin/Attribute/lst/type_id/1.html
INFO: [ app_init ] --START--
INFO: Run Behavior\BuildLiteBehavior [ RunTime:0.000046s ]
INFO: [ app_init ] --END-- [ RunTime:0.000894s ]
INFO: [ app_begin ] --START--
INFO: Run Behavior\ReadHtmlCacheBehavior [ RunTime:0.000951s ]
INFO: [ app_begin ] --END-- [ RunTime:0.001180s ]
SQL: SHOW COLUMNS FROM `jii_attribute` [ RunTime:0.0008s ]
SQL: SELECT COUNT(*) AS tp_count FROM `jii_attribute` WHERE `type_id` = '1' LIMIT 1   [ RunTime:0.0004s ]
SQL: SELECT a.*,b.type_name FROM jii_attribute a LEFT JOIN jii_type b ON a.type_id=b.id  WHERE `type_id` = '1' LIMIT 0,10   [ RunTime:0.0022s ]
INFO: [ view_parse ] --START--
INFO: [ template_filter ] --START--
INFO: Run Behavior\ContentReplaceBehavior [ RunTime:0.000094s ]
INFO: [ template_filter ] --END-- [ RunTime:0.000221s ]
SQL: SHOW COLUMNS FROM `jii_type` [ RunTime:0.0008s ]
SQL: SELECT `id`,`type_name` FROM `jii_type`  [ RunTime:0.0002s ]
INFO: Run Behavior\ParseTemplateBehavior [ RunTime:0.012879s ]
INFO: [ view_parse ] --END-- [ RunTime:0.013029s ]
INFO: [ view_filter ] --START--
INFO: Run Behavior\WriteHtmlCacheBehavior [ RunTime:0.000542s ]
INFO: [ view_filter ] --END-- [ RunTime:0.000665s ]
INFO: [ app_end ] --START--
INFO: Run Behavior\ShowPageTraceBehavior [ RunTime:0.000616s ]
INFO: [ app_end ] --END-- [ RunTime:0.000734s ]

[ 2018-03-27T08:38:25+08:00 ] 127.0.0.1 /index.php/Admin/Goods/lst.html
INFO: [ app_init ] --START--
INFO: Run Behavior\BuildLiteBehavior [ RunTime:0.000025s ]
INFO: [ app_init ] --END-- [ RunTime:0.000478s ]
INFO: [ app_begin ] --START--
INFO: Run Behavior\ReadHtmlCacheBehavior [ RunTime:0.000511s ]
INFO: [ app_begin ] --END-- [ RunTime:0.000639s ]
SQL: SHOW COLUMNS FROM `jii_goods` [ RunTime:0.0006s ]
SQL: SELECT COUNT(*) AS tp_count FROM `jii_goods` LIMIT 1   [ RunTime:0.0002s ]
SQL: SELECT a.*,b.name as brand_name,c.name as cat_name FROM jii_goods a LEFT JOIN jii_brand b ON a.brand_id=b.id
		        LEFT JOIN jii_category c ON a.cat_id=c.id  ORDER BY order_id asc LIMIT 0,15   [ RunTime:0.0029s ]
INFO: [ view_parse ] --START--
INFO: [ template_filter ] --START--
INFO: Run Behavior\ContentReplaceBehavior [ RunTime:0.000106s ]
INFO: [ template_filter ] --END-- [ RunTime:0.000227s ]
NOTIC: [8] Undefined variable: cat_list D:\wamp\wamp64\www\jiiMarket\Application\Runtime\Cache\Admin\12cf6a5c74297688873998de0720405d.php 第 26 行.
SQL: SHOW COLUMNS FROM `jii_brand` [ RunTime:0.0010s ]
SQL: SELECT `id`,`name` FROM `jii_brand`  [ RunTime:0.0004s ]
NOTIC: [8] Undefined variable: val D:\wamp\wamp64\www\jiiMarket\Application\Runtime\Cache\Admin\12cf6a5c74297688873998de0720405d.php 第 72 行.
NOTIC: [8] Undefined variable: val D:\wamp\wamp64\www\jiiMarket\Application\Runtime\Cache\Admin\12cf6a5c74297688873998de0720405d.php 第 73 行.
NOTIC: [8] Undefined variable: val D:\wamp\wamp64\www\jiiMarket\Application\Runtime\Cache\Admin\12cf6a5c74297688873998de0720405d.php 第 74 行.
NOTIC: [8] Undefined variable: val D:\wamp\wamp64\www\jiiMarket\Application\Runtime\Cache\Admin\12cf6a5c74297688873998de0720405d.php 第 72 行.
NOTIC: [8] Undefined variable: val D:\wamp\wamp64\www\jiiMarket\Application\Runtime\Cache\Admin\12cf6a5c74297688873998de0720405d.php 第 73 行.
NOTIC: [8] Undefined variable: val D:\wamp\wamp64\www\jiiMarket\Application\Runtime\Cache\Admin\12cf6a5c74297688873998de0720405d.php 第 74 行.
NOTIC: [8] Undefined variable: val D:\wamp\wamp64\www\jiiMarket\Application\Runtime\Cache\Admin\12cf6a5c74297688873998de0720405d.php 第 72 行.
NOTIC: [8] Undefined variable: val D:\wamp\wamp64\www\jiiMarket\Application\Runtime\Cache\Admin\12cf6a5c74297688873998de0720405d.php 第 73 行.
NOTIC: [8] Undefined variable: val D:\wamp\wamp64\www\jiiMarket\Application\Runtime\Cache\Admin\12cf6a5c74297688873998de0720405d.php 第 74 行.
NOTIC: [8] Undefined variable: val D:\wamp\wamp64\www\jiiMarket\Application\Runtime\Cache\Admin\12cf6a5c74297688873998de0720405d.php 第 72 行.
NOTIC: [8] Undefined variable: val D:\wamp\wamp64\www\jiiMarket\Application\Runtime\Cache\Admin\12cf6a5c74297688873998de0720405d.php 第 73 行.
NOTIC: [8] Undefined variable: val D:\wamp\wamp64\www\jiiMarket\Application\Runtime\Cache\Admin\12cf6a5c74297688873998de0720405d.php 第 74 行.
NOTIC: [8] Undefined variable: val D:\wamp\wamp64\www\jiiMarket\Application\Runtime\Cache\Admin\12cf6a5c74297688873998de0720405d.php 第 72 行.
NOTIC: [8] Undefined variable: val D:\wamp\wamp64\www\jiiMarket\Application\Runtime\Cache\Admin\12cf6a5c74297688873998de0720405d.php 第 73 行.
NOTIC: [8] Undefined variable: val D:\wamp\wamp64\www\jiiMarket\Application\Runtime\Cache\Admin\12cf6a5c74297688873998de0720405d.php 第 74 行.
NOTIC: [8] Undefined variable: val D:\wamp\wamp64\www\jiiMarket\Application\Runtime\Cache\Admin\12cf6a5c74297688873998de0720405d.php 第 72 行.
NOTIC: [8] Undefined variable: val D:\wamp\wamp64\www\jiiMarket\Application\Runtime\Cache\Admin\12cf6a5c74297688873998de0720405d.php 第 73 行.
NOTIC: [8] Undefined variable: val D:\wamp\wamp64\www\jiiMarket\Application\Runtime\Cache\Admin\12cf6a5c74297688873998de0720405d.php 第 74 行.
NOTIC: [8] Undefined variable: val D:\wamp\wamp64\www\jiiMarket\Application\Runtime\Cache\Admin\12cf6a5c74297688873998de0720405d.php 第 72 行.
NOTIC: [8] Undefined variable: val D:\wamp\wamp64\www\jiiMarket\Application\Runtime\Cache\Admin\12cf6a5c74297688873998de0720405d.php 第 73 行.
NOTIC: [8] Undefined variable: val D:\wamp\wamp64\www\jiiMarket\Application\Runtime\Cache\Admin\12cf6a5c74297688873998de0720405d.php 第 74 行.
NOTIC: [8] Undefined variable: val D:\wamp\wamp64\www\jiiMarket\Application\Runtime\Cache\Admin\12cf6a5c74297688873998de0720405d.php 第 72 行.
NOTIC: [8] Undefined variable: val D:\wamp\wamp64\www\jiiMarket\Application\Runtime\Cache\Admin\12cf6a5c74297688873998de0720405d.php 第 73 行.
NOTIC: [8] Undefined variable: val D:\wamp\wamp64\www\jiiMarket\Application\Runtime\Cache\Admin\12cf6a5c74297688873998de0720405d.php 第 74 行.
NOTIC: [8] Undefined variable: val D:\wamp\wamp64\www\jiiMarket\Application\Runtime\Cache\Admin\12cf6a5c74297688873998de0720405d.php 第 72 行.
NOTIC: [8] Undefined variable: val D:\wamp\wamp64\www\jiiMarket\Application\Runtime\Cache\Admin\12cf6a5c74297688873998de0720405d.php 第 73 行.
NOTIC: [8] Undefined variable: val D:\wamp\wamp64\www\jiiMarket\Application\Runtime\Cache\Admin\12cf6a5c74297688873998de0720405d.php 第 74 行.
NOTIC: [8] Undefined variable: val D:\wamp\wamp64\www\jiiMarket\Application\Runtime\Cache\Admin\12cf6a5c74297688873998de0720405d.php 第 72 行.
NOTIC: [8] Undefined variable: val D:\wamp\wamp64\www\jiiMarket\Application\Runtime\Cache\Admin\12cf6a5c74297688873998de0720405d.php 第 73 行.
NOTIC: [8] Undefined variable: val D:\wamp\wamp64\www\jiiMarket\Application\Runtime\Cache\Admin\12cf6a5c74297688873998de0720405d.php 第 74 行.
NOTIC: [8] Undefined variable: val D:\wamp\wamp64\www\jiiMarket\Application\Runtime\Cache\Admin\12cf6a5c74297688873998de0720405d.php 第 72 行.
NOTIC: [8] Undefined variable: val D:\wamp\wamp64\www\jiiMarket\Application\Runtime\Cache\Admin\12cf6a5c74297688873998de0720405d.php 第 73 行.
NOTIC: [8] Undefined variable: val D:\wamp\wamp64\www\jiiMarket\Application\Runtime\Cache\Admin\12cf6a5c74297688873998de0720405d.php 第 74 行.
NOTIC: [8] Undefined variable: val D:\wamp\wamp64\www\jiiMarket\Application\Runtime\Cache\Admin\12cf6a5c74297688873998de0720405d.php 第 72 行.
NOTIC: [8] Undefined variable: val D:\wamp\wamp64\www\jiiMarket\Application\Runtime\Cache\Admin\12cf6a5c74297688873998de0720405d.php 第 73 行.
NOTIC: [8] Undefined variable: val D:\wamp\wamp64\www\jiiMarket\Application\Runtime\Cache\Admin\12cf6a5c74297688873998de0720405d.php 第 74 行.
INFO: Run Behavior\ParseTemplateBehavior [ RunTime:0.022281s ]
INFO: [ view_parse ] --END-- [ RunTime:0.022495s ]
INFO: [ view_filter ] --START--
INFO: Run Behavior\WriteHtmlCacheBehavior [ RunTime:0.000547s ]
INFO: [ view_filter ] --END-- [ RunTime:0.000668s ]
INFO: [ app_end ] --START--
INFO: Run Behavior\ShowPageTraceBehavior [ RunTime:0.001182s ]
INFO: [ app_end ] --END-- [ RunTime:0.001396s ]

[ 2018-03-27T08:38:29+08:00 ] 127.0.0.1 /index.php/Admin/Goods/edit/id/1.html
INFO: [ app_init ] --START--
INFO: Run Behavior\BuildLiteBehavior [ RunTime:0.000021s ]
INFO: [ app_init ] --END-- [ RunTime:0.000426s ]
INFO: [ app_begin ] --START--
INFO: Run Behavior\ReadHtmlCacheBehavior [ RunTime:0.000435s ]
INFO: [ app_begin ] --END-- [ RunTime:0.000538s ]
SQL: SHOW COLUMNS FROM `jii_goods` [ RunTime:0.0010s ]
SQL: SELECT * FROM `jii_goods` WHERE `id` = 1 LIMIT 1   [ RunTime:0.0004s ]
SQL: SHOW COLUMNS FROM `jii_goods_img` [ RunTime:0.0021s ]
SQL: SELECT * FROM `jii_goods_img` WHERE `goods_id` = '1'  [ RunTime:0.0004s ]
SQL: SHOW COLUMNS FROM `jii_goods_desc` [ RunTime:0.0021s ]
SQL: SELECT * FROM `jii_goods_desc` WHERE `goods_id` = '1'  [ RunTime:0.0004s ]
SQL: SHOW COLUMNS FROM `jii_category` [ RunTime:0.0021s ]
SQL: SELECT * FROM `jii_category` ORDER BY order_id asc  [ RunTime:0.0004s ]
SQL: SHOW COLUMNS FROM `jii_goods_cat` [ RunTime:0.0022s ]
SQL: SELECT * FROM `jii_goods_cat` WHERE `goods_id` = '1'  [ RunTime:0.0003s ]
SQL: SHOW COLUMNS FROM `jii_attribute` [ RunTime:0.0008s ]
SQL: SELECT a.id attr_id,a.attr_name,a.attr_type,a.attr_option_values,b.id,b.attr_value FROM jii_attribute a LEFT JOIN jii_goods_attr b ON a.id=b.attr_id AND b.goods_id=1  WHERE a.type_id = '1'  [ RunTime:0.0007s ]
INFO: [ view_parse ] --START--
INFO: [ template_filter ] --START--
INFO: Run Behavior\ContentReplaceBehavior [ RunTime:0.000193s ]
INFO: [ template_filter ] --END-- [ RunTime:0.000303s ]
SQL: SHOW COLUMNS FROM `jii_brand` [ RunTime:0.0015s ]
SQL: SELECT `id`,`name` FROM `jii_brand`  [ RunTime:0.0002s ]
SQL: SHOW COLUMNS FROM `jii_type` [ RunTime:0.0014s ]
SQL: SELECT `id`,`type_name` FROM `jii_type`  [ RunTime:0.0003s ]
INFO: Run Behavior\ParseTemplateBehavior [ RunTime:0.018687s ]
INFO: [ view_parse ] --END-- [ RunTime:0.018826s ]
INFO: [ view_filter ] --START--
INFO: Run Behavior\WriteHtmlCacheBehavior [ RunTime:0.000763s ]
INFO: [ view_filter ] --END-- [ RunTime:0.000971s ]
INFO: [ app_end ] --START--
INFO: Run Behavior\ShowPageTraceBehavior [ RunTime:0.001157s ]
INFO: [ app_end ] --END-- [ RunTime:0.001357s ]

[ 2018-03-27T08:39:00+08:00 ] 127.0.0.1 /index.php/Admin/Goods/edit
INFO: [ app_init ] --START--
INFO: Run Behavior\BuildLiteBehavior [ RunTime:0.000025s ]
INFO: [ app_init ] --END-- [ RunTime:0.000450s ]
INFO: [ app_begin ] --START--
INFO: Run Behavior\ReadHtmlCacheBehavior [ RunTime:0.000694s ]
INFO: [ app_begin ] --END-- [ RunTime:0.000829s ]
SQL: SHOW COLUMNS FROM `jii_goods` [ RunTime:0.0006s ]
SQL: SELECT * FROM `jii_goods` WHERE `id` = 0 LIMIT 1   [ RunTime:0.0002s ]
NOTIC: [8] Undefined index: validate D:\wamp\wamp64\www\jiiMarket\ThinkPHP\Library\Think\Model.class.php 第 1185 行.
NOTIC: [8] Undefined index: auto D:\wamp\wamp64\www\jiiMarket\ThinkPHP\Library\Think\Model.class.php 第 1128 行.
NOTIC: [8] Undefined index: is_new D:\wamp\wamp64\www\jiiMarket\Application\Admin\Model\GoodsModel.class.php 第 115 行.
SQL: SHOW COLUMNS FROM `jii_goods_attr` [ RunTime:0.0005s ]
SQL: UPDATE `jii_goods_attr` SET `attr_value`='美国黑胡桃木' WHERE ( id=1 ) [ RunTime:0.0013s ]
SQL: UPDATE `jii_goods_attr` SET `attr_value`='橡木' WHERE ( id=65 ) [ RunTime:0.0012s ]
SQL: UPDATE `jii_goods_attr` SET `attr_value`='金属' WHERE ( id=66 ) [ RunTime:0.0008s ]
SQL: UPDATE `jii_goods_attr` SET `attr_value`='原木色' WHERE ( id=2 ) [ RunTime:0.0011s ]
SQL: UPDATE `jii_goods_attr` SET `attr_value`='雅灰' WHERE ( id=67 ) [ RunTime:0.0009s ]
SQL: UPDATE `jii_goods_attr` SET `attr_value`='美国黑胡桃木' WHERE ( id=3 ) [ RunTime:0.0014s ]
SQL: INSERT INTO `jii_goods_attr` (`attr_value`,`attr_id`,`goods_id`) VALUES ('75*85*36','7','1') [ RunTime:0.0011s ]
SQL: INSERT INTO `jii_goods_attr` (`attr_value`,`attr_id`,`goods_id`) VALUES ('85*95*46','7','1') [ RunTime:0.0008s ]
SQL: SHOW COLUMNS FROM `jii_goods_cat` [ RunTime:0.0015s ]
SQL: DELETE FROM `jii_goods_cat` WHERE `goods_id` = 1 [ RunTime:0.0005s ]
SQL: UPDATE `jii_goods` SET `goods_name`='Egon埃贡',`cat_id`='8',`brand_id`='2',`shop_price`='1270.00',`is_on_sale`='1',`is_hot`='1',`tag`='8.8折',`order_id`='100',`type_id`='1',`is_new`='0' WHERE `id` = 1 [ RunTime:0.0009s ]
SQL: SHOW COLUMNS FROM `jii_goods_img` [ RunTime:0.0013s ]
SQL: SHOW COLUMNS FROM `jii_goods_desc` [ RunTime:0.0013s ]
INFO: [ view_parse ] --START--
INFO: [ template_filter ] --START--
INFO: Run Behavior\ContentReplaceBehavior [ RunTime:0.000152s ]
INFO: [ template_filter ] --END-- [ RunTime:0.000457s ]
INFO: Run Behavior\ParseTemplateBehavior [ RunTime:0.010935s ]
INFO: [ view_parse ] --END-- [ RunTime:0.011083s ]
INFO: [ view_filter ] --START--
INFO: Run Behavior\WriteHtmlCacheBehavior [ RunTime:0.000497s ]
INFO: [ view_filter ] --END-- [ RunTime:0.000635s ]
INFO: [ view_parse ] --START--
INFO: [ template_filter ] --START--
INFO: Run Behavior\ContentReplaceBehavior [ RunTime:0.000058s ]
INFO: [ template_filter ] --END-- [ RunTime:-0.005425s ]
INFO: Run Behavior\ParseTemplateBehavior [ RunTime:0.002932s ]
INFO: [ view_parse ] --END-- [ RunTime:-0.001051s ]
INFO: [ view_filter ] --START--
INFO: Run Behavior\WriteHtmlCacheBehavior [ RunTime:0.000043s ]
INFO: [ view_filter ] --END-- [ RunTime:-0.003465s ]

[ 2018-03-27T08:39:01+08:00 ] 127.0.0.1 /index.php/Admin/Goods/lst.html
INFO: [ app_init ] --START--
INFO: Run Behavior\BuildLiteBehavior [ RunTime:0.000046s ]
INFO: [ app_init ] --END-- [ RunTime:0.000842s ]
INFO: [ app_begin ] --START--
INFO: Run Behavior\ReadHtmlCacheBehavior [ RunTime:0.000971s ]
INFO: [ app_begin ] --END-- [ RunTime:0.001226s ]
SQL: SHOW COLUMNS FROM `jii_goods` [ RunTime:0.0009s ]
SQL: SELECT COUNT(*) AS tp_count FROM `jii_goods` LIMIT 1   [ RunTime:0.0003s ]
SQL: SELECT a.*,b.name as brand_name,c.name as cat_name FROM jii_goods a LEFT JOIN jii_brand b ON a.brand_id=b.id
		        LEFT JOIN jii_category c ON a.cat_id=c.id  ORDER BY order_id asc LIMIT 0,15   [ RunTime:0.0044s ]
INFO: [ view_parse ] --START--
INFO: [ template_filter ] --START--
INFO: Run Behavior\ContentReplaceBehavior [ RunTime:0.000092s ]
INFO: [ template_filter ] --END-- [ RunTime:0.000212s ]
NOTIC: [8] Undefined variable: cat_list D:\wamp\wamp64\www\jiiMarket\Application\Runtime\Cache\Admin\12cf6a5c74297688873998de0720405d.php 第 26 行.
SQL: SHOW COLUMNS FROM `jii_brand` [ RunTime:0.0008s ]
SQL: SELECT `id`,`name` FROM `jii_brand`  [ RunTime:0.0003s ]
NOTIC: [8] Undefined variable: val D:\wamp\wamp64\www\jiiMarket\Application\Runtime\Cache\Admin\12cf6a5c74297688873998de0720405d.php 第 72 行.
NOTIC: [8] Undefined variable: val D:\wamp\wamp64\www\jiiMarket\Application\Runtime\Cache\Admin\12cf6a5c74297688873998de0720405d.php 第 73 行.
NOTIC: [8] Undefined variable: val D:\wamp\wamp64\www\jiiMarket\Application\Runtime\Cache\Admin\12cf6a5c74297688873998de0720405d.php 第 74 行.
NOTIC: [8] Undefined variable: val D:\wamp\wamp64\www\jiiMarket\Application\Runtime\Cache\Admin\12cf6a5c74297688873998de0720405d.php 第 72 行.
NOTIC: [8] Undefined variable: val D:\wamp\wamp64\www\jiiMarket\Application\Runtime\Cache\Admin\12cf6a5c74297688873998de0720405d.php 第 73 行.
NOTIC: [8] Undefined variable: val D:\wamp\wamp64\www\jiiMarket\Application\Runtime\Cache\Admin\12cf6a5c74297688873998de0720405d.php 第 74 行.
NOTIC: [8] Undefined variable: val D:\wamp\wamp64\www\jiiMarket\Application\Runtime\Cache\Admin\12cf6a5c74297688873998de0720405d.php 第 72 行.
NOTIC: [8] Undefined variable: val D:\wamp\wamp64\www\jiiMarket\Application\Runtime\Cache\Admin\12cf6a5c74297688873998de0720405d.php 第 73 行.
NOTIC: [8] Undefined variable: val D:\wamp\wamp64\www\jiiMarket\Application\Runtime\Cache\Admin\12cf6a5c74297688873998de0720405d.php 第 74 行.
NOTIC: [8] Undefined variable: val D:\wamp\wamp64\www\jiiMarket\Application\Runtime\Cache\Admin\12cf6a5c74297688873998de0720405d.php 第 72 行.
NOTIC: [8] Undefined variable: val D:\wamp\wamp64\www\jiiMarket\Application\Runtime\Cache\Admin\12cf6a5c74297688873998de0720405d.php 第 73 行.
NOTIC: [8] Undefined variable: val D:\wamp\wamp64\www\jiiMarket\Application\Runtime\Cache\Admin\12cf6a5c74297688873998de0720405d.php 第 74 行.
NOTIC: [8] Undefined variable: val D:\wamp\wamp64\www\jiiMarket\Application\Runtime\Cache\Admin\12cf6a5c74297688873998de0720405d.php 第 72 行.
NOTIC: [8] Undefined variable: val D:\wamp\wamp64\www\jiiMarket\Application\Runtime\Cache\Admin\12cf6a5c74297688873998de0720405d.php 第 73 行.
NOTIC: [8] Undefined variable: val D:\wamp\wamp64\www\jiiMarket\Application\Runtime\Cache\Admin\12cf6a5c74297688873998de0720405d.php 第 74 行.
NOTIC: [8] Undefined variable: val D:\wamp\wamp64\www\jiiMarket\Application\Runtime\Cache\Admin\12cf6a5c74297688873998de0720405d.php 第 72 行.
NOTIC: [8] Undefined variable: val D:\wamp\wamp64\www\jiiMarket\Application\Runtime\Cache\Admin\12cf6a5c74297688873998de0720405d.php 第 73 行.
NOTIC: [8] Undefined variable: val D:\wamp\wamp64\www\jiiMarket\Application\Runtime\Cache\Admin\12cf6a5c74297688873998de0720405d.php 第 74 行.
NOTIC: [8] Undefined variable: val D:\wamp\wamp64\www\jiiMarket\Application\Runtime\Cache\Admin\12cf6a5c74297688873998de0720405d.php 第 72 行.
NOTIC: [8] Undefined variable: val D:\wamp\wamp64\www\jiiMarket\Application\Runtime\Cache\Admin\12cf6a5c74297688873998de0720405d.php 第 73 行.
NOTIC: [8] Undefined variable: val D:\wamp\wamp64\www\jiiMarket\Application\Runtime\Cache\Admin\12cf6a5c74297688873998de0720405d.php 第 74 行.
NOTIC: [8] Undefined variable: val D:\wamp\wamp64\www\jiiMarket\Application\Runtime\Cache\Admin\12cf6a5c74297688873998de0720405d.php 第 72 行.
NOTIC: [8] Undefined variable: val D:\wamp\wamp64\www\jiiMarket\Application\Runtime\Cache\Admin\12cf6a5c74297688873998de0720405d.php 第 73 行.
NOTIC: [8] Undefined variable: val D:\wamp\wamp64\www\jiiMarket\Application\Runtime\Cache\Admin\12cf6a5c74297688873998de0720405d.php 第 74 行.
NOTIC: [8] Undefined variable: val D:\wamp\wamp64\www\jiiMarket\Application\Runtime\Cache\Admin\12cf6a5c74297688873998de0720405d.php 第 72 行.
NOTIC: [8] Undefined variable: val D:\wamp\wamp64\www\jiiMarket\Application\Runtime\Cache\Admin\12cf6a5c74297688873998de0720405d.php 第 73 行.
NOTIC: [8] Undefined variable: val D:\wamp\wamp64\www\jiiMarket\Application\Runtime\Cache\Admin\12cf6a5c74297688873998de0720405d.php 第 74 行.
NOTIC: [8] Undefined variable: val D:\wamp\wamp64\www\jiiMarket\Application\Runtime\Cache\Admin\12cf6a5c74297688873998de0720405d.php 第 72 行.
NOTIC: [8] Undefined variable: val D:\wamp\wamp64\www\jiiMarket\Application\Runtime\Cache\Admin\12cf6a5c74297688873998de0720405d.php 第 73 行.
NOTIC: [8] Undefined variable: val D:\wamp\wamp64\www\jiiMarket\Application\Runtime\Cache\Admin\12cf6a5c74297688873998de0720405d.php 第 74 行.
NOTIC: [8] Undefined variable: val D:\wamp\wamp64\www\jiiMarket\Application\Runtime\Cache\Admin\12cf6a5c74297688873998de0720405d.php 第 72 行.
NOTIC: [8] Undefined variable: val D:\wamp\wamp64\www\jiiMarket\Application\Runtime\Cache\Admin\12cf6a5c74297688873998de0720405d.php 第 73 行.
NOTIC: [8] Undefined variable: val D:\wamp\wamp64\www\jiiMarket\Application\Runtime\Cache\Admin\12cf6a5c74297688873998de0720405d.php 第 74 行.
NOTIC: [8] Undefined variable: val D:\wamp\wamp64\www\jiiMarket\Application\Runtime\Cache\Admin\12cf6a5c74297688873998de0720405d.php 第 72 行.
NOTIC: [8] Undefined variable: val D:\wamp\wamp64\www\jiiMarket\Application\Runtime\Cache\Admin\12cf6a5c74297688873998de0720405d.php 第 73 行.
NOTIC: [8] Undefined variable: val D:\wamp\wamp64\www\jiiMarket\Application\Runtime\Cache\Admin\12cf6a5c74297688873998de0720405d.php 第 74 行.
INFO: Run Behavior\ParseTemplateBehavior [ RunTime:0.030571s ]
INFO: [ view_parse ] --END-- [ RunTime:0.030782s ]
INFO: [ view_filter ] --START--
INFO: Run Behavior\WriteHtmlCacheBehavior [ RunTime:0.000727s ]
INFO: [ view_filter ] --END-- [ RunTime:0.000882s ]
INFO: [ app_end ] --START--
INFO: Run Behavior\ShowPageTraceBehavior [ RunTime:0.000746s ]
INFO: [ app_end ] --END-- [ RunTime:0.000884s ]

[ 2018-03-27T08:39:05+08:00 ] 127.0.0.1 /index.php/Admin/Goods/goods_number/id/1.html
INFO: [ app_init ] --START--
INFO: Run Behavior\BuildLiteBehavior [ RunTime:0.000025s ]
INFO: [ app_init ] --END-- [ RunTime:0.000453s ]
INFO: [ app_begin ] --START--
INFO: Run Behavior\ReadHtmlCacheBehavior [ RunTime:0.000467s ]
INFO: [ app_begin ] --END-- [ RunTime:0.000581s ]
SQL: SHOW COLUMNS FROM `jii_goods_number` [ RunTime:0.0005s ]
SQL: SHOW COLUMNS FROM `jii_goods_attr` [ RunTime:0.0007s ]
SQL: SELECT a.*,b.attr_name,b.attr_type,b.attr_option_values,b.type_id FROM jii_goods_attr a LEFT JOIN jii_attribute b ON a.attr_id=b.id  WHERE a.goods_id = '1' AND b.attr_type = '2'  [ RunTime:0.0005s ]
SQL: SELECT * FROM `jii_goods_number` WHERE `goods_id` = '1'  [ RunTime:0.0003s ]
INFO: [ view_parse ] --START--
INFO: [ template_filter ] --START--
INFO: Run Behavior\ContentReplaceBehavior [ RunTime:0.000096s ]
INFO: [ template_filter ] --END-- [ RunTime:0.000216s ]
NOTIC: [8] Undefined variable: id D:\wamp\wamp64\www\jiiMarket\Application\Runtime\Cache\Admin\2748f9ade8e602b7f92c24038866ded6.php 第 61 行.
NOTIC: [8] Undefined variable: goodsPri D:\wamp\wamp64\www\jiiMarket\Application\Runtime\Cache\Admin\2748f9ade8e602b7f92c24038866ded6.php 第 62 行.
NOTIC: [8] Undefined variable: goodsNum D:\wamp\wamp64\www\jiiMarket\Application\Runtime\Cache\Admin\2748f9ade8e602b7f92c24038866ded6.php 第 63 行.
NOTIC: [8] Undefined variable: goodsImg D:\wamp\wamp64\www\jiiMarket\Application\Runtime\Cache\Admin\2748f9ade8e602b7f92c24038866ded6.php 第 64 行.
NOTIC: [8] Undefined variable: id D:\wamp\wamp64\www\jiiMarket\Application\Runtime\Cache\Admin\2748f9ade8e602b7f92c24038866ded6.php 第 61 行.
NOTIC: [8] Undefined variable: goodsImg D:\wamp\wamp64\www\jiiMarket\Application\Runtime\Cache\Admin\2748f9ade8e602b7f92c24038866ded6.php 第 64 行.
NOTIC: [8] Undefined variable: id D:\wamp\wamp64\www\jiiMarket\Application\Runtime\Cache\Admin\2748f9ade8e602b7f92c24038866ded6.php 第 61 行.
NOTIC: [8] Undefined variable: goodsImg D:\wamp\wamp64\www\jiiMarket\Application\Runtime\Cache\Admin\2748f9ade8e602b7f92c24038866ded6.php 第 64 行.
NOTIC: [8] Undefined variable: id D:\wamp\wamp64\www\jiiMarket\Application\Runtime\Cache\Admin\2748f9ade8e602b7f92c24038866ded6.php 第 61 行.
NOTIC: [8] Undefined variable: goodsImg D:\wamp\wamp64\www\jiiMarket\Application\Runtime\Cache\Admin\2748f9ade8e602b7f92c24038866ded6.php 第 64 行.
NOTIC: [8] Undefined variable: id D:\wamp\wamp64\www\jiiMarket\Application\Runtime\Cache\Admin\2748f9ade8e602b7f92c24038866ded6.php 第 61 行.
NOTIC: [8] Undefined variable: goodsImg D:\wamp\wamp64\www\jiiMarket\Application\Runtime\Cache\Admin\2748f9ade8e602b7f92c24038866ded6.php 第 64 行.
NOTIC: [8] Undefined variable: id D:\wamp\wamp64\www\jiiMarket\Application\Runtime\Cache\Admin\2748f9ade8e602b7f92c24038866ded6.php 第 61 行.
NOTIC: [8] Undefined variable: goodsImg D:\wamp\wamp64\www\jiiMarket\Application\Runtime\Cache\Admin\2748f9ade8e602b7f92c24038866ded6.php 第 64 行.
NOTIC: [8] Undefined variable: id D:\wamp\wamp64\www\jiiMarket\Application\Runtime\Cache\Admin\2748f9ade8e602b7f92c24038866ded6.php 第 61 行.
NOTIC: [8] Undefined variable: goodsImg D:\wamp\wamp64\www\jiiMarket\Application\Runtime\Cache\Admin\2748f9ade8e602b7f92c24038866ded6.php 第 64 行.
NOTIC: [8] Undefined variable: id D:\wamp\wamp64\www\jiiMarket\Application\Runtime\Cache\Admin\2748f9ade8e602b7f92c24038866ded6.php 第 61 行.
NOTIC: [8] Undefined variable: goodsImg D:\wamp\wamp64\www\jiiMarket\Application\Runtime\Cache\Admin\2748f9ade8e602b7f92c24038866ded6.php 第 64 行.
NOTIC: [8] Undefined variable: id D:\wamp\wamp64\www\jiiMarket\Application\Runtime\Cache\Admin\2748f9ade8e602b7f92c24038866ded6.php 第 61 行.
NOTIC: [8] Undefined variable: goodsImg D:\wamp\wamp64\www\jiiMarket\Application\Runtime\Cache\Admin\2748f9ade8e602b7f92c24038866ded6.php 第 64 行.
NOTIC: [8] Undefined variable: id D:\wamp\wamp64\www\jiiMarket\Application\Runtime\Cache\Admin\2748f9ade8e602b7f92c24038866ded6.php 第 61 行.
NOTIC: [8] Undefined variable: goodsImg D:\wamp\wamp64\www\jiiMarket\Application\Runtime\Cache\Admin\2748f9ade8e602b7f92c24038866ded6.php 第 64 行.
NOTIC: [8] Undefined variable: id D:\wamp\wamp64\www\jiiMarket\Application\Runtime\Cache\Admin\2748f9ade8e602b7f92c24038866ded6.php 第 61 行.
NOTIC: [8] Undefined variable: goodsImg D:\wamp\wamp64\www\jiiMarket\Application\Runtime\Cache\Admin\2748f9ade8e602b7f92c24038866ded6.php 第 64 行.
NOTIC: [8] Undefined variable: id D:\wamp\wamp64\www\jiiMarket\Application\Runtime\Cache\Admin\2748f9ade8e602b7f92c24038866ded6.php 第 61 行.
NOTIC: [8] Undefined variable: goodsImg D:\wamp\wamp64\www\jiiMarket\Application\Runtime\Cache\Admin\2748f9ade8e602b7f92c24038866ded6.php 第 64 行.
INFO: Run Behavior\ParseTemplateBehavior [ RunTime:0.012200s ]
INFO: [ view_parse ] --END-- [ RunTime:0.012329s ]
INFO: [ view_filter ] --START--
INFO: Run Behavior\WriteHtmlCacheBehavior [ RunTime:0.000466s ]
INFO: [ view_filter ] --END-- [ RunTime:0.000605s ]
INFO: [ app_end ] --START--
INFO: Run Behavior\ShowPageTraceBehavior [ RunTime:0.000792s ]
INFO: [ app_end ] --END-- [ RunTime:0.000946s ]

[ 2018-03-27T08:41:22+08:00 ] 127.0.0.1 /index.php/Admin/Goods/goods_number/id/1.html
INFO: [ app_init ] --START--
INFO: Run Behavior\BuildLiteBehavior [ RunTime:0.000023s ]
INFO: [ app_init ] --END-- [ RunTime:0.000496s ]
INFO: [ app_begin ] --START--
INFO: Run Behavior\ReadHtmlCacheBehavior [ RunTime:0.000536s ]
INFO: [ app_begin ] --END-- [ RunTime:0.000649s ]
SQL: SHOW COLUMNS FROM `jii_goods_number` [ RunTime:0.0009s ]
SQL: SHOW COLUMNS FROM `jii_goods_attr` [ RunTime:0.0008s ]
SQL: SELECT a.*,b.attr_name,b.attr_type,b.attr_option_values,b.type_id FROM jii_goods_attr a LEFT JOIN jii_attribute b ON a.attr_id=b.id  WHERE a.goods_id = '1' AND b.attr_type = '2'  [ RunTime:0.0007s ]
SQL: INSERT INTO `jii_goods_number` (`goods_id`,`goods_attr_id`,`goods_number`,`goods_price`) VALUES ('1','1,2,68','45','1237') [ RunTime:0.0011s ]
SQL: INSERT INTO `jii_goods_number` (`goods_id`,`goods_attr_id`,`goods_number`,`goods_price`) VALUES ('1','1,2,69','0','1238') [ RunTime:0.0010s ]
SQL: INSERT INTO `jii_goods_number` (`goods_id`,`goods_attr_id`,`goods_number`,`goods_price`) VALUES ('1','1,67,68','65','1239') [ RunTime:0.0012s ]
SQL: INSERT INTO `jii_goods_number` (`goods_id`,`goods_attr_id`,`goods_number`,`goods_price`) VALUES ('1','1,67,69','7','1240') [ RunTime:0.0008s ]
SQL: INSERT INTO `jii_goods_number` (`goods_id`,`goods_attr_id`,`goods_number`,`goods_price`) VALUES ('1','2,65,68','0','1241') [ RunTime:0.0011s ]
SQL: INSERT INTO `jii_goods_number` (`goods_id`,`goods_attr_id`,`goods_number`,`goods_price`) VALUES ('1','2,65,69','5','1243') [ RunTime:0.0010s ]
SQL: INSERT INTO `jii_goods_number` (`goods_id`,`goods_attr_id`,`goods_number`,`goods_price`) VALUES ('1','65,67,68','6','1423') [ RunTime:0.0011s ]
SQL: INSERT INTO `jii_goods_number` (`goods_id`,`goods_attr_id`,`goods_number`,`goods_price`) VALUES ('1','65,67,69','0','1425') [ RunTime:0.0010s ]
SQL: INSERT INTO `jii_goods_number` (`goods_id`,`goods_attr_id`,`goods_number`,`goods_price`) VALUES ('1','2,66,68','78','1248') [ RunTime:0.0011s ]
SQL: INSERT INTO `jii_goods_number` (`goods_id`,`goods_attr_id`,`goods_number`,`goods_price`) VALUES ('1','2,66,69','45','1259') [ RunTime:0.0009s ]
SQL: INSERT INTO `jii_goods_number` (`goods_id`,`goods_attr_id`,`goods_number`,`goods_price`) VALUES ('1','66,67,68','0','1237') [ RunTime:0.0009s ]
SQL: INSERT INTO `jii_goods_number` (`goods_id`,`goods_attr_id`,`goods_number`,`goods_price`) VALUES ('1','66,67,69','4','1486') [ RunTime:0.0010s ]
SQL: SELECT * FROM `jii_goods_number` WHERE `goods_id` = '1'  [ RunTime:0.0004s ]
INFO: [ view_parse ] --START--
INFO: [ template_filter ] --START--
INFO: Run Behavior\ContentReplaceBehavior [ RunTime:0.000094s ]
INFO: [ template_filter ] --END-- [ RunTime:0.000209s ]
INFO: Run Behavior\ParseTemplateBehavior [ RunTime:0.010251s ]
INFO: [ view_parse ] --END-- [ RunTime:0.010390s ]
INFO: [ view_filter ] --START--
INFO: Run Behavior\WriteHtmlCacheBehavior [ RunTime:0.000440s ]
INFO: [ view_filter ] --END-- [ RunTime:0.000570s ]
INFO: [ app_end ] --START--
INFO: Run Behavior\ShowPageTraceBehavior [ RunTime:0.000648s ]
INFO: [ app_end ] --END-- [ RunTime:0.000760s ]

[ 2018-03-27T09:00:32+08:00 ] 127.0.0.1 /index.php/Admin/Goods/goods_number/id/1.html
INFO: [ app_init ] --START--
INFO: Run Behavior\BuildLiteBehavior [ RunTime:0.000023s ]
INFO: [ app_init ] --END-- [ RunTime:0.000486s ]
INFO: [ app_begin ] --START--
INFO: Run Behavior\ReadHtmlCacheBehavior [ RunTime:0.000558s ]
INFO: [ app_begin ] --END-- [ RunTime:0.000691s ]
SQL: SHOW COLUMNS FROM `jii_goods_number` [ RunTime:0.0005s ]
SQL: SHOW COLUMNS FROM `jii_goods_attr` [ RunTime:0.0004s ]
SQL: SELECT a.*,b.attr_name,b.attr_type,b.attr_option_values,b.type_id FROM jii_goods_attr a LEFT JOIN jii_attribute b ON a.attr_id=b.id  WHERE a.goods_id = '1' AND b.attr_type = '2'  [ RunTime:0.0003s ]
SQL: UPDATE `jii_goods_number` SET `goods_id`='1',`goods_attr_id`='1,2,68',`goods_number`='45',`goods_price`='1237' WHERE ( id=7 ) [ RunTime:0.0021s ]
SQL: UPDATE `jii_goods_number` SET `goods_id`='1',`goods_attr_id`='1,2,69',`goods_number`='0',`goods_price`='1238' WHERE ( id=8 ) [ RunTime:0.0021s ]
SQL: UPDATE `jii_goods_number` SET `goods_id`='1',`goods_attr_id`='1,67,68',`goods_number`='65',`goods_price`='1239' WHERE ( id=9 ) [ RunTime:0.0021s ]
SQL: UPDATE `jii_goods_number` SET `goods_id`='1',`goods_attr_id`='1,67,69',`goods_number`='0',`goods_price`='1240' WHERE ( id=10 ) [ RunTime:0.0020s ]
SQL: UPDATE `jii_goods_number` SET `goods_id`='1',`goods_attr_id`='2,65,68',`goods_number`='0',`goods_price`='1241' WHERE ( id=11 ) [ RunTime:0.0016s ]
SQL: UPDATE `jii_goods_number` SET `goods_id`='1',`goods_attr_id`='2,65,69',`goods_number`='5',`goods_price`='1243' WHERE ( id=12 ) [ RunTime:0.0017s ]
SQL: UPDATE `jii_goods_number` SET `goods_id`='1',`goods_attr_id`='65,67,68',`goods_number`='6',`goods_price`='1423' WHERE ( id=13 ) [ RunTime:0.0016s ]
SQL: UPDATE `jii_goods_number` SET `goods_id`='1',`goods_attr_id`='65,67,69',`goods_number`='0',`goods_price`='1425' WHERE ( id=14 ) [ RunTime:0.0015s ]
SQL: UPDATE `jii_goods_number` SET `goods_id`='1',`goods_attr_id`='2,66,68',`goods_number`='78',`goods_price`='1248' WHERE ( id=15 ) [ RunTime:0.0016s ]
SQL: UPDATE `jii_goods_number` SET `goods_id`='1',`goods_attr_id`='2,66,69',`goods_number`='45',`goods_price`='1259' WHERE ( id=16 ) [ RunTime:0.0015s ]
SQL: UPDATE `jii_goods_number` SET `goods_id`='1',`goods_attr_id`='66,67,68',`goods_number`='0',`goods_price`='1237' WHERE ( id=17 ) [ RunTime:0.0016s ]
SQL: UPDATE `jii_goods_number` SET `goods_id`='1',`goods_attr_id`='66,67,69',`goods_number`='4',`goods_price`='1486' WHERE ( id=18 ) [ RunTime:0.0016s ]
SQL: SELECT * FROM `jii_goods_number` WHERE `goods_id` = '1'  [ RunTime:0.0005s ]
INFO: [ view_parse ] --START--
INFO: [ template_filter ] --START--
INFO: Run Behavior\ContentReplaceBehavior [ RunTime:0.000092s ]
INFO: [ template_filter ] --END-- [ RunTime:0.000206s ]
INFO: Run Behavior\ParseTemplateBehavior [ RunTime:0.011301s ]
INFO: [ view_parse ] --END-- [ RunTime:0.011438s ]
INFO: [ view_filter ] --START--
INFO: Run Behavior\WriteHtmlCacheBehavior [ RunTime:0.000438s ]
INFO: [ view_filter ] --END-- [ RunTime:0.000561s ]
INFO: [ app_end ] --START--
INFO: Run Behavior\ShowPageTraceBehavior [ RunTime:0.000641s ]
INFO: [ app_end ] --END-- [ RunTime:0.000776s ]

[ 2018-03-27T09:01:08+08:00 ] 127.0.0.1 /index.php/Admin/Goods/goods_number/id/1.html
INFO: [ app_init ] --START--
INFO: Run Behavior\BuildLiteBehavior [ RunTime:0.000027s ]
INFO: [ app_init ] --END-- [ RunTime:0.000558s ]
INFO: [ app_begin ] --START--
INFO: Run Behavior\ReadHtmlCacheBehavior [ RunTime:0.000656s ]
INFO: [ app_begin ] --END-- [ RunTime:0.000805s ]
SQL: SHOW COLUMNS FROM `jii_goods_number` [ RunTime:0.0005s ]
SQL: SHOW COLUMNS FROM `jii_goods_attr` [ RunTime:0.0003s ]
SQL: SELECT a.*,b.attr_name,b.attr_type,b.attr_option_values,b.type_id FROM jii_goods_attr a LEFT JOIN jii_attribute b ON a.attr_id=b.id  WHERE a.goods_id = '1' AND b.attr_type = '2'  [ RunTime:0.0004s ]
SQL: UPDATE `jii_goods_number` SET `goods_id`='1',`goods_attr_id`='1,2,68',`goods_number`='45',`goods_price`='1237' WHERE ( id=7 ) [ RunTime:0.0021s ]
SQL: UPDATE `jii_goods_number` SET `goods_id`='1',`goods_attr_id`='1,2,69',`goods_number`='0',`goods_price`='1238' WHERE ( id=8 ) [ RunTime:0.0025s ]
SQL: UPDATE `jii_goods_number` SET `goods_id`='1',`goods_attr_id`='1,67,68',`goods_number`='65',`goods_price`='1239' WHERE ( id=9 ) [ RunTime:0.0028s ]
SQL: UPDATE `jii_goods_number` SET `goods_id`='1',`goods_attr_id`='1,67,69',`goods_number`='0',`goods_price`='1240' WHERE ( id=10 ) [ RunTime:0.0024s ]
SQL: UPDATE `jii_goods_number` SET `goods_id`='1',`goods_attr_id`='2,65,68',`goods_number`='0',`goods_price`='1241' WHERE ( id=11 ) [ RunTime:0.0028s ]
SQL: UPDATE `jii_goods_number` SET `goods_id`='1',`goods_attr_id`='2,65,69',`goods_number`='0',`goods_price`='1243' WHERE ( id=12 ) [ RunTime:0.0025s ]
SQL: UPDATE `jii_goods_number` SET `goods_id`='1',`goods_attr_id`='65,67,68',`goods_number`='6',`goods_price`='1423' WHERE ( id=13 ) [ RunTime:0.0027s ]
SQL: UPDATE `jii_goods_number` SET `goods_id`='1',`goods_attr_id`='65,67,69',`goods_number`='0',`goods_price`='1425' WHERE ( id=14 ) [ RunTime:0.0024s ]
SQL: UPDATE `jii_goods_number` SET `goods_id`='1',`goods_attr_id`='2,66,68',`goods_number`='78',`goods_price`='1248' WHERE ( id=15 ) [ RunTime:0.0025s ]
SQL: UPDATE `jii_goods_number` SET `goods_id`='1',`goods_attr_id`='2,66,69',`goods_number`='45',`goods_price`='1259' WHERE ( id=16 ) [ RunTime:0.0025s ]
SQL: UPDATE `jii_goods_number` SET `goods_id`='1',`goods_attr_id`='66,67,68',`goods_number`='0',`goods_price`='1237' WHERE ( id=17 ) [ RunTime:0.0022s ]
SQL: UPDATE `jii_goods_number` SET `goods_id`='1',`goods_attr_id`='66,67,69',`goods_number`='4',`goods_price`='1486' WHERE ( id=18 ) [ RunTime:0.0015s ]
SQL: SELECT * FROM `jii_goods_number` WHERE `goods_id` = '1'  [ RunTime:0.0003s ]
INFO: [ view_parse ] --START--
INFO: [ template_filter ] --START--
INFO: Run Behavior\ContentReplaceBehavior [ RunTime:0.000094s ]
INFO: [ template_filter ] --END-- [ RunTime:0.000213s ]
INFO: Run Behavior\ParseTemplateBehavior [ RunTime:0.011367s ]
INFO: [ view_parse ] --END-- [ RunTime:0.011488s ]
INFO: [ view_filter ] --START--
INFO: Run Behavior\WriteHtmlCacheBehavior [ RunTime:0.000414s ]
INFO: [ view_filter ] --END-- [ RunTime:0.000519s ]
INFO: [ app_end ] --START--
INFO: Run Behavior\ShowPageTraceBehavior [ RunTime:0.000615s ]
INFO: [ app_end ] --END-- [ RunTime:0.000727s ]

